[35m[Appium][39m Welcome to Appium v1.8.1
[35m[Appium][39m Non-default server args:
[35m[Appium][39m   port: 54839
[35m[Appium][39m   loglevel: info
[35m[Appium][39m   chromeDriverPort: 54841
[35m[Appium][39m   tmpDir: C:\Users\Agato\AppData\Local\Temp\\Katalon\Appium\Temp1536074078602
[35m[Appium][39m Appium REST http interface listener started on 0.0.0.0:54839
[35m[HTTP][39m [37m-->[39m [37mGET[39m [37m/wd/hub/status[39m
[35m[HTTP][39m [90m{}[39m
[35m[HTTP][39m [37m<-- GET /wd/hub/status [39m[32m200[39m [90m9 ms - 83[39m
[35m[HTTP][39m [90m[39m
[35m[HTTP][39m [37m-->[39m [37mPOST[39m [37m/wd/hub/session[39m
[35m[HTTP][39m [90m{"desiredCapabilities":{"app":"C:\\Users\\Agato\\Desktop\\agato1\\Migracion\\ApiDemosApp\\ApiDemos-debug.apk","autoGrantPermissions":true,"automationName":"uiautomator2","deviceName":"samsung SM-G920F (Android 7.0)","fullReset":true,"newCommandTimeout":1800,"noReset":false,"platform":"ANDROID","platformName":"Android","udid":"10160a0973263f03"},"capabilities":{"desiredCapabilities":{"app":"C:\\Users\\Agato\\Desktop\\agato1\\Migracion\\ApiDemosApp\\ApiDemos-debug.apk","autoGrantPermissions":true,"automationName":"uiautomator2","deviceName":"samsung SM-G920F (Android 7.0)","fullReset":true,"newCommandTimeout":1800,"noReset":false,"platform":"ANDROID","platformName":"Android","udid":"10160a0973263f03"},"firstMatch":[{"platformName":"android"}]}}[39m
[35m[Appium][39m Could not parse W3C capabilities: 'deviceName' can't be blank. Falling back to JSONWP protocol.
[35m[Appium][39m The following capabilities were provided in the JSONWP desired capabilities that are missing in W3C capabilities: ["app","autoGrantPermissions","automationName","deviceName","fullReset","newCommandTimeout","noReset","platform","platformName","udid"]. Falling back to JSONWP protocol.
[35m[Appium][39m Creating new AndroidUiautomator2Driver (v1.12.0) session
[35m[Appium][39m Capabilities:
[35m[Appium][39m   app: C:\Users\Agato\Desktop\agato1\Migracion\ApiDemosApp\ApiDemos-debug.apk
[35m[Appium][39m   autoGrantPermissions: true
[35m[Appium][39m   automationName: uiautomator2
[35m[Appium][39m   deviceName: samsung SM-G920F (Android 7.0)
[35m[Appium][39m   fullReset: true
[35m[Appium][39m   newCommandTimeout: 1800
[35m[Appium][39m   noReset: false
[35m[Appium][39m   platform: ANDROID
[35m[Appium][39m   platformName: Android
[35m[Appium][39m   udid: 10160a0973263f03
[35m[BaseDriver][39m The following capabilities were provided, but are not recognized by appium: platform.
[35m[BaseDriver][39m Session created with session id: 50e29359-a5a0-41a9-8b47-7b94bc70f20d
[35m[BaseDriver][39m Using local app 'C:\Users\Agato\Desktop\agato1\Migracion\ApiDemosApp\ApiDemos-debug.apk'
[35m[AndroidDriver][39m Java version is: 1.8.0_102
[35m[ADB][39m Checking whether adb is present
[35m[ADB][39m Found 1 'build-tools' folders under 'C:\Users\Agato\.katalon\tools\android_sdk' (newest first):
[35m[ADB][39m     C:/Users/Agato/.katalon/tools/android_sdk/build-tools/28.0.1
[35m[ADB][39m Using adb.exe from C:\Users\Agato\.katalon\tools\android_sdk\platform-tools\adb.exe
[35m[AndroidDriver][39m Retrieving device list
[35m[AndroidDriver][39m Using device: 10160a0973263f03
[35m[ADB][39m Using the alternative activity name detection method because of: Could not find apkanalyzer.bat in C:\Users\Agato\.katalon\tools\android_sdk\platform-tools\apkanalyzer.bat,C:\Users\Agato\.katalon\tools\android_sdk\emulator\apkanalyzer.bat,C:\Users\Agato\.katalon\tools\android_sdk\tools\apkanalyzer.bat,C:\Users\Agato\.katalon\tools\android_sdk\tools\bin\apkanalyzer.bat,C:\Users\Agato\.katalon\tools\android_sdk\build-tools\28.0.1\apkanalyzer.bat. Do you have the Android SDK installed at 'C:\Users\Agato\.katalon\tools\android_sdk'?
[35m[ADB][39m Checking whether aapt is present
[35m[ADB][39m Using aapt.exe from C:\Users\Agato\.katalon\tools\android_sdk\build-tools\28.0.1\aapt.exe
[35m[ADB][39m Extracting package and launch activity from manifest
[35m[ADB][39m Package name: 'io.appium.android.apis'
[35m[ADB][39m Main activity name: 'io.appium.android.apis.ApiDemos'
[35m[ADB][39m Getting device platform version
[35m[ADB][39m Using apksigner.bat from C:\Users\Agato\.katalon\tools\android_sdk\build-tools\28.0.1\apksigner.bat
[35m[ADB][39m Checking whether zipalign is present
[35m[ADB][39m Using zipalign.exe from C:\Users\Agato\.katalon\tools\android_sdk\build-tools\28.0.1\zipalign.exe
[35m[ADB][39m io.appium.uiautomator2.server was successfully uninstalled
[35m[ADB][39m io.appium.uiautomator2.server.test was successfully uninstalled
[35m[AndroidDriver][39m setDeviceLanguageCountry requires language or country.
[35m[AndroidDriver][39m Got language: 'null' and country: 'null'
[35m[ADB][39m Successfully extracted 942 strings from 'C:\Users\Agato\Desktop\agato1\Migracion\ApiDemosApp\ApiDemos-debug.apk' resources for '(default)' configuration
[35m[ADB][39m io.appium.android.apis was not uninstalled, because it was not present on the device
[35m[UiAutomator2][39m Starting uiautomator2 server 1.12.0
[35m[UiAutomator2][39m Using UIAutomator2 server from 'C:\Users\Agato\AppData\Roaming\npm\node_modules\appium\node_modules\appium-uiautomator2-server\apks\appium-uiautomator2-server-v1.12.0.apk' and test from 'C:\Users\Agato\AppData\Roaming\npm\node_modules\appium\node_modules\appium-uiautomator2-server\apks\appium-uiautomator2-server-debug-androidTest.apk'
[35m[UiAutomator2][39m Running command: 'adb -s 10160a0973263f03 shell am instrument -w io.appium.uiautomator2.server.test/android.support.test.runner.AndroidJUnitRunner'
[35m[UiAutomator2][39m Waiting up to 20000ms for UiAutomator2 to be online...
[35m[AndroidDriver][39m Screen already unlocked, doing nothing
[35m[UiAutomator2][39m UiAutomator2 did not start the activity we were waiting for, 'io.appium.android.apis/io.appium.android.apis.ApiDemos'. Starting it ourselves
[35m[Appium][39m New AndroidUiautomator2Driver session created successfully, session 50e29359-a5a0-41a9-8b47-7b94bc70f20d added to master session list
[35m[HTTP][39m [37m<-- POST /wd/hub/session [39m[32m200[39m [90m39021 ms - 1213[39m
[35m[HTTP][39m [90m[39m
[35m[HTTP][39m [37m-->[39m [37mGET[39m [37m/wd/hub/status[39m
[35m[HTTP][39m [90m{}[39m
[35m[HTTP][39m [37m<-- GET /wd/hub/status [39m[32m200[39m [90m2 ms - 55[39m
[35m[HTTP][39m [90m[39m
[35m[HTTP][39m [37m-->[39m [37mPOST[39m [37m/wd/hub/session/50e29359-a5a0-41a9-8b47-7b94bc70f20d/timeouts[39m
[35m[HTTP][39m [90m{"type":"implicit","ms":30000}[39m
[35m[HTTP][39m [37m<-- POST /wd/hub/session/50e29359-a5a0-41a9-8b47-7b94bc70f20d/timeouts [39m[33m400[39m [90m16 ms - 5308[39m
[35m[HTTP][39m [90m[39m
[35m[HTTP][39m [37m-->[39m [37mGET[39m [37m/wd/hub/session/50e29359-a5a0-41a9-8b47-7b94bc70f20d/window/current/size[39m
[35m[HTTP][39m [90m{}[39m
[35m[W3C][39m Driver proxy active, passing request on via HTTP proxy
[35m[JSONWP Proxy][39m Replacing sessionId 29ccde70-5ebc-4081-acf6-53196a061a2c with 50e29359-a5a0-41a9-8b47-7b94bc70f20d
[35m[HTTP][39m [37m<-- GET /wd/hub/session/50e29359-a5a0-41a9-8b47-7b94bc70f20d/window/current/size [39m[32m200[39m [90m70 ms - 100[39m
[35m[HTTP][39m [90m[39m
[35m[HTTP][39m [37m-->[39m [37mPOST[39m [37m/wd/hub/session/50e29359-a5a0-41a9-8b47-7b94bc70f20d/elements[39m
[35m[HTTP][39m [90m{"using":"-android uiautomator","value":"new UiSelector().className(\"android.widget.TextView\").text(\"Accessibility\").resourceId(\"android:id/text1\").instance(1)"}[39m
[35m[HTTP][39m [37m<-- POST /wd/hub/session/50e29359-a5a0-41a9-8b47-7b94bc70f20d/elements [39m[32m200[39m [90m100 ms - 124[39m
[35m[HTTP][39m [90m[39m
[35m[HTTP][39m [37m-->[39m [37mGET[39m [37m/wd/hub/session/50e29359-a5a0-41a9-8b47-7b94bc70f20d[39m
[35m[HTTP][39m [90m{}[39m
[35m[HTTP][39m [37m<-- GET /wd/hub/session/50e29359-a5a0-41a9-8b47-7b94bc70f20d [39m[32m200[39m [90m26 ms - 1213[39m
[35m[HTTP][39m [90m[39m
[35m[HTTP][39m [37m-->[39m [37mGET[39m [37m/wd/hub/session/50e29359-a5a0-41a9-8b47-7b94bc70f20d[39m
[35m[HTTP][39m [90m{}[39m
[35m[HTTP][39m [37m<-- GET /wd/hub/session/50e29359-a5a0-41a9-8b47-7b94bc70f20d [39m[32m200[39m [90m29 ms - 1213[39m
[35m[HTTP][39m [90m[39m
[35m[HTTP][39m [37m-->[39m [37mGET[39m [37m/wd/hub/session/50e29359-a5a0-41a9-8b47-7b94bc70f20d[39m
[35m[HTTP][39m [90m{}[39m
[35m[HTTP][39m [37m<-- GET /wd/hub/session/50e29359-a5a0-41a9-8b47-7b94bc70f20d [39m[32m200[39m [90m31 ms - 1213[39m
[35m[HTTP][39m [90m[39m
[35m[HTTP][39m [37m-->[39m [37mGET[39m [37m/wd/hub/session/50e29359-a5a0-41a9-8b47-7b94bc70f20d[39m
[35m[HTTP][39m [90m{}[39m
[35m[HTTP][39m [37m<-- GET /wd/hub/session/50e29359-a5a0-41a9-8b47-7b94bc70f20d [39m[32m200[39m [90m30 ms - 1213[39m
[35m[HTTP][39m [90m[39m
[35m[HTTP][39m [37m-->[39m [37mGET[39m [37m/wd/hub/session/50e29359-a5a0-41a9-8b47-7b94bc70f20d/element/95967892-910f-45fb-92a1-2aaa3e7e5bd3/location[39m
[35m[HTTP][39m [90m{}[39m
[35m[W3C][39m Driver proxy active, passing request on via HTTP proxy
[35m[JSONWP Proxy][39m Replacing sessionId 29ccde70-5ebc-4081-acf6-53196a061a2c with 50e29359-a5a0-41a9-8b47-7b94bc70f20d
[35m[HTTP][39m [37m<-- GET /wd/hub/session/50e29359-a5a0-41a9-8b47-7b94bc70f20d/element/95967892-910f-45fb-92a1-2aaa3e7e5bd3/location [39m[32m200[39m [90m38 ms - 87[39m
[35m[HTTP][39m [90m[39m
[35m[HTTP][39m [37m-->[39m [37mPOST[39m [37m/wd/hub/session/50e29359-a5a0-41a9-8b47-7b94bc70f20d/touch/perform[39m
[35m[HTTP][39m [90m{"actions":[{"action":"tap","options":{"element":"95967892-910f-45fb-92a1-2aaa3e7e5bd3","x":1,"y":1}}]}[39m
[35m[UiAutomator2][39m calling get location: 95967892-910f-45fb-92a1-2aaa3e7e5bd3
[35m[HTTP][39m [37m<-- POST /wd/hub/session/50e29359-a5a0-41a9-8b47-7b94bc70f20d/touch/perform [39m[32m200[39m [90m1461 ms - 76[39m
[35m[HTTP][39m [90m[39m
[35m[HTTP][39m [37m-->[39m [37mGET[39m [37m/wd/hub/session/50e29359-a5a0-41a9-8b47-7b94bc70f20d/context[39m
[35m[HTTP][39m [90m{}[39m
[35m[HTTP][39m [37m<-- GET /wd/hub/session/50e29359-a5a0-41a9-8b47-7b94bc70f20d/context [39m[32m200[39m [90m2 ms - 84[39m
[35m[HTTP][39m [90m[39m
[35m[HTTP][39m [37m-->[39m [37mGET[39m [37m/wd/hub/session/50e29359-a5a0-41a9-8b47-7b94bc70f20d/contexts[39m
[35m[HTTP][39m [90m{}[39m
[35m[HTTP][39m [37m<-- GET /wd/hub/session/50e29359-a5a0-41a9-8b47-7b94bc70f20d/contexts [39m[32m200[39m [90m107 ms - 86[39m
[35m[HTTP][39m [90m[39m
[35m[HTTP][39m [37m-->[39m [37mPOST[39m [37m/wd/hub/session/50e29359-a5a0-41a9-8b47-7b94bc70f20d/context[39m
[35m[HTTP][39m [90m{"name":"NATIVE_APP"}[39m
[35m[HTTP][39m [37m<-- POST /wd/hub/session/50e29359-a5a0-41a9-8b47-7b94bc70f20d/context [39m[32m200[39m [90m65 ms - 76[39m
[35m[HTTP][39m [90m[39m
[35m[HTTP][39m [37m-->[39m [37mPOST[39m [37m/wd/hub/session/50e29359-a5a0-41a9-8b47-7b94bc70f20d/appium/device/press_keycode[39m
[35m[HTTP][39m [90m{"keycode":4}[39m
[35m[HTTP][39m [37m<-- POST /wd/hub/session/50e29359-a5a0-41a9-8b47-7b94bc70f20d/appium/device/press_keycode [39m[32m200[39m [90m81 ms - 76[39m
[35m[HTTP][39m [90m[39m
[35m[HTTP][39m [37m-->[39m [37mPOST[39m [37m/wd/hub/session/50e29359-a5a0-41a9-8b47-7b94bc70f20d/context[39m
[35m[HTTP][39m [90m{"name":"NATIVE_APP"}[39m
[35m[HTTP][39m [37m<-- POST /wd/hub/session/50e29359-a5a0-41a9-8b47-7b94bc70f20d/context [39m[32m200[39m [90m102 ms - 76[39m
[35m[HTTP][39m [90m[39m
[35m[HTTP][39m [37m-->[39m [37mGET[39m [37m/wd/hub/session/50e29359-a5a0-41a9-8b47-7b94bc70f20d/window/current/size[39m
[35m[HTTP][39m [90m{}[39m
[35m[W3C][39m Driver proxy active, passing request on via HTTP proxy
[35m[JSONWP Proxy][39m Replacing sessionId 29ccde70-5ebc-4081-acf6-53196a061a2c with 50e29359-a5a0-41a9-8b47-7b94bc70f20d
[35m[HTTP][39m [37m<-- GET /wd/hub/session/50e29359-a5a0-41a9-8b47-7b94bc70f20d/window/current/size [39m[32m200[39m [90m10 ms - 100[39m
[35m[HTTP][39m [90m[39m
[35m[HTTP][39m [37m-->[39m [37mPOST[39m [37m/wd/hub/session/50e29359-a5a0-41a9-8b47-7b94bc70f20d/elements[39m
[35m[HTTP][39m [90m{"using":"-android uiautomator","value":"new UiSelector().className(\"android.widget.TextView\").text(\"Animation\").resourceId(\"android:id/text1\").instance(2)"}[39m
[35m[HTTP][39m [37m<-- POST /wd/hub/session/50e29359-a5a0-41a9-8b47-7b94bc70f20d/elements [39m[32m200[39m [90m815 ms - 124[39m
[35m[HTTP][39m [90m[39m
[35m[HTTP][39m [37m-->[39m [37mGET[39m [37m/wd/hub/session/50e29359-a5a0-41a9-8b47-7b94bc70f20d[39m
[35m[HTTP][39m [90m{}[39m
[35m[HTTP][39m [37m<-- GET /wd/hub/session/50e29359-a5a0-41a9-8b47-7b94bc70f20d [39m[32m200[39m [90m61 ms - 1213[39m
[35m[HTTP][39m [90m[39m
[35m[HTTP][39m [37m-->[39m [37mGET[39m [37m/wd/hub/session/50e29359-a5a0-41a9-8b47-7b94bc70f20d[39m
[35m[HTTP][39m [90m{}[39m
[35m[HTTP][39m [37m<-- GET /wd/hub/session/50e29359-a5a0-41a9-8b47-7b94bc70f20d [39m[32m200[39m [90m29 ms - 1213[39m
[35m[HTTP][39m [90m[39m
[35m[HTTP][39m [37m-->[39m [37mGET[39m [37m/wd/hub/session/50e29359-a5a0-41a9-8b47-7b94bc70f20d[39m
[35m[HTTP][39m [90m{}[39m
[35m[HTTP][39m [37m<-- GET /wd/hub/session/50e29359-a5a0-41a9-8b47-7b94bc70f20d [39m[32m200[39m [90m56 ms - 1213[39m
[35m[HTTP][39m [90m[39m
[35m[HTTP][39m [37m-->[39m [37mGET[39m [37m/wd/hub/session/50e29359-a5a0-41a9-8b47-7b94bc70f20d[39m
[35m[HTTP][39m [90m{}[39m
[35m[HTTP][39m [37m<-- GET /wd/hub/session/50e29359-a5a0-41a9-8b47-7b94bc70f20d [39m[32m200[39m [90m23 ms - 1213[39m
[35m[HTTP][39m [90m[39m
[35m[HTTP][39m [37m-->[39m [37mGET[39m [37m/wd/hub/session/50e29359-a5a0-41a9-8b47-7b94bc70f20d/element/168a424f-c340-48f9-94d6-598a64af19ef/location[39m
[35m[HTTP][39m [90m{}[39m
[35m[W3C][39m Driver proxy active, passing request on via HTTP proxy
[35m[JSONWP Proxy][39m Replacing sessionId 29ccde70-5ebc-4081-acf6-53196a061a2c with 50e29359-a5a0-41a9-8b47-7b94bc70f20d
[35m[HTTP][39m [37m<-- GET /wd/hub/session/50e29359-a5a0-41a9-8b47-7b94bc70f20d/element/168a424f-c340-48f9-94d6-598a64af19ef/location [39m[32m200[39m [90m42 ms - 87[39m
[35m[HTTP][39m [90m[39m
[35m[HTTP][39m [37m-->[39m [37mPOST[39m [37m/wd/hub/session/50e29359-a5a0-41a9-8b47-7b94bc70f20d/touch/perform[39m
[35m[HTTP][39m [90m{"actions":[{"action":"tap","options":{"element":"168a424f-c340-48f9-94d6-598a64af19ef","x":1,"y":1}}]}[39m
[35m[UiAutomator2][39m calling get location: 168a424f-c340-48f9-94d6-598a64af19ef
[35m[HTTP][39m [37m<-- POST /wd/hub/session/50e29359-a5a0-41a9-8b47-7b94bc70f20d/touch/perform [39m[32m200[39m [90m1344 ms - 76[39m
[35m[HTTP][39m [90m[39m
[35m[HTTP][39m [37m-->[39m [37mGET[39m [37m/wd/hub/session/50e29359-a5a0-41a9-8b47-7b94bc70f20d/context[39m
[35m[HTTP][39m [90m{}[39m
[35m[HTTP][39m [37m<-- GET /wd/hub/session/50e29359-a5a0-41a9-8b47-7b94bc70f20d/context [39m[32m200[39m [90m2 ms - 84[39m
[35m[HTTP][39m [90m[39m
[35m[HTTP][39m [37m-->[39m [37mGET[39m [37m/wd/hub/session/50e29359-a5a0-41a9-8b47-7b94bc70f20d/contexts[39m
[35m[HTTP][39m [90m{}[39m
[35m[HTTP][39m [37m<-- GET /wd/hub/session/50e29359-a5a0-41a9-8b47-7b94bc70f20d/contexts [39m[32m200[39m [90m76 ms - 86[39m
[35m[HTTP][39m [90m[39m
[35m[HTTP][39m [37m-->[39m [37mPOST[39m [37m/wd/hub/session/50e29359-a5a0-41a9-8b47-7b94bc70f20d/context[39m
[35m[HTTP][39m [90m{"name":"NATIVE_APP"}[39m
[35m[HTTP][39m [37m<-- POST /wd/hub/session/50e29359-a5a0-41a9-8b47-7b94bc70f20d/context [39m[32m200[39m [90m71 ms - 76[39m
[35m[HTTP][39m [90m[39m
[35m[HTTP][39m [37m-->[39m [37mPOST[39m [37m/wd/hub/session/50e29359-a5a0-41a9-8b47-7b94bc70f20d/appium/device/press_keycode[39m
[35m[HTTP][39m [90m{"keycode":4}[39m
[35m[HTTP][39m [37m<-- POST /wd/hub/session/50e29359-a5a0-41a9-8b47-7b94bc70f20d/appium/device/press_keycode [39m[32m200[39m [90m65 ms - 76[39m
[35m[HTTP][39m [90m[39m
[35m[HTTP][39m [37m-->[39m [37mPOST[39m [37m/wd/hub/session/50e29359-a5a0-41a9-8b47-7b94bc70f20d/context[39m
[35m[HTTP][39m [90m{"name":"NATIVE_APP"}[39m
[35m[HTTP][39m [37m<-- POST /wd/hub/session/50e29359-a5a0-41a9-8b47-7b94bc70f20d/context [39m[32m200[39m [90m115 ms - 76[39m
[35m[HTTP][39m [90m[39m
[35m[HTTP][39m [37m-->[39m [37mGET[39m [37m/wd/hub/session/50e29359-a5a0-41a9-8b47-7b94bc70f20d/window/current/size[39m
[35m[HTTP][39m [90m{}[39m
[35m[W3C][39m Driver proxy active, passing request on via HTTP proxy
[35m[JSONWP Proxy][39m Replacing sessionId 29ccde70-5ebc-4081-acf6-53196a061a2c with 50e29359-a5a0-41a9-8b47-7b94bc70f20d
[35m[HTTP][39m [37m<-- GET /wd/hub/session/50e29359-a5a0-41a9-8b47-7b94bc70f20d/window/current/size [39m[32m200[39m [90m9 ms - 100[39m
[35m[HTTP][39m [90m[39m
[35m[HTTP][39m [37m-->[39m [37mPOST[39m [37m/wd/hub/session/50e29359-a5a0-41a9-8b47-7b94bc70f20d/elements[39m
[35m[HTTP][39m [90m{"using":"-android uiautomator","value":"new UiSelector().className(\"android.widget.TextView\").text(\"App\").resourceId(\"android:id/text1\").instance(3)"}[39m
[35m[HTTP][39m [37m<-- POST /wd/hub/session/50e29359-a5a0-41a9-8b47-7b94bc70f20d/elements [39m[32m200[39m [90m825 ms - 124[39m
[35m[HTTP][39m [90m[39m
[35m[HTTP][39m [37m-->[39m [37mGET[39m [37m/wd/hub/session/50e29359-a5a0-41a9-8b47-7b94bc70f20d[39m
[35m[HTTP][39m [90m{}[39m
[35m[HTTP][39m [37m<-- GET /wd/hub/session/50e29359-a5a0-41a9-8b47-7b94bc70f20d [39m[32m200[39m [90m24 ms - 1213[39m
[35m[HTTP][39m [90m[39m
[35m[HTTP][39m [37m-->[39m [37mGET[39m [37m/wd/hub/session/50e29359-a5a0-41a9-8b47-7b94bc70f20d[39m
[35m[HTTP][39m [90m{}[39m
[35m[HTTP][39m [37m<-- GET /wd/hub/session/50e29359-a5a0-41a9-8b47-7b94bc70f20d [39m[32m200[39m [90m21 ms - 1213[39m
[35m[HTTP][39m [90m[39m
[35m[HTTP][39m [37m-->[39m [37mGET[39m [37m/wd/hub/session/50e29359-a5a0-41a9-8b47-7b94bc70f20d[39m
[35m[HTTP][39m [90m{}[39m
[35m[HTTP][39m [37m<-- GET /wd/hub/session/50e29359-a5a0-41a9-8b47-7b94bc70f20d [39m[32m200[39m [90m20 ms - 1213[39m
[35m[HTTP][39m [90m[39m
[35m[HTTP][39m [37m-->[39m [37mGET[39m [37m/wd/hub/session/50e29359-a5a0-41a9-8b47-7b94bc70f20d[39m
[35m[HTTP][39m [90m{}[39m
[35m[HTTP][39m [37m<-- GET /wd/hub/session/50e29359-a5a0-41a9-8b47-7b94bc70f20d [39m[32m200[39m [90m20 ms - 1213[39m
[35m[HTTP][39m [90m[39m
[35m[HTTP][39m [37m-->[39m [37mGET[39m [37m/wd/hub/session/50e29359-a5a0-41a9-8b47-7b94bc70f20d/element/6f4759f2-c3ed-4626-9bb3-41a7d2142f57/location[39m
[35m[HTTP][39m [90m{}[39m
[35m[W3C][39m Driver proxy active, passing request on via HTTP proxy
[35m[JSONWP Proxy][39m Replacing sessionId 29ccde70-5ebc-4081-acf6-53196a061a2c with 50e29359-a5a0-41a9-8b47-7b94bc70f20d
[35m[HTTP][39m [37m<-- GET /wd/hub/session/50e29359-a5a0-41a9-8b47-7b94bc70f20d/element/6f4759f2-c3ed-4626-9bb3-41a7d2142f57/location [39m[32m200[39m [90m37 ms - 87[39m
[35m[HTTP][39m [90m[39m
[35m[HTTP][39m [37m-->[39m [37mPOST[39m [37m/wd/hub/session/50e29359-a5a0-41a9-8b47-7b94bc70f20d/touch/perform[39m
[35m[HTTP][39m [90m{"actions":[{"action":"tap","options":{"element":"6f4759f2-c3ed-4626-9bb3-41a7d2142f57","x":1,"y":1}}]}[39m
[35m[UiAutomator2][39m calling get location: 6f4759f2-c3ed-4626-9bb3-41a7d2142f57
[35m[HTTP][39m [37m<-- POST /wd/hub/session/50e29359-a5a0-41a9-8b47-7b94bc70f20d/touch/perform [39m[32m200[39m [90m1339 ms - 76[39m
[35m[HTTP][39m [90m[39m
[35m[HTTP][39m [37m-->[39m [37mGET[39m [37m/wd/hub/session/50e29359-a5a0-41a9-8b47-7b94bc70f20d/context[39m
[35m[HTTP][39m [90m{}[39m
[35m[HTTP][39m [37m<-- GET /wd/hub/session/50e29359-a5a0-41a9-8b47-7b94bc70f20d/context [39m[32m200[39m [90m3 ms - 84[39m
[35m[HTTP][39m [90m[39m
[35m[HTTP][39m [37m-->[39m [37mGET[39m [37m/wd/hub/session/50e29359-a5a0-41a9-8b47-7b94bc70f20d/contexts[39m
[35m[HTTP][39m [90m{}[39m
[35m[HTTP][39m [37m<-- GET /wd/hub/session/50e29359-a5a0-41a9-8b47-7b94bc70f20d/contexts [39m[32m200[39m [90m180 ms - 86[39m
[35m[HTTP][39m [90m[39m
[35m[HTTP][39m [37m-->[39m [37mPOST[39m [37m/wd/hub/session/50e29359-a5a0-41a9-8b47-7b94bc70f20d/context[39m
[35m[HTTP][39m [90m{"name":"NATIVE_APP"}[39m
[35m[HTTP][39m [37m<-- POST /wd/hub/session/50e29359-a5a0-41a9-8b47-7b94bc70f20d/context [39m[32m200[39m [90m60 ms - 76[39m
[35m[HTTP][39m [90m[39m
[35m[HTTP][39m [37m-->[39m [37mPOST[39m [37m/wd/hub/session/50e29359-a5a0-41a9-8b47-7b94bc70f20d/appium/device/press_keycode[39m
[35m[HTTP][39m [90m{"keycode":4}[39m
[35m[HTTP][39m [37m<-- POST /wd/hub/session/50e29359-a5a0-41a9-8b47-7b94bc70f20d/appium/device/press_keycode [39m[32m200[39m [90m490 ms - 76[39m
[35m[HTTP][39m [90m[39m
[35m[HTTP][39m [37m-->[39m [37mPOST[39m [37m/wd/hub/session/50e29359-a5a0-41a9-8b47-7b94bc70f20d/context[39m
[35m[HTTP][39m [90m{"name":"NATIVE_APP"}[39m
[35m[HTTP][39m [37m<-- POST /wd/hub/session/50e29359-a5a0-41a9-8b47-7b94bc70f20d/context [39m[32m200[39m [90m136 ms - 76[39m
[35m[HTTP][39m [90m[39m
[35m[HTTP][39m [37m-->[39m [37mGET[39m [37m/wd/hub/session/50e29359-a5a0-41a9-8b47-7b94bc70f20d/window/current/size[39m
[35m[HTTP][39m [90m{}[39m
[35m[W3C][39m Driver proxy active, passing request on via HTTP proxy
[35m[JSONWP Proxy][39m Replacing sessionId 29ccde70-5ebc-4081-acf6-53196a061a2c with 50e29359-a5a0-41a9-8b47-7b94bc70f20d
[35m[HTTP][39m [37m<-- GET /wd/hub/session/50e29359-a5a0-41a9-8b47-7b94bc70f20d/window/current/size [39m[32m200[39m [90m23 ms - 100[39m
[35m[HTTP][39m [90m[39m
[35m[HTTP][39m [37m-->[39m [37mPOST[39m [37m/wd/hub/session/50e29359-a5a0-41a9-8b47-7b94bc70f20d/elements[39m
[35m[HTTP][39m [90m{"using":"-android uiautomator","value":"new UiSelector().className(\"android.widget.TextView\").text(\"Content\").resourceId(\"android:id/text1\").instance(4)"}[39m
[35m[HTTP][39m [37m<-- POST /wd/hub/session/50e29359-a5a0-41a9-8b47-7b94bc70f20d/elements [39m[32m200[39m [90m781 ms - 124[39m
[35m[HTTP][39m [90m[39m
[35m[HTTP][39m [37m-->[39m [37mGET[39m [37m/wd/hub/session/50e29359-a5a0-41a9-8b47-7b94bc70f20d[39m
[35m[HTTP][39m [90m{}[39m
[35m[HTTP][39m [37m<-- GET /wd/hub/session/50e29359-a5a0-41a9-8b47-7b94bc70f20d [39m[32m200[39m [90m29 ms - 1213[39m
[35m[HTTP][39m [90m[39m
[35m[HTTP][39m [37m-->[39m [37mGET[39m [37m/wd/hub/session/50e29359-a5a0-41a9-8b47-7b94bc70f20d[39m
[35m[HTTP][39m [90m{}[39m
[35m[HTTP][39m [37m<-- GET /wd/hub/session/50e29359-a5a0-41a9-8b47-7b94bc70f20d [39m[32m200[39m [90m27 ms - 1213[39m
[35m[HTTP][39m [90m[39m
[35m[HTTP][39m [37m-->[39m [37mGET[39m [37m/wd/hub/session/50e29359-a5a0-41a9-8b47-7b94bc70f20d[39m
[35m[HTTP][39m [90m{}[39m
[35m[HTTP][39m [37m<-- GET /wd/hub/session/50e29359-a5a0-41a9-8b47-7b94bc70f20d [39m[32m200[39m [90m20 ms - 1213[39m
[35m[HTTP][39m [90m[39m
[35m[HTTP][39m [37m-->[39m [37mGET[39m [37m/wd/hub/session/50e29359-a5a0-41a9-8b47-7b94bc70f20d[39m
[35m[HTTP][39m [90m{}[39m
[35m[HTTP][39m [37m<-- GET /wd/hub/session/50e29359-a5a0-41a9-8b47-7b94bc70f20d [39m[32m200[39m [90m24 ms - 1213[39m
[35m[HTTP][39m [90m[39m
[35m[HTTP][39m [37m-->[39m [37mGET[39m [37m/wd/hub/session/50e29359-a5a0-41a9-8b47-7b94bc70f20d/element/73569ad0-deba-4f19-a124-db3b52ea2c3e/location[39m
[35m[HTTP][39m [90m{}[39m
[35m[W3C][39m Driver proxy active, passing request on via HTTP proxy
[35m[JSONWP Proxy][39m Replacing sessionId 29ccde70-5ebc-4081-acf6-53196a061a2c with 50e29359-a5a0-41a9-8b47-7b94bc70f20d
[35m[HTTP][39m [37m<-- GET /wd/hub/session/50e29359-a5a0-41a9-8b47-7b94bc70f20d/element/73569ad0-deba-4f19-a124-db3b52ea2c3e/location [39m[32m200[39m [90m50 ms - 87[39m
[35m[HTTP][39m [90m[39m
[35m[HTTP][39m [37m-->[39m [37mPOST[39m [37m/wd/hub/session/50e29359-a5a0-41a9-8b47-7b94bc70f20d/touch/perform[39m
[35m[HTTP][39m [90m{"actions":[{"action":"tap","options":{"element":"73569ad0-deba-4f19-a124-db3b52ea2c3e","x":1,"y":1}}]}[39m
[35m[UiAutomator2][39m calling get location: 73569ad0-deba-4f19-a124-db3b52ea2c3e
[35m[HTTP][39m [37m<-- POST /wd/hub/session/50e29359-a5a0-41a9-8b47-7b94bc70f20d/touch/perform [39m[32m200[39m [90m1231 ms - 76[39m
[35m[HTTP][39m [90m[39m
[35m[HTTP][39m [37m-->[39m [37mGET[39m [37m/wd/hub/session/50e29359-a5a0-41a9-8b47-7b94bc70f20d/context[39m
[35m[HTTP][39m [90m{}[39m
[35m[HTTP][39m [37m<-- GET /wd/hub/session/50e29359-a5a0-41a9-8b47-7b94bc70f20d/context [39m[32m200[39m [90m7 ms - 84[39m
[35m[HTTP][39m [90m[39m
[35m[HTTP][39m [37m-->[39m [37mGET[39m [37m/wd/hub/session/50e29359-a5a0-41a9-8b47-7b94bc70f20d/contexts[39m
[35m[HTTP][39m [90m{}[39m
[35m[HTTP][39m [37m<-- GET /wd/hub/session/50e29359-a5a0-41a9-8b47-7b94bc70f20d/contexts [39m[32m200[39m [90m112 ms - 86[39m
[35m[HTTP][39m [90m[39m
[35m[HTTP][39m [37m-->[39m [37mPOST[39m [37m/wd/hub/session/50e29359-a5a0-41a9-8b47-7b94bc70f20d/context[39m
[35m[HTTP][39m [90m{"name":"NATIVE_APP"}[39m
[35m[HTTP][39m [37m<-- POST /wd/hub/session/50e29359-a5a0-41a9-8b47-7b94bc70f20d/context [39m[32m200[39m [90m191 ms - 76[39m
[35m[HTTP][39m [90m[39m
[35m[HTTP][39m [37m-->[39m [37mPOST[39m [37m/wd/hub/session/50e29359-a5a0-41a9-8b47-7b94bc70f20d/appium/device/press_keycode[39m
[35m[HTTP][39m [90m{"keycode":4}[39m
[35m[HTTP][39m [37m<-- POST /wd/hub/session/50e29359-a5a0-41a9-8b47-7b94bc70f20d/appium/device/press_keycode [39m[32m200[39m [90m87 ms - 76[39m
[35m[HTTP][39m [90m[39m
[35m[HTTP][39m [37m-->[39m [37mPOST[39m [37m/wd/hub/session/50e29359-a5a0-41a9-8b47-7b94bc70f20d/context[39m
[35m[HTTP][39m [90m{"name":"NATIVE_APP"}[39m
[35m[HTTP][39m [37m<-- POST /wd/hub/session/50e29359-a5a0-41a9-8b47-7b94bc70f20d/context [39m[32m200[39m [90m179 ms - 76[39m
[35m[HTTP][39m [90m[39m
[35m[HTTP][39m [37m-->[39m [37mGET[39m [37m/wd/hub/session/50e29359-a5a0-41a9-8b47-7b94bc70f20d/window/current/size[39m
[35m[HTTP][39m [90m{}[39m
[35m[W3C][39m Driver proxy active, passing request on via HTTP proxy
[35m[JSONWP Proxy][39m Replacing sessionId 29ccde70-5ebc-4081-acf6-53196a061a2c with 50e29359-a5a0-41a9-8b47-7b94bc70f20d
[35m[HTTP][39m [37m<-- GET /wd/hub/session/50e29359-a5a0-41a9-8b47-7b94bc70f20d/window/current/size [39m[32m200[39m [90m17 ms - 100[39m
[35m[HTTP][39m [90m[39m
[35m[HTTP][39m [37m-->[39m [37mPOST[39m [37m/wd/hub/session/50e29359-a5a0-41a9-8b47-7b94bc70f20d/elements[39m
[35m[HTTP][39m [90m{"using":"-android uiautomator","value":"new UiSelector().className(\"android.widget.TextView\").text(\"Graphics\").resourceId(\"android:id/text1\").instance(5)"}[39m
[35m[HTTP][39m [37m<-- POST /wd/hub/session/50e29359-a5a0-41a9-8b47-7b94bc70f20d/elements [39m[32m200[39m [90m735 ms - 124[39m
[35m[HTTP][39m [90m[39m
[35m[HTTP][39m [37m-->[39m [37mGET[39m [37m/wd/hub/session/50e29359-a5a0-41a9-8b47-7b94bc70f20d[39m
[35m[HTTP][39m [90m{}[39m
[35m[HTTP][39m [37m<-- GET /wd/hub/session/50e29359-a5a0-41a9-8b47-7b94bc70f20d [39m[32m200[39m [90m34 ms - 1213[39m
[35m[HTTP][39m [90m[39m
[35m[HTTP][39m [37m-->[39m [37mGET[39m [37m/wd/hub/session/50e29359-a5a0-41a9-8b47-7b94bc70f20d[39m
[35m[HTTP][39m [90m{}[39m
[35m[HTTP][39m [37m<-- GET /wd/hub/session/50e29359-a5a0-41a9-8b47-7b94bc70f20d [39m[32m200[39m [90m31 ms - 1213[39m
[35m[HTTP][39m [90m[39m
[35m[HTTP][39m [37m-->[39m [37mGET[39m [37m/wd/hub/session/50e29359-a5a0-41a9-8b47-7b94bc70f20d[39m
[35m[HTTP][39m [90m{}[39m
[35m[HTTP][39m [37m<-- GET /wd/hub/session/50e29359-a5a0-41a9-8b47-7b94bc70f20d [39m[32m200[39m [90m59 ms - 1213[39m
[35m[HTTP][39m [90m[39m
[35m[HTTP][39m [37m-->[39m [37mGET[39m [37m/wd/hub/session/50e29359-a5a0-41a9-8b47-7b94bc70f20d[39m
[35m[HTTP][39m [90m{}[39m
[35m[HTTP][39m [37m<-- GET /wd/hub/session/50e29359-a5a0-41a9-8b47-7b94bc70f20d [39m[32m200[39m [90m43 ms - 1213[39m
[35m[HTTP][39m [90m[39m
[35m[HTTP][39m [37m-->[39m [37mGET[39m [37m/wd/hub/session/50e29359-a5a0-41a9-8b47-7b94bc70f20d/element/4adbb171-eebc-4eda-9970-c62eda29cf55/location[39m
[35m[HTTP][39m [90m{}[39m
[35m[W3C][39m Driver proxy active, passing request on via HTTP proxy
[35m[JSONWP Proxy][39m Replacing sessionId 29ccde70-5ebc-4081-acf6-53196a061a2c with 50e29359-a5a0-41a9-8b47-7b94bc70f20d
[35m[HTTP][39m [37m<-- GET /wd/hub/session/50e29359-a5a0-41a9-8b47-7b94bc70f20d/element/4adbb171-eebc-4eda-9970-c62eda29cf55/location [39m[32m200[39m [90m49 ms - 88[39m
[35m[HTTP][39m [90m[39m
[35m[HTTP][39m [37m-->[39m [37mPOST[39m [37m/wd/hub/session/50e29359-a5a0-41a9-8b47-7b94bc70f20d/touch/perform[39m
[35m[HTTP][39m [90m{"actions":[{"action":"tap","options":{"element":"4adbb171-eebc-4eda-9970-c62eda29cf55","x":1,"y":1}}]}[39m
[35m[UiAutomator2][39m calling get location: 4adbb171-eebc-4eda-9970-c62eda29cf55
[35m[HTTP][39m [37m<-- POST /wd/hub/session/50e29359-a5a0-41a9-8b47-7b94bc70f20d/touch/perform [39m[32m200[39m [90m1276 ms - 76[39m
[35m[HTTP][39m [90m[39m
[35m[HTTP][39m [37m-->[39m [37mGET[39m [37m/wd/hub/session/50e29359-a5a0-41a9-8b47-7b94bc70f20d/context[39m
[35m[HTTP][39m [90m{}[39m
[35m[HTTP][39m [37m<-- GET /wd/hub/session/50e29359-a5a0-41a9-8b47-7b94bc70f20d/context [39m[32m200[39m [90m12 ms - 84[39m
[35m[HTTP][39m [90m[39m
[35m[HTTP][39m [37m-->[39m [37mGET[39m [37m/wd/hub/session/50e29359-a5a0-41a9-8b47-7b94bc70f20d/contexts[39m
[35m[HTTP][39m [90m{}[39m
[35m[HTTP][39m [37m<-- GET /wd/hub/session/50e29359-a5a0-41a9-8b47-7b94bc70f20d/contexts [39m[32m200[39m [90m207 ms - 86[39m
[35m[HTTP][39m [90m[39m
[35m[HTTP][39m [37m-->[39m [37mPOST[39m [37m/wd/hub/session/50e29359-a5a0-41a9-8b47-7b94bc70f20d/context[39m
[35m[HTTP][39m [90m{"name":"NATIVE_APP"}[39m
[35m[HTTP][39m [37m<-- POST /wd/hub/session/50e29359-a5a0-41a9-8b47-7b94bc70f20d/context [39m[32m200[39m [90m206 ms - 76[39m
[35m[HTTP][39m [90m[39m
[35m[HTTP][39m [37m-->[39m [37mPOST[39m [37m/wd/hub/session/50e29359-a5a0-41a9-8b47-7b94bc70f20d/appium/device/press_keycode[39m
[35m[HTTP][39m [90m{"keycode":4}[39m
[35m[HTTP][39m [37m<-- POST /wd/hub/session/50e29359-a5a0-41a9-8b47-7b94bc70f20d/appium/device/press_keycode [39m[32m200[39m [90m100 ms - 76[39m
[35m[HTTP][39m [90m[39m
[35m[HTTP][39m [37m-->[39m [37mPOST[39m [37m/wd/hub/session/50e29359-a5a0-41a9-8b47-7b94bc70f20d/context[39m
[35m[HTTP][39m [90m{"name":"NATIVE_APP"}[39m
[35m[HTTP][39m [37m<-- POST /wd/hub/session/50e29359-a5a0-41a9-8b47-7b94bc70f20d/context [39m[32m200[39m [90m184 ms - 76[39m
[35m[HTTP][39m [90m[39m
[35m[HTTP][39m [37m-->[39m [37mGET[39m [37m/wd/hub/session/50e29359-a5a0-41a9-8b47-7b94bc70f20d/window/current/size[39m
[35m[HTTP][39m [90m{}[39m
[35m[W3C][39m Driver proxy active, passing request on via HTTP proxy
[35m[JSONWP Proxy][39m Replacing sessionId 29ccde70-5ebc-4081-acf6-53196a061a2c with 50e29359-a5a0-41a9-8b47-7b94bc70f20d
[35m[HTTP][39m [37m<-- GET /wd/hub/session/50e29359-a5a0-41a9-8b47-7b94bc70f20d/window/current/size [39m[32m200[39m [90m16 ms - 100[39m
[35m[HTTP][39m [90m[39m
[35m[HTTP][39m [37m-->[39m [37mPOST[39m [37m/wd/hub/session/50e29359-a5a0-41a9-8b47-7b94bc70f20d/elements[39m
[35m[HTTP][39m [90m{"using":"-android uiautomator","value":"new UiSelector().className(\"android.widget.TextView\").text(\"Media\").resourceId(\"android:id/text1\").instance(6)"}[39m
[35m[HTTP][39m [37m<-- POST /wd/hub/session/50e29359-a5a0-41a9-8b47-7b94bc70f20d/elements [39m[32m200[39m [90m724 ms - 124[39m
[35m[HTTP][39m [90m[39m
[35m[HTTP][39m [37m-->[39m [37mGET[39m [37m/wd/hub/session/50e29359-a5a0-41a9-8b47-7b94bc70f20d[39m
[35m[HTTP][39m [90m{}[39m
[35m[HTTP][39m [37m<-- GET /wd/hub/session/50e29359-a5a0-41a9-8b47-7b94bc70f20d [39m[32m200[39m [90m36 ms - 1213[39m
[35m[HTTP][39m [90m[39m
[35m[HTTP][39m [37m-->[39m [37mGET[39m [37m/wd/hub/session/50e29359-a5a0-41a9-8b47-7b94bc70f20d[39m
[35m[HTTP][39m [90m{}[39m
[35m[HTTP][39m [37m<-- GET /wd/hub/session/50e29359-a5a0-41a9-8b47-7b94bc70f20d [39m[32m200[39m [90m32 ms - 1213[39m
[35m[HTTP][39m [90m[39m
[35m[HTTP][39m [37m-->[39m [37mGET[39m [37m/wd/hub/session/50e29359-a5a0-41a9-8b47-7b94bc70f20d[39m
[35m[HTTP][39m [90m{}[39m
[35m[HTTP][39m [37m<-- GET /wd/hub/session/50e29359-a5a0-41a9-8b47-7b94bc70f20d [39m[32m200[39m [90m23 ms - 1213[39m
[35m[HTTP][39m [90m[39m
[35m[HTTP][39m [37m-->[39m [37mGET[39m [37m/wd/hub/session/50e29359-a5a0-41a9-8b47-7b94bc70f20d[39m
[35m[HTTP][39m [90m{}[39m
[35m[HTTP][39m [37m<-- GET /wd/hub/session/50e29359-a5a0-41a9-8b47-7b94bc70f20d [39m[32m200[39m [90m24 ms - 1213[39m
[35m[HTTP][39m [90m[39m
[35m[HTTP][39m [37m-->[39m [37mGET[39m [37m/wd/hub/session/50e29359-a5a0-41a9-8b47-7b94bc70f20d/element/ee8318a4-d337-434b-b263-9d5bea3f79f3/location[39m
[35m[HTTP][39m [90m{}[39m
[35m[W3C][39m Driver proxy active, passing request on via HTTP proxy
[35m[JSONWP Proxy][39m Replacing sessionId 29ccde70-5ebc-4081-acf6-53196a061a2c with 50e29359-a5a0-41a9-8b47-7b94bc70f20d
[35m[HTTP][39m [37m<-- GET /wd/hub/session/50e29359-a5a0-41a9-8b47-7b94bc70f20d/element/ee8318a4-d337-434b-b263-9d5bea3f79f3/location [39m[32m200[39m [90m37 ms - 88[39m
[35m[HTTP][39m [90m[39m
[35m[HTTP][39m [37m-->[39m [37mPOST[39m [37m/wd/hub/session/50e29359-a5a0-41a9-8b47-7b94bc70f20d/touch/perform[39m
[35m[HTTP][39m [90m{"actions":[{"action":"tap","options":{"element":"ee8318a4-d337-434b-b263-9d5bea3f79f3","x":1,"y":1}}]}[39m
[35m[UiAutomator2][39m calling get location: ee8318a4-d337-434b-b263-9d5bea3f79f3
[35m[HTTP][39m [37m<-- POST /wd/hub/session/50e29359-a5a0-41a9-8b47-7b94bc70f20d/touch/perform [39m[32m200[39m [90m1296 ms - 76[39m
[35m[HTTP][39m [90m[39m
[35m[HTTP][39m [37m-->[39m [37mGET[39m [37m/wd/hub/session/50e29359-a5a0-41a9-8b47-7b94bc70f20d/context[39m
[35m[HTTP][39m [90m{}[39m
[35m[HTTP][39m [37m<-- GET /wd/hub/session/50e29359-a5a0-41a9-8b47-7b94bc70f20d/context [39m[32m200[39m [90m2 ms - 84[39m
[35m[HTTP][39m [90m[39m
[35m[HTTP][39m [37m-->[39m [37mGET[39m [37m/wd/hub/session/50e29359-a5a0-41a9-8b47-7b94bc70f20d/contexts[39m
[35m[HTTP][39m [90m{}[39m
[35m[HTTP][39m [37m<-- GET /wd/hub/session/50e29359-a5a0-41a9-8b47-7b94bc70f20d/contexts [39m[32m200[39m [90m122 ms - 86[39m
[35m[HTTP][39m [90m[39m
[35m[HTTP][39m [37m-->[39m [37mPOST[39m [37m/wd/hub/session/50e29359-a5a0-41a9-8b47-7b94bc70f20d/context[39m
[35m[HTTP][39m [90m{"name":"NATIVE_APP"}[39m
[35m[HTTP][39m [37m<-- POST /wd/hub/session/50e29359-a5a0-41a9-8b47-7b94bc70f20d/context [39m[32m200[39m [90m191 ms - 76[39m
[35m[HTTP][39m [90m[39m
[35m[HTTP][39m [37m-->[39m [37mPOST[39m [37m/wd/hub/session/50e29359-a5a0-41a9-8b47-7b94bc70f20d/appium/device/press_keycode[39m
[35m[HTTP][39m [90m{"keycode":4}[39m
[35m[HTTP][39m [37m<-- POST /wd/hub/session/50e29359-a5a0-41a9-8b47-7b94bc70f20d/appium/device/press_keycode [39m[32m200[39m [90m101 ms - 76[39m
[35m[HTTP][39m [90m[39m
[35m[HTTP][39m [37m-->[39m [37mPOST[39m [37m/wd/hub/session/50e29359-a5a0-41a9-8b47-7b94bc70f20d/context[39m
[35m[HTTP][39m [90m{"name":"NATIVE_APP"}[39m
[35m[HTTP][39m [37m<-- POST /wd/hub/session/50e29359-a5a0-41a9-8b47-7b94bc70f20d/context [39m[32m200[39m [90m153 ms - 76[39m
[35m[HTTP][39m [90m[39m
[35m[HTTP][39m [37m-->[39m [37mGET[39m [37m/wd/hub/session/50e29359-a5a0-41a9-8b47-7b94bc70f20d/window/current/size[39m
[35m[HTTP][39m [90m{}[39m
[35m[W3C][39m Driver proxy active, passing request on via HTTP proxy
[35m[JSONWP Proxy][39m Replacing sessionId 29ccde70-5ebc-4081-acf6-53196a061a2c with 50e29359-a5a0-41a9-8b47-7b94bc70f20d
[35m[HTTP][39m [37m<-- GET /wd/hub/session/50e29359-a5a0-41a9-8b47-7b94bc70f20d/window/current/size [39m[32m200[39m [90m15 ms - 100[39m
[35m[HTTP][39m [90m[39m
[35m[HTTP][39m [37m-->[39m [37mPOST[39m [37m/wd/hub/session/50e29359-a5a0-41a9-8b47-7b94bc70f20d/elements[39m
[35m[HTTP][39m [90m{"using":"-android uiautomator","value":"new UiSelector().className(\"android.widget.TextView\").text(\"NFC\").resourceId(\"android:id/text1\").instance(7)"}[39m
[35m[HTTP][39m [37m<-- POST /wd/hub/session/50e29359-a5a0-41a9-8b47-7b94bc70f20d/elements [39m[32m200[39m [90m997 ms - 124[39m
[35m[HTTP][39m [90m[39m
[35m[HTTP][39m [37m-->[39m [37mGET[39m [37m/wd/hub/session/50e29359-a5a0-41a9-8b47-7b94bc70f20d[39m
[35m[HTTP][39m [90m{}[39m
[35m[HTTP][39m [37m<-- GET /wd/hub/session/50e29359-a5a0-41a9-8b47-7b94bc70f20d [39m[32m200[39m [90m33 ms - 1213[39m
[35m[HTTP][39m [90m[39m
[35m[HTTP][39m [37m-->[39m [37mGET[39m [37m/wd/hub/session/50e29359-a5a0-41a9-8b47-7b94bc70f20d[39m
[35m[HTTP][39m [90m{}[39m
[35m[HTTP][39m [37m<-- GET /wd/hub/session/50e29359-a5a0-41a9-8b47-7b94bc70f20d [39m[32m200[39m [90m45 ms - 1213[39m
[35m[HTTP][39m [90m[39m
[35m[HTTP][39m [37m-->[39m [37mGET[39m [37m/wd/hub/session/50e29359-a5a0-41a9-8b47-7b94bc70f20d[39m
[35m[HTTP][39m [90m{}[39m
[35m[HTTP][39m [37m<-- GET /wd/hub/session/50e29359-a5a0-41a9-8b47-7b94bc70f20d [39m[32m200[39m [90m29 ms - 1213[39m
[35m[HTTP][39m [90m[39m
[35m[HTTP][39m [37m-->[39m [37mGET[39m [37m/wd/hub/session/50e29359-a5a0-41a9-8b47-7b94bc70f20d[39m
[35m[HTTP][39m [90m{}[39m
[35m[HTTP][39m [37m<-- GET /wd/hub/session/50e29359-a5a0-41a9-8b47-7b94bc70f20d [39m[32m200[39m [90m24 ms - 1213[39m
[35m[HTTP][39m [90m[39m
[35m[HTTP][39m [37m-->[39m [37mGET[39m [37m/wd/hub/session/50e29359-a5a0-41a9-8b47-7b94bc70f20d/element/26934709-a6cc-4dfe-bb3d-829b35b652a3/location[39m
[35m[HTTP][39m [90m{}[39m
[35m[W3C][39m Driver proxy active, passing request on via HTTP proxy
[35m[JSONWP Proxy][39m Replacing sessionId 29ccde70-5ebc-4081-acf6-53196a061a2c with 50e29359-a5a0-41a9-8b47-7b94bc70f20d
[35m[HTTP][39m [37m<-- GET /wd/hub/session/50e29359-a5a0-41a9-8b47-7b94bc70f20d/element/26934709-a6cc-4dfe-bb3d-829b35b652a3/location [39m[32m200[39m [90m42 ms - 88[39m
[35m[HTTP][39m [90m[39m
[35m[HTTP][39m [37m-->[39m [37mPOST[39m [37m/wd/hub/session/50e29359-a5a0-41a9-8b47-7b94bc70f20d/touch/perform[39m
[35m[HTTP][39m [90m{"actions":[{"action":"tap","options":{"element":"26934709-a6cc-4dfe-bb3d-829b35b652a3","x":1,"y":1}}]}[39m
[35m[UiAutomator2][39m calling get location: 26934709-a6cc-4dfe-bb3d-829b35b652a3
[35m[HTTP][39m [37m<-- POST /wd/hub/session/50e29359-a5a0-41a9-8b47-7b94bc70f20d/touch/perform [39m[32m200[39m [90m1275 ms - 76[39m
[35m[HTTP][39m [90m[39m
[35m[HTTP][39m [37m-->[39m [37mGET[39m [37m/wd/hub/session/50e29359-a5a0-41a9-8b47-7b94bc70f20d/context[39m
[35m[HTTP][39m [90m{}[39m
[35m[HTTP][39m [37m<-- GET /wd/hub/session/50e29359-a5a0-41a9-8b47-7b94bc70f20d/context [39m[32m200[39m [90m3 ms - 84[39m
[35m[HTTP][39m [90m[39m
[35m[HTTP][39m [37m-->[39m [37mGET[39m [37m/wd/hub/session/50e29359-a5a0-41a9-8b47-7b94bc70f20d/contexts[39m
[35m[HTTP][39m [90m{}[39m
[35m[HTTP][39m [37m<-- GET /wd/hub/session/50e29359-a5a0-41a9-8b47-7b94bc70f20d/contexts [39m[32m200[39m [90m117 ms - 86[39m
[35m[HTTP][39m [90m[39m
[35m[HTTP][39m [37m-->[39m [37mPOST[39m [37m/wd/hub/session/50e29359-a5a0-41a9-8b47-7b94bc70f20d/context[39m
[35m[HTTP][39m [90m{"name":"NATIVE_APP"}[39m
[35m[HTTP][39m [37m<-- POST /wd/hub/session/50e29359-a5a0-41a9-8b47-7b94bc70f20d/context [39m[32m200[39m [90m155 ms - 76[39m
[35m[HTTP][39m [90m[39m
[35m[HTTP][39m [37m-->[39m [37mPOST[39m [37m/wd/hub/session/50e29359-a5a0-41a9-8b47-7b94bc70f20d/appium/device/press_keycode[39m
[35m[HTTP][39m [90m{"keycode":4}[39m
[35m[HTTP][39m [37m<-- POST /wd/hub/session/50e29359-a5a0-41a9-8b47-7b94bc70f20d/appium/device/press_keycode [39m[32m200[39m [90m99 ms - 76[39m
[35m[HTTP][39m [90m[39m
[35m[HTTP][39m [37m-->[39m [37mPOST[39m [37m/wd/hub/session/50e29359-a5a0-41a9-8b47-7b94bc70f20d/context[39m
[35m[HTTP][39m [90m{"name":"NATIVE_APP"}[39m
[35m[HTTP][39m [37m<-- POST /wd/hub/session/50e29359-a5a0-41a9-8b47-7b94bc70f20d/context [39m[32m200[39m [90m74 ms - 76[39m
[35m[HTTP][39m [90m[39m
[35m[HTTP][39m [37m-->[39m [37mGET[39m [37m/wd/hub/session/50e29359-a5a0-41a9-8b47-7b94bc70f20d/window/current/size[39m
[35m[HTTP][39m [90m{}[39m
[35m[W3C][39m Driver proxy active, passing request on via HTTP proxy
[35m[JSONWP Proxy][39m Replacing sessionId 29ccde70-5ebc-4081-acf6-53196a061a2c with 50e29359-a5a0-41a9-8b47-7b94bc70f20d
[35m[HTTP][39m [37m<-- GET /wd/hub/session/50e29359-a5a0-41a9-8b47-7b94bc70f20d/window/current/size [39m[32m200[39m [90m12 ms - 100[39m
[35m[HTTP][39m [90m[39m
[35m[HTTP][39m [37m-->[39m [37mPOST[39m [37m/wd/hub/session/50e29359-a5a0-41a9-8b47-7b94bc70f20d/elements[39m
[35m[HTTP][39m [90m{"using":"-android uiautomator","value":"new UiSelector().className(\"android.widget.TextView\").text(\"OS\").resourceId(\"android:id/text1\").instance(8)"}[39m
[35m[HTTP][39m [37m<-- POST /wd/hub/session/50e29359-a5a0-41a9-8b47-7b94bc70f20d/elements [39m[32m200[39m [90m860 ms - 124[39m
[35m[HTTP][39m [90m[39m
[35m[HTTP][39m [37m-->[39m [37mGET[39m [37m/wd/hub/session/50e29359-a5a0-41a9-8b47-7b94bc70f20d[39m
[35m[HTTP][39m [90m{}[39m
[35m[HTTP][39m [37m<-- GET /wd/hub/session/50e29359-a5a0-41a9-8b47-7b94bc70f20d [39m[32m200[39m [90m21 ms - 1213[39m
[35m[HTTP][39m [90m[39m
[35m[HTTP][39m [37m-->[39m [37mGET[39m [37m/wd/hub/session/50e29359-a5a0-41a9-8b47-7b94bc70f20d[39m
[35m[HTTP][39m [90m{}[39m
[35m[HTTP][39m [37m<-- GET /wd/hub/session/50e29359-a5a0-41a9-8b47-7b94bc70f20d [39m[32m200[39m [90m20 ms - 1213[39m
[35m[HTTP][39m [90m[39m
[35m[HTTP][39m [37m-->[39m [37mGET[39m [37m/wd/hub/session/50e29359-a5a0-41a9-8b47-7b94bc70f20d[39m
[35m[HTTP][39m [90m{}[39m
[35m[HTTP][39m [37m<-- GET /wd/hub/session/50e29359-a5a0-41a9-8b47-7b94bc70f20d [39m[32m200[39m [90m21 ms - 1213[39m
[35m[HTTP][39m [90m[39m
[35m[HTTP][39m [37m-->[39m [37mGET[39m [37m/wd/hub/session/50e29359-a5a0-41a9-8b47-7b94bc70f20d[39m
[35m[HTTP][39m [90m{}[39m
[35m[HTTP][39m [37m<-- GET /wd/hub/session/50e29359-a5a0-41a9-8b47-7b94bc70f20d [39m[32m200[39m [90m18 ms - 1213[39m
[35m[HTTP][39m [90m[39m
[35m[HTTP][39m [37m-->[39m [37mGET[39m [37m/wd/hub/session/50e29359-a5a0-41a9-8b47-7b94bc70f20d/element/7f2cd3e7-1c29-4d4f-a673-ee6ed63e5b83/location[39m
[35m[HTTP][39m [90m{}[39m
[35m[W3C][39m Driver proxy active, passing request on via HTTP proxy
[35m[JSONWP Proxy][39m Replacing sessionId 29ccde70-5ebc-4081-acf6-53196a061a2c with 50e29359-a5a0-41a9-8b47-7b94bc70f20d
[35m[HTTP][39m [37m<-- GET /wd/hub/session/50e29359-a5a0-41a9-8b47-7b94bc70f20d/element/7f2cd3e7-1c29-4d4f-a673-ee6ed63e5b83/location [39m[32m200[39m [90m35 ms - 88[39m
[35m[HTTP][39m [90m[39m
[35m[HTTP][39m [37m-->[39m [37mPOST[39m [37m/wd/hub/session/50e29359-a5a0-41a9-8b47-7b94bc70f20d/touch/perform[39m
[35m[HTTP][39m [90m{"actions":[{"action":"tap","options":{"element":"7f2cd3e7-1c29-4d4f-a673-ee6ed63e5b83","x":1,"y":1}}]}[39m
[35m[UiAutomator2][39m calling get location: 7f2cd3e7-1c29-4d4f-a673-ee6ed63e5b83
[35m[HTTP][39m [37m<-- POST /wd/hub/session/50e29359-a5a0-41a9-8b47-7b94bc70f20d/touch/perform [39m[32m200[39m [90m1298 ms - 76[39m
[35m[HTTP][39m [90m[39m
[35m[HTTP][39m [37m-->[39m [37mGET[39m [37m/wd/hub/session/50e29359-a5a0-41a9-8b47-7b94bc70f20d/context[39m
[35m[HTTP][39m [90m{}[39m
[35m[HTTP][39m [37m<-- GET /wd/hub/session/50e29359-a5a0-41a9-8b47-7b94bc70f20d/context [39m[32m200[39m [90m1 ms - 84[39m
[35m[HTTP][39m [90m[39m
[35m[HTTP][39m [37m-->[39m [37mGET[39m [37m/wd/hub/session/50e29359-a5a0-41a9-8b47-7b94bc70f20d/contexts[39m
[35m[HTTP][39m [90m{}[39m
[35m[HTTP][39m [37m<-- GET /wd/hub/session/50e29359-a5a0-41a9-8b47-7b94bc70f20d/contexts [39m[32m200[39m [90m177 ms - 86[39m
[35m[HTTP][39m [90m[39m
[35m[HTTP][39m [37m-->[39m [37mPOST[39m [37m/wd/hub/session/50e29359-a5a0-41a9-8b47-7b94bc70f20d/context[39m
[35m[HTTP][39m [90m{"name":"NATIVE_APP"}[39m
[35m[HTTP][39m [37m<-- POST /wd/hub/session/50e29359-a5a0-41a9-8b47-7b94bc70f20d/context [39m[32m200[39m [90m178 ms - 76[39m
[35m[HTTP][39m [90m[39m
[35m[HTTP][39m [37m-->[39m [37mPOST[39m [37m/wd/hub/session/50e29359-a5a0-41a9-8b47-7b94bc70f20d/appium/device/press_keycode[39m
[35m[HTTP][39m [90m{"keycode":4}[39m
[35m[HTTP][39m [37m<-- POST /wd/hub/session/50e29359-a5a0-41a9-8b47-7b94bc70f20d/appium/device/press_keycode [39m[32m200[39m [90m81 ms - 76[39m
[35m[HTTP][39m [90m[39m
[35m[HTTP][39m [37m-->[39m [37mPOST[39m [37m/wd/hub/session/50e29359-a5a0-41a9-8b47-7b94bc70f20d/context[39m
[35m[HTTP][39m [90m{"name":"NATIVE_APP"}[39m
[35m[HTTP][39m [37m<-- POST /wd/hub/session/50e29359-a5a0-41a9-8b47-7b94bc70f20d/context [39m[32m200[39m [90m62 ms - 76[39m
[35m[HTTP][39m [90m[39m
[35m[HTTP][39m [37m-->[39m [37mGET[39m [37m/wd/hub/session/50e29359-a5a0-41a9-8b47-7b94bc70f20d/window/current/size[39m
[35m[HTTP][39m [90m{}[39m
[35m[W3C][39m Driver proxy active, passing request on via HTTP proxy
[35m[JSONWP Proxy][39m Replacing sessionId 29ccde70-5ebc-4081-acf6-53196a061a2c with 50e29359-a5a0-41a9-8b47-7b94bc70f20d
[35m[HTTP][39m [37m<-- GET /wd/hub/session/50e29359-a5a0-41a9-8b47-7b94bc70f20d/window/current/size [39m[32m200[39m [90m15 ms - 100[39m
[35m[HTTP][39m [90m[39m
[35m[HTTP][39m [37m-->[39m [37mPOST[39m [37m/wd/hub/session/50e29359-a5a0-41a9-8b47-7b94bc70f20d/elements[39m
[35m[HTTP][39m [90m{"using":"-android uiautomator","value":"new UiSelector().className(\"android.widget.TextView\").text(\"Preference\").resourceId(\"android:id/text1\").instance(9)"}[39m
[35m[HTTP][39m [37m<-- POST /wd/hub/session/50e29359-a5a0-41a9-8b47-7b94bc70f20d/elements [39m[32m200[39m [90m861 ms - 124[39m
[35m[HTTP][39m [90m[39m
[35m[HTTP][39m [37m-->[39m [37mGET[39m [37m/wd/hub/session/50e29359-a5a0-41a9-8b47-7b94bc70f20d[39m
[35m[HTTP][39m [90m{}[39m
[35m[HTTP][39m [37m<-- GET /wd/hub/session/50e29359-a5a0-41a9-8b47-7b94bc70f20d [39m[32m200[39m [90m35 ms - 1213[39m
[35m[HTTP][39m [90m[39m
[35m[HTTP][39m [37m-->[39m [37mGET[39m [37m/wd/hub/session/50e29359-a5a0-41a9-8b47-7b94bc70f20d[39m
[35m[HTTP][39m [90m{}[39m
[35m[HTTP][39m [37m<-- GET /wd/hub/session/50e29359-a5a0-41a9-8b47-7b94bc70f20d [39m[32m200[39m [90m29 ms - 1213[39m
[35m[HTTP][39m [90m[39m
[35m[HTTP][39m [37m-->[39m [37mGET[39m [37m/wd/hub/session/50e29359-a5a0-41a9-8b47-7b94bc70f20d[39m
[35m[HTTP][39m [90m{}[39m
[35m[HTTP][39m [37m<-- GET /wd/hub/session/50e29359-a5a0-41a9-8b47-7b94bc70f20d [39m[32m200[39m [90m26 ms - 1213[39m
[35m[HTTP][39m [90m[39m
[35m[HTTP][39m [37m-->[39m [37mGET[39m [37m/wd/hub/session/50e29359-a5a0-41a9-8b47-7b94bc70f20d[39m
[35m[HTTP][39m [90m{}[39m
[35m[HTTP][39m [37m<-- GET /wd/hub/session/50e29359-a5a0-41a9-8b47-7b94bc70f20d [39m[32m200[39m [90m26 ms - 1213[39m
[35m[HTTP][39m [90m[39m
[35m[HTTP][39m [37m-->[39m [37mGET[39m [37m/wd/hub/session/50e29359-a5a0-41a9-8b47-7b94bc70f20d/element/050d06e1-9fc0-4ebb-9c65-bb8af7807a37/location[39m
[35m[HTTP][39m [90m{}[39m
[35m[W3C][39m Driver proxy active, passing request on via HTTP proxy
[35m[JSONWP Proxy][39m Replacing sessionId 29ccde70-5ebc-4081-acf6-53196a061a2c with 50e29359-a5a0-41a9-8b47-7b94bc70f20d
[35m[HTTP][39m [37m<-- GET /wd/hub/session/50e29359-a5a0-41a9-8b47-7b94bc70f20d/element/050d06e1-9fc0-4ebb-9c65-bb8af7807a37/location [39m[32m200[39m [90m42 ms - 88[39m
[35m[HTTP][39m [90m[39m
[35m[HTTP][39m [37m-->[39m [37mPOST[39m [37m/wd/hub/session/50e29359-a5a0-41a9-8b47-7b94bc70f20d/touch/perform[39m
[35m[HTTP][39m [90m{"actions":[{"action":"tap","options":{"element":"050d06e1-9fc0-4ebb-9c65-bb8af7807a37","x":1,"y":1}}]}[39m
[35m[UiAutomator2][39m calling get location: 050d06e1-9fc0-4ebb-9c65-bb8af7807a37
[35m[HTTP][39m [37m<-- POST /wd/hub/session/50e29359-a5a0-41a9-8b47-7b94bc70f20d/touch/perform [39m[32m200[39m [90m1280 ms - 76[39m
[35m[HTTP][39m [90m[39m
[35m[HTTP][39m [37m-->[39m [37mGET[39m [37m/wd/hub/session/50e29359-a5a0-41a9-8b47-7b94bc70f20d/context[39m
[35m[HTTP][39m [90m{}[39m
[35m[HTTP][39m [37m<-- GET /wd/hub/session/50e29359-a5a0-41a9-8b47-7b94bc70f20d/context [39m[32m200[39m [90m2 ms - 84[39m
[35m[HTTP][39m [90m[39m
[35m[HTTP][39m [37m-->[39m [37mGET[39m [37m/wd/hub/session/50e29359-a5a0-41a9-8b47-7b94bc70f20d/contexts[39m
[35m[HTTP][39m [90m{}[39m
[35m[HTTP][39m [37m<-- GET /wd/hub/session/50e29359-a5a0-41a9-8b47-7b94bc70f20d/contexts [39m[32m200[39m [90m59 ms - 86[39m
[35m[HTTP][39m [90m[39m
[35m[HTTP][39m [37m-->[39m [37mPOST[39m [37m/wd/hub/session/50e29359-a5a0-41a9-8b47-7b94bc70f20d/context[39m
[35m[HTTP][39m [90m{"name":"NATIVE_APP"}[39m
[35m[HTTP][39m [37m<-- POST /wd/hub/session/50e29359-a5a0-41a9-8b47-7b94bc70f20d/context [39m[32m200[39m [90m192 ms - 76[39m
[35m[HTTP][39m [90m[39m
[35m[HTTP][39m [37m-->[39m [37mPOST[39m [37m/wd/hub/session/50e29359-a5a0-41a9-8b47-7b94bc70f20d/appium/device/press_keycode[39m
[35m[HTTP][39m [90m{"keycode":4}[39m
[35m[HTTP][39m [37m<-- POST /wd/hub/session/50e29359-a5a0-41a9-8b47-7b94bc70f20d/appium/device/press_keycode [39m[32m200[39m [90m100 ms - 76[39m
[35m[HTTP][39m [90m[39m
[35m[HTTP][39m [37m-->[39m [37mPOST[39m [37m/wd/hub/session/50e29359-a5a0-41a9-8b47-7b94bc70f20d/context[39m
[35m[HTTP][39m [90m{"name":"NATIVE_APP"}[39m
[35m[HTTP][39m [37m<-- POST /wd/hub/session/50e29359-a5a0-41a9-8b47-7b94bc70f20d/context [39m[32m200[39m [90m156 ms - 76[39m
[35m[HTTP][39m [90m[39m
[35m[HTTP][39m [37m-->[39m [37mGET[39m [37m/wd/hub/session/50e29359-a5a0-41a9-8b47-7b94bc70f20d/window/current/size[39m
[35m[HTTP][39m [90m{}[39m
[35m[W3C][39m Driver proxy active, passing request on via HTTP proxy
[35m[JSONWP Proxy][39m Replacing sessionId 29ccde70-5ebc-4081-acf6-53196a061a2c with 50e29359-a5a0-41a9-8b47-7b94bc70f20d
[35m[HTTP][39m [37m<-- GET /wd/hub/session/50e29359-a5a0-41a9-8b47-7b94bc70f20d/window/current/size [39m[32m200[39m [90m16 ms - 100[39m
[35m[HTTP][39m [90m[39m
[35m[HTTP][39m [37m-->[39m [37mPOST[39m [37m/wd/hub/session/50e29359-a5a0-41a9-8b47-7b94bc70f20d/elements[39m
[35m[HTTP][39m [90m{"using":"-android uiautomator","value":"new UiSelector().className(\"android.widget.TextView\").text(\"Preference\").resourceId(\"android:id/text1\").instance(9)"}[39m
[35m[HTTP][39m [37m<-- POST /wd/hub/session/50e29359-a5a0-41a9-8b47-7b94bc70f20d/elements [39m[32m200[39m [90m777 ms - 124[39m
[35m[HTTP][39m [90m[39m
[35m[HTTP][39m [37m-->[39m [37mGET[39m [37m/wd/hub/session/50e29359-a5a0-41a9-8b47-7b94bc70f20d[39m
[35m[HTTP][39m [90m{}[39m
[35m[HTTP][39m [37m<-- GET /wd/hub/session/50e29359-a5a0-41a9-8b47-7b94bc70f20d [39m[32m200[39m [90m38 ms - 1213[39m
[35m[HTTP][39m [90m[39m
[35m[HTTP][39m [37m-->[39m [37mGET[39m [37m/wd/hub/session/50e29359-a5a0-41a9-8b47-7b94bc70f20d[39m
[35m[HTTP][39m [90m{}[39m
[35m[HTTP][39m [37m<-- GET /wd/hub/session/50e29359-a5a0-41a9-8b47-7b94bc70f20d [39m[32m200[39m [90m22 ms - 1213[39m
[35m[HTTP][39m [90m[39m
[35m[HTTP][39m [37m-->[39m [37mGET[39m [37m/wd/hub/session/50e29359-a5a0-41a9-8b47-7b94bc70f20d[39m
[35m[HTTP][39m [90m{}[39m
[35m[HTTP][39m [37m<-- GET /wd/hub/session/50e29359-a5a0-41a9-8b47-7b94bc70f20d [39m[32m200[39m [90m20 ms - 1213[39m
[35m[HTTP][39m [90m[39m
[35m[HTTP][39m [37m-->[39m [37mGET[39m [37m/wd/hub/session/50e29359-a5a0-41a9-8b47-7b94bc70f20d[39m
[35m[HTTP][39m [90m{}[39m
[35m[HTTP][39m [37m<-- GET /wd/hub/session/50e29359-a5a0-41a9-8b47-7b94bc70f20d [39m[32m200[39m [90m22 ms - 1213[39m
[35m[HTTP][39m [90m[39m
[35m[HTTP][39m [37m-->[39m [37mGET[39m [37m/wd/hub/session/50e29359-a5a0-41a9-8b47-7b94bc70f20d/element/d492dbe6-8da0-4aa6-b7ae-4afd8f32d89f/location[39m
[35m[HTTP][39m [90m{}[39m
[35m[W3C][39m Driver proxy active, passing request on via HTTP proxy
[35m[JSONWP Proxy][39m Replacing sessionId 29ccde70-5ebc-4081-acf6-53196a061a2c with 50e29359-a5a0-41a9-8b47-7b94bc70f20d
[35m[HTTP][39m [37m<-- GET /wd/hub/session/50e29359-a5a0-41a9-8b47-7b94bc70f20d/element/d492dbe6-8da0-4aa6-b7ae-4afd8f32d89f/location [39m[32m200[39m [90m43 ms - 88[39m
[35m[HTTP][39m [90m[39m
[35m[HTTP][39m [37m-->[39m [37mPOST[39m [37m/wd/hub/session/50e29359-a5a0-41a9-8b47-7b94bc70f20d/touch/perform[39m
[35m[HTTP][39m [90m{"actions":[{"action":"tap","options":{"element":"d492dbe6-8da0-4aa6-b7ae-4afd8f32d89f","x":1,"y":1}}]}[39m
[35m[UiAutomator2][39m calling get location: d492dbe6-8da0-4aa6-b7ae-4afd8f32d89f
[35m[HTTP][39m [37m<-- POST /wd/hub/session/50e29359-a5a0-41a9-8b47-7b94bc70f20d/touch/perform [39m[32m200[39m [90m1351 ms - 76[39m
[35m[HTTP][39m [90m[39m
[35m[HTTP][39m [37m-->[39m [37mGET[39m [37m/wd/hub/session/50e29359-a5a0-41a9-8b47-7b94bc70f20d/context[39m
[35m[HTTP][39m [90m{}[39m
[35m[HTTP][39m [37m<-- GET /wd/hub/session/50e29359-a5a0-41a9-8b47-7b94bc70f20d/context [39m[32m200[39m [90m2 ms - 84[39m
[35m[HTTP][39m [90m[39m
[35m[HTTP][39m [37m-->[39m [37mGET[39m [37m/wd/hub/session/50e29359-a5a0-41a9-8b47-7b94bc70f20d/contexts[39m
[35m[HTTP][39m [90m{}[39m
[35m[HTTP][39m [37m<-- GET /wd/hub/session/50e29359-a5a0-41a9-8b47-7b94bc70f20d/contexts [39m[32m200[39m [90m61 ms - 86[39m
[35m[HTTP][39m [90m[39m
[35m[HTTP][39m [37m-->[39m [37mPOST[39m [37m/wd/hub/session/50e29359-a5a0-41a9-8b47-7b94bc70f20d/context[39m
[35m[HTTP][39m [90m{"name":"NATIVE_APP"}[39m
[35m[HTTP][39m [37m<-- POST /wd/hub/session/50e29359-a5a0-41a9-8b47-7b94bc70f20d/context [39m[32m200[39m [90m50 ms - 76[39m
[35m[HTTP][39m [90m[39m
[35m[HTTP][39m [37m-->[39m [37mPOST[39m [37m/wd/hub/session/50e29359-a5a0-41a9-8b47-7b94bc70f20d/appium/device/press_keycode[39m
[35m[HTTP][39m [90m{"keycode":4}[39m
[35m[HTTP][39m [37m<-- POST /wd/hub/session/50e29359-a5a0-41a9-8b47-7b94bc70f20d/appium/device/press_keycode [39m[32m200[39m [90m53 ms - 76[39m
[35m[HTTP][39m [90m[39m
[35m[HTTP][39m [37m-->[39m [37mPOST[39m [37m/wd/hub/session/50e29359-a5a0-41a9-8b47-7b94bc70f20d/context[39m
[35m[HTTP][39m [90m{"name":"NATIVE_APP"}[39m
[35m[HTTP][39m [37m<-- POST /wd/hub/session/50e29359-a5a0-41a9-8b47-7b94bc70f20d/context [39m[32m200[39m [90m73 ms - 76[39m
[35m[HTTP][39m [90m[39m
[35m[HTTP][39m [37m-->[39m [37mGET[39m [37m/wd/hub/session/50e29359-a5a0-41a9-8b47-7b94bc70f20d/window/current/size[39m
[35m[HTTP][39m [90m{}[39m
[35m[W3C][39m Driver proxy active, passing request on via HTTP proxy
[35m[JSONWP Proxy][39m Replacing sessionId 29ccde70-5ebc-4081-acf6-53196a061a2c with 50e29359-a5a0-41a9-8b47-7b94bc70f20d
[35m[HTTP][39m [37m<-- GET /wd/hub/session/50e29359-a5a0-41a9-8b47-7b94bc70f20d/window/current/size [39m[32m200[39m [90m14 ms - 100[39m
[35m[HTTP][39m [90m[39m
[35m[HTTP][39m [37m-->[39m [37mPOST[39m [37m/wd/hub/session/50e29359-a5a0-41a9-8b47-7b94bc70f20d/elements[39m
[35m[HTTP][39m [90m{"using":"-android uiautomator","value":"new UiSelector().className(\"android.widget.TextView\").text(\"Text\").resourceId(\"android:id/text1\").instance(10)"}[39m
[35m[HTTP][39m [37m<-- POST /wd/hub/session/50e29359-a5a0-41a9-8b47-7b94bc70f20d/elements [39m[32m200[39m [90m847 ms - 124[39m
[35m[HTTP][39m [90m[39m
[35m[HTTP][39m [37m-->[39m [37mGET[39m [37m/wd/hub/session/50e29359-a5a0-41a9-8b47-7b94bc70f20d[39m
[35m[HTTP][39m [90m{}[39m
[35m[HTTP][39m [37m<-- GET /wd/hub/session/50e29359-a5a0-41a9-8b47-7b94bc70f20d [39m[32m200[39m [90m35 ms - 1213[39m
[35m[HTTP][39m [90m[39m
[35m[HTTP][39m [37m-->[39m [37mGET[39m [37m/wd/hub/session/50e29359-a5a0-41a9-8b47-7b94bc70f20d[39m
[35m[HTTP][39m [90m{}[39m
[35m[HTTP][39m [37m<-- GET /wd/hub/session/50e29359-a5a0-41a9-8b47-7b94bc70f20d [39m[32m200[39m [90m20 ms - 1213[39m
[35m[HTTP][39m [90m[39m
[35m[HTTP][39m [37m-->[39m [37mGET[39m [37m/wd/hub/session/50e29359-a5a0-41a9-8b47-7b94bc70f20d[39m
[35m[HTTP][39m [90m{}[39m
[35m[HTTP][39m [37m<-- GET /wd/hub/session/50e29359-a5a0-41a9-8b47-7b94bc70f20d [39m[32m200[39m [90m19 ms - 1213[39m
[35m[HTTP][39m [90m[39m
[35m[HTTP][39m [37m-->[39m [37mGET[39m [37m/wd/hub/session/50e29359-a5a0-41a9-8b47-7b94bc70f20d[39m
[35m[HTTP][39m [90m{}[39m
[35m[HTTP][39m [37m<-- GET /wd/hub/session/50e29359-a5a0-41a9-8b47-7b94bc70f20d [39m[32m200[39m [90m16 ms - 1213[39m
[35m[HTTP][39m [90m[39m
[35m[HTTP][39m [37m-->[39m [37mGET[39m [37m/wd/hub/session/50e29359-a5a0-41a9-8b47-7b94bc70f20d/element/1b81a993-6d8b-43c5-b886-9c3da253a403/location[39m
[35m[HTTP][39m [90m{}[39m
[35m[W3C][39m Driver proxy active, passing request on via HTTP proxy
[35m[JSONWP Proxy][39m Replacing sessionId 29ccde70-5ebc-4081-acf6-53196a061a2c with 50e29359-a5a0-41a9-8b47-7b94bc70f20d
[35m[HTTP][39m [37m<-- GET /wd/hub/session/50e29359-a5a0-41a9-8b47-7b94bc70f20d/element/1b81a993-6d8b-43c5-b886-9c3da253a403/location [39m[32m200[39m [90m33 ms - 88[39m
[35m[HTTP][39m [90m[39m
[35m[HTTP][39m [37m-->[39m [37mPOST[39m [37m/wd/hub/session/50e29359-a5a0-41a9-8b47-7b94bc70f20d/touch/perform[39m
[35m[HTTP][39m [90m{"actions":[{"action":"tap","options":{"element":"1b81a993-6d8b-43c5-b886-9c3da253a403","x":1,"y":1}}]}[39m
[35m[UiAutomator2][39m calling get location: 1b81a993-6d8b-43c5-b886-9c3da253a403
[35m[HTTP][39m [37m<-- POST /wd/hub/session/50e29359-a5a0-41a9-8b47-7b94bc70f20d/touch/perform [39m[32m200[39m [90m1226 ms - 76[39m
[35m[HTTP][39m [90m[39m
[35m[HTTP][39m [37m-->[39m [37mGET[39m [37m/wd/hub/session/50e29359-a5a0-41a9-8b47-7b94bc70f20d/context[39m
[35m[HTTP][39m [90m{}[39m
[35m[HTTP][39m [37m<-- GET /wd/hub/session/50e29359-a5a0-41a9-8b47-7b94bc70f20d/context [39m[32m200[39m [90m5 ms - 84[39m
[35m[HTTP][39m [90m[39m
[35m[HTTP][39m [37m-->[39m [37mGET[39m [37m/wd/hub/session/50e29359-a5a0-41a9-8b47-7b94bc70f20d/contexts[39m
[35m[HTTP][39m [90m{}[39m
[35m[HTTP][39m [37m<-- GET /wd/hub/session/50e29359-a5a0-41a9-8b47-7b94bc70f20d/contexts [39m[32m200[39m [90m84 ms - 86[39m
[35m[HTTP][39m [90m[39m
[35m[HTTP][39m [37m-->[39m [37mPOST[39m [37m/wd/hub/session/50e29359-a5a0-41a9-8b47-7b94bc70f20d/context[39m
[35m[HTTP][39m [90m{"name":"NATIVE_APP"}[39m
[35m[HTTP][39m [37m<-- POST /wd/hub/session/50e29359-a5a0-41a9-8b47-7b94bc70f20d/context [39m[32m200[39m [90m277 ms - 76[39m
[35m[HTTP][39m [90m[39m
[35m[HTTP][39m [37m-->[39m [37mPOST[39m [37m/wd/hub/session/50e29359-a5a0-41a9-8b47-7b94bc70f20d/appium/device/press_keycode[39m
[35m[HTTP][39m [90m{"keycode":4}[39m
[35m[HTTP][39m [37m<-- POST /wd/hub/session/50e29359-a5a0-41a9-8b47-7b94bc70f20d/appium/device/press_keycode [39m[32m200[39m [90m92 ms - 76[39m
[35m[HTTP][39m [90m[39m
[35m[HTTP][39m [37m-->[39m [37mPOST[39m [37m/wd/hub/session/50e29359-a5a0-41a9-8b47-7b94bc70f20d/context[39m
[35m[HTTP][39m [90m{"name":"NATIVE_APP"}[39m
[35m[HTTP][39m [37m<-- POST /wd/hub/session/50e29359-a5a0-41a9-8b47-7b94bc70f20d/context [39m[32m200[39m [90m188 ms - 76[39m
[35m[HTTP][39m [90m[39m
[35m[HTTP][39m [37m-->[39m [37mGET[39m [37m/wd/hub/session/50e29359-a5a0-41a9-8b47-7b94bc70f20d/window/current/size[39m
[35m[HTTP][39m [90m{}[39m
[35m[W3C][39m Driver proxy active, passing request on via HTTP proxy
[35m[JSONWP Proxy][39m Replacing sessionId 29ccde70-5ebc-4081-acf6-53196a061a2c with 50e29359-a5a0-41a9-8b47-7b94bc70f20d
[35m[HTTP][39m [37m<-- GET /wd/hub/session/50e29359-a5a0-41a9-8b47-7b94bc70f20d/window/current/size [39m[32m200[39m [90m18 ms - 100[39m
[35m[HTTP][39m [90m[39m
[35m[HTTP][39m [37m-->[39m [37mPOST[39m [37m/wd/hub/session/50e29359-a5a0-41a9-8b47-7b94bc70f20d/elements[39m
[35m[HTTP][39m [90m{"using":"-android uiautomator","value":"new UiSelector().className(\"android.widget.TextView\").text(\"Views\").resourceId(\"android:id/text1\").instance(11)"}[39m
[35m[HTTP][39m [37m<-- POST /wd/hub/session/50e29359-a5a0-41a9-8b47-7b94bc70f20d/elements [39m[32m200[39m [90m754 ms - 124[39m
[35m[HTTP][39m [90m[39m
[35m[HTTP][39m [37m-->[39m [37mGET[39m [37m/wd/hub/session/50e29359-a5a0-41a9-8b47-7b94bc70f20d[39m
[35m[HTTP][39m [90m{}[39m
[35m[HTTP][39m [37m<-- GET /wd/hub/session/50e29359-a5a0-41a9-8b47-7b94bc70f20d [39m[32m200[39m [90m23 ms - 1213[39m
[35m[HTTP][39m [90m[39m
[35m[HTTP][39m [37m-->[39m [37mGET[39m [37m/wd/hub/session/50e29359-a5a0-41a9-8b47-7b94bc70f20d[39m
[35m[HTTP][39m [90m{}[39m
[35m[HTTP][39m [37m<-- GET /wd/hub/session/50e29359-a5a0-41a9-8b47-7b94bc70f20d [39m[32m200[39m [90m21 ms - 1213[39m
[35m[HTTP][39m [90m[39m
[35m[HTTP][39m [37m-->[39m [37mGET[39m [37m/wd/hub/session/50e29359-a5a0-41a9-8b47-7b94bc70f20d[39m
[35m[HTTP][39m [90m{}[39m
[35m[HTTP][39m [37m<-- GET /wd/hub/session/50e29359-a5a0-41a9-8b47-7b94bc70f20d [39m[32m200[39m [90m18 ms - 1213[39m
[35m[HTTP][39m [90m[39m
[35m[HTTP][39m [37m-->[39m [37mGET[39m [37m/wd/hub/session/50e29359-a5a0-41a9-8b47-7b94bc70f20d[39m
[35m[HTTP][39m [90m{}[39m
[35m[HTTP][39m [37m<-- GET /wd/hub/session/50e29359-a5a0-41a9-8b47-7b94bc70f20d [39m[32m200[39m [90m20 ms - 1213[39m
[35m[HTTP][39m [90m[39m
[35m[HTTP][39m [37m-->[39m [37mGET[39m [37m/wd/hub/session/50e29359-a5a0-41a9-8b47-7b94bc70f20d/element/c5452b41-bf4b-4fef-a325-918292549cf0/location[39m
[35m[HTTP][39m [90m{}[39m
[35m[W3C][39m Driver proxy active, passing request on via HTTP proxy
[35m[JSONWP Proxy][39m Replacing sessionId 29ccde70-5ebc-4081-acf6-53196a061a2c with 50e29359-a5a0-41a9-8b47-7b94bc70f20d
[35m[HTTP][39m [37m<-- GET /wd/hub/session/50e29359-a5a0-41a9-8b47-7b94bc70f20d/element/c5452b41-bf4b-4fef-a325-918292549cf0/location [39m[32m200[39m [90m39 ms - 88[39m
[35m[HTTP][39m [90m[39m
[35m[HTTP][39m [37m-->[39m [37mPOST[39m [37m/wd/hub/session/50e29359-a5a0-41a9-8b47-7b94bc70f20d/touch/perform[39m
[35m[HTTP][39m [90m{"actions":[{"action":"tap","options":{"element":"c5452b41-bf4b-4fef-a325-918292549cf0","x":1,"y":1}}]}[39m
[35m[UiAutomator2][39m calling get location: c5452b41-bf4b-4fef-a325-918292549cf0
[35m[HTTP][39m [37m<-- POST /wd/hub/session/50e29359-a5a0-41a9-8b47-7b94bc70f20d/touch/perform [39m[32m200[39m [90m1357 ms - 76[39m
[35m[HTTP][39m [90m[39m
[35m[HTTP][39m [37m-->[39m [37mGET[39m [37m/wd/hub/session/50e29359-a5a0-41a9-8b47-7b94bc70f20d/context[39m
[35m[HTTP][39m [90m{}[39m
[35m[HTTP][39m [37m<-- GET /wd/hub/session/50e29359-a5a0-41a9-8b47-7b94bc70f20d/context [39m[32m200[39m [90m5 ms - 84[39m
[35m[HTTP][39m [90m[39m
[35m[HTTP][39m [37m-->[39m [37mGET[39m [37m/wd/hub/session/50e29359-a5a0-41a9-8b47-7b94bc70f20d/contexts[39m
[35m[HTTP][39m [90m{}[39m
[35m[HTTP][39m [37m<-- GET /wd/hub/session/50e29359-a5a0-41a9-8b47-7b94bc70f20d/contexts [39m[32m200[39m [90m108 ms - 86[39m
[35m[HTTP][39m [90m[39m
[35m[HTTP][39m [37m-->[39m [37mPOST[39m [37m/wd/hub/session/50e29359-a5a0-41a9-8b47-7b94bc70f20d/context[39m
[35m[HTTP][39m [90m{"name":"NATIVE_APP"}[39m
[35m[HTTP][39m [37m<-- POST /wd/hub/session/50e29359-a5a0-41a9-8b47-7b94bc70f20d/context [39m[32m200[39m [90m182 ms - 76[39m
[35m[HTTP][39m [90m[39m
[35m[HTTP][39m [37m-->[39m [37mPOST[39m [37m/wd/hub/session/50e29359-a5a0-41a9-8b47-7b94bc70f20d/appium/device/press_keycode[39m
[35m[HTTP][39m [90m{"keycode":4}[39m
[35m[HTTP][39m [37m<-- POST /wd/hub/session/50e29359-a5a0-41a9-8b47-7b94bc70f20d/appium/device/press_keycode [39m[32m200[39m [90m92 ms - 76[39m
[35m[HTTP][39m [90m[39m
[35m[HTTP][39m [37m-->[39m [37mPOST[39m [37m/wd/hub/session/50e29359-a5a0-41a9-8b47-7b94bc70f20d/context[39m
[35m[HTTP][39m [90m{"name":"NATIVE_APP"}[39m
[35m[HTTP][39m [37m<-- POST /wd/hub/session/50e29359-a5a0-41a9-8b47-7b94bc70f20d/context [39m[32m200[39m [90m178 ms - 76[39m
[35m[HTTP][39m [90m[39m
[35m[HTTP][39m [37m-->[39m [37mDELETE[39m [37m/wd/hub/session/50e29359-a5a0-41a9-8b47-7b94bc70f20d[39m
[35m[HTTP][39m [90m{}[39m
[35m[Appium][39m Removing session 50e29359-a5a0-41a9-8b47-7b94bc70f20d from our master session list
[35m[ADB][39m io.appium.android.apis was successfully uninstalled
[35m[HTTP][39m [37m<-- DELETE /wd/hub/session/50e29359-a5a0-41a9-8b47-7b94bc70f20d [39m[32m200[39m [90m3662 ms - 76[39m
[35m[HTTP][39m [90m[39m
