[35m[Appium][39m Welcome to Appium v1.8.1
[35m[Appium][39m Non-default server args:
[35m[Appium][39m   port: 55427
[35m[Appium][39m   loglevel: info
[35m[Appium][39m   chromeDriverPort: 55428
[35m[Appium][39m   tmpDir: C:\Users\Agato\AppData\Local\Temp\\Katalon\Appium\Temp1536074184044
[35m[Appium][39m Appium REST http interface listener started on 0.0.0.0:55427
[35m[HTTP][39m [37m-->[39m [37mGET[39m [37m/wd/hub/status[39m
[35m[HTTP][39m [90m{}[39m
[35m[HTTP][39m [37m<-- GET /wd/hub/status [39m[32m200[39m [90m17 ms - 83[39m
[35m[HTTP][39m [90m[39m
[35m[HTTP][39m [37m-->[39m [37mPOST[39m [37m/wd/hub/session[39m
[35m[HTTP][39m [90m{"desiredCapabilities":{"app":"C:\\Users\\Agato\\Desktop\\agato1\\Migracion\\ApiDemosApp\\ApiDemos-debug.apk","autoGrantPermissions":true,"automationName":"uiautomator2","deviceName":"samsung SM-G920F (Android 7.0)","fullReset":true,"newCommandTimeout":1800,"noReset":false,"platform":"ANDROID","platformName":"Android","udid":"10160a0973263f03"},"capabilities":{"desiredCapabilities":{"app":"C:\\Users\\Agato\\Desktop\\agato1\\Migracion\\ApiDemosApp\\ApiDemos-debug.apk","autoGrantPermissions":true,"automationName":"uiautomator2","deviceName":"samsung SM-G920F (Android 7.0)","fullReset":true,"newCommandTimeout":1800,"noReset":false,"platform":"ANDROID","platformName":"Android","udid":"10160a0973263f03"},"firstMatch":[{"platformName":"android"}]}}[39m
[35m[Appium][39m Could not parse W3C capabilities: 'deviceName' can't be blank. Falling back to JSONWP protocol.
[35m[Appium][39m The following capabilities were provided in the JSONWP desired capabilities that are missing in W3C capabilities: ["app","autoGrantPermissions","automationName","deviceName","fullReset","newCommandTimeout","noReset","platform","platformName","udid"]. Falling back to JSONWP protocol.
[35m[Appium][39m Creating new AndroidUiautomator2Driver (v1.12.0) session
[35m[Appium][39m Capabilities:
[35m[Appium][39m   app: C:\Users\Agato\Desktop\agato1\Migracion\ApiDemosApp\ApiDemos-debug.apk
[35m[Appium][39m   autoGrantPermissions: true
[35m[Appium][39m   automationName: uiautomator2
[35m[Appium][39m   deviceName: samsung SM-G920F (Android 7.0)
[35m[Appium][39m   fullReset: true
[35m[Appium][39m   newCommandTimeout: 1800
[35m[Appium][39m   noReset: false
[35m[Appium][39m   platform: ANDROID
[35m[Appium][39m   platformName: Android
[35m[Appium][39m   udid: 10160a0973263f03
[35m[BaseDriver][39m The following capabilities were provided, but are not recognized by appium: platform.
[35m[BaseDriver][39m Session created with session id: 7a3851fc-805b-4eb3-bcf9-6140ed6dadd7
[35m[BaseDriver][39m Using local app 'C:\Users\Agato\Desktop\agato1\Migracion\ApiDemosApp\ApiDemos-debug.apk'
[35m[AndroidDriver][39m Java version is: 1.8.0_102
[35m[ADB][39m Checking whether adb is present
[35m[ADB][39m Found 1 'build-tools' folders under 'C:\Users\Agato\.katalon\tools\android_sdk' (newest first):
[35m[ADB][39m     C:/Users/Agato/.katalon/tools/android_sdk/build-tools/28.0.1
[35m[ADB][39m Using adb.exe from C:\Users\Agato\.katalon\tools\android_sdk\platform-tools\adb.exe
[35m[AndroidDriver][39m Retrieving device list
[35m[AndroidDriver][39m Using device: 10160a0973263f03
[35m[ADB][39m Using the alternative activity name detection method because of: Could not find apkanalyzer.bat in C:\Users\Agato\.katalon\tools\android_sdk\platform-tools\apkanalyzer.bat,C:\Users\Agato\.katalon\tools\android_sdk\emulator\apkanalyzer.bat,C:\Users\Agato\.katalon\tools\android_sdk\tools\apkanalyzer.bat,C:\Users\Agato\.katalon\tools\android_sdk\tools\bin\apkanalyzer.bat,C:\Users\Agato\.katalon\tools\android_sdk\build-tools\28.0.1\apkanalyzer.bat. Do you have the Android SDK installed at 'C:\Users\Agato\.katalon\tools\android_sdk'?
[35m[ADB][39m Checking whether aapt is present
[35m[ADB][39m Using aapt.exe from C:\Users\Agato\.katalon\tools\android_sdk\build-tools\28.0.1\aapt.exe
[35m[ADB][39m Extracting package and launch activity from manifest
[35m[ADB][39m Package name: 'io.appium.android.apis'
[35m[ADB][39m Main activity name: 'io.appium.android.apis.ApiDemos'
[35m[ADB][39m Getting device platform version
[35m[ADB][39m Using apksigner.bat from C:\Users\Agato\.katalon\tools\android_sdk\build-tools\28.0.1\apksigner.bat
[35m[ADB][39m Checking whether zipalign is present
[35m[ADB][39m Using zipalign.exe from C:\Users\Agato\.katalon\tools\android_sdk\build-tools\28.0.1\zipalign.exe
[35m[ADB][39m io.appium.uiautomator2.server was successfully uninstalled
[35m[ADB][39m io.appium.uiautomator2.server.test was successfully uninstalled
[35m[AndroidDriver][39m setDeviceLanguageCountry requires language or country.
[35m[AndroidDriver][39m Got language: 'null' and country: 'null'
[35m[ADB][39m Successfully extracted 942 strings from 'C:\Users\Agato\Desktop\agato1\Migracion\ApiDemosApp\ApiDemos-debug.apk' resources for '(default)' configuration
[35m[ADB][39m io.appium.android.apis was not uninstalled, because it was not present on the device
[35m[UiAutomator2][39m Starting uiautomator2 server 1.12.0
[35m[UiAutomator2][39m Using UIAutomator2 server from 'C:\Users\Agato\AppData\Roaming\npm\node_modules\appium\node_modules\appium-uiautomator2-server\apks\appium-uiautomator2-server-v1.12.0.apk' and test from 'C:\Users\Agato\AppData\Roaming\npm\node_modules\appium\node_modules\appium-uiautomator2-server\apks\appium-uiautomator2-server-debug-androidTest.apk'
[35m[UiAutomator2][39m Running command: 'adb -s 10160a0973263f03 shell am instrument -w io.appium.uiautomator2.server.test/android.support.test.runner.AndroidJUnitRunner'
[35m[UiAutomator2][39m Waiting up to 20000ms for UiAutomator2 to be online...
[35m[AndroidDriver][39m Screen already unlocked, doing nothing
[35m[UiAutomator2][39m UiAutomator2 did not start the activity we were waiting for, 'io.appium.android.apis/io.appium.android.apis.ApiDemos'. Starting it ourselves
[35m[Appium][39m New AndroidUiautomator2Driver session created successfully, session 7a3851fc-805b-4eb3-bcf9-6140ed6dadd7 added to master session list
[35m[HTTP][39m [37m<-- POST /wd/hub/session [39m[32m200[39m [90m32807 ms - 1213[39m
[35m[HTTP][39m [90m[39m
[35m[HTTP][39m [37m-->[39m [37mGET[39m [37m/wd/hub/status[39m
[35m[HTTP][39m [90m{}[39m
[35m[HTTP][39m [37m<-- GET /wd/hub/status [39m[32m200[39m [90m2 ms - 55[39m
[35m[HTTP][39m [90m[39m
[35m[HTTP][39m [37m-->[39m [37mPOST[39m [37m/wd/hub/session/7a3851fc-805b-4eb3-bcf9-6140ed6dadd7/timeouts[39m
[35m[HTTP][39m [90m{"type":"implicit","ms":30000}[39m
[35m[HTTP][39m [37m<-- POST /wd/hub/session/7a3851fc-805b-4eb3-bcf9-6140ed6dadd7/timeouts [39m[33m400[39m [90m20 ms - 5308[39m
[35m[HTTP][39m [90m[39m
[35m[HTTP][39m [37m-->[39m [37mGET[39m [37m/wd/hub/session/7a3851fc-805b-4eb3-bcf9-6140ed6dadd7/window/current/size[39m
[35m[HTTP][39m [90m{}[39m
[35m[W3C][39m Driver proxy active, passing request on via HTTP proxy
[35m[JSONWP Proxy][39m Replacing sessionId d962f020-034b-4dc1-bc23-2fbeda3778af with 7a3851fc-805b-4eb3-bcf9-6140ed6dadd7
[35m[HTTP][39m [37m<-- GET /wd/hub/session/7a3851fc-805b-4eb3-bcf9-6140ed6dadd7/window/current/size [39m[32m200[39m [90m49 ms - 100[39m
[35m[HTTP][39m [90m[39m
[35m[HTTP][39m [37m-->[39m [37mPOST[39m [37m/wd/hub/session/7a3851fc-805b-4eb3-bcf9-6140ed6dadd7/elements[39m
[35m[HTTP][39m [90m{"using":"-android uiautomator","value":"new UiSelector().className(\"android.widget.TextView\").text(\"Accessibility\").resourceId(\"android:id/text1\").instance(1)"}[39m
[35m[HTTP][39m [37m<-- POST /wd/hub/session/7a3851fc-805b-4eb3-bcf9-6140ed6dadd7/elements [39m[32m200[39m [90m112 ms - 124[39m
[35m[HTTP][39m [90m[39m
[35m[HTTP][39m [37m-->[39m [37mGET[39m [37m/wd/hub/session/7a3851fc-805b-4eb3-bcf9-6140ed6dadd7[39m
[35m[HTTP][39m [90m{}[39m
[35m[HTTP][39m [37m<-- GET /wd/hub/session/7a3851fc-805b-4eb3-bcf9-6140ed6dadd7 [39m[32m200[39m [90m22 ms - 1213[39m
[35m[HTTP][39m [90m[39m
[35m[HTTP][39m [37m-->[39m [37mGET[39m [37m/wd/hub/session/7a3851fc-805b-4eb3-bcf9-6140ed6dadd7[39m
[35m[HTTP][39m [90m{}[39m
[35m[HTTP][39m [37m<-- GET /wd/hub/session/7a3851fc-805b-4eb3-bcf9-6140ed6dadd7 [39m[32m200[39m [90m30 ms - 1213[39m
[35m[HTTP][39m [90m[39m
[35m[HTTP][39m [37m-->[39m [37mGET[39m [37m/wd/hub/session/7a3851fc-805b-4eb3-bcf9-6140ed6dadd7[39m
[35m[HTTP][39m [90m{}[39m
[35m[HTTP][39m [37m<-- GET /wd/hub/session/7a3851fc-805b-4eb3-bcf9-6140ed6dadd7 [39m[32m200[39m [90m31 ms - 1213[39m
[35m[HTTP][39m [90m[39m
[35m[HTTP][39m [37m-->[39m [37mGET[39m [37m/wd/hub/session/7a3851fc-805b-4eb3-bcf9-6140ed6dadd7[39m
[35m[HTTP][39m [90m{}[39m
[35m[HTTP][39m [37m<-- GET /wd/hub/session/7a3851fc-805b-4eb3-bcf9-6140ed6dadd7 [39m[32m200[39m [90m22 ms - 1213[39m
[35m[HTTP][39m [90m[39m
[35m[HTTP][39m [37m-->[39m [37mGET[39m [37m/wd/hub/session/7a3851fc-805b-4eb3-bcf9-6140ed6dadd7/element/31ea399c-92ef-4703-a57e-8e8b4ddea8ef/location[39m
[35m[HTTP][39m [90m{}[39m
[35m[W3C][39m Driver proxy active, passing request on via HTTP proxy
[35m[JSONWP Proxy][39m Replacing sessionId d962f020-034b-4dc1-bc23-2fbeda3778af with 7a3851fc-805b-4eb3-bcf9-6140ed6dadd7
[35m[HTTP][39m [37m<-- GET /wd/hub/session/7a3851fc-805b-4eb3-bcf9-6140ed6dadd7/element/31ea399c-92ef-4703-a57e-8e8b4ddea8ef/location [39m[32m200[39m [90m37 ms - 87[39m
[35m[HTTP][39m [90m[39m
[35m[HTTP][39m [37m-->[39m [37mPOST[39m [37m/wd/hub/session/7a3851fc-805b-4eb3-bcf9-6140ed6dadd7/touch/perform[39m
[35m[HTTP][39m [90m{"actions":[{"action":"tap","options":{"element":"31ea399c-92ef-4703-a57e-8e8b4ddea8ef","x":1,"y":1}}]}[39m
[35m[UiAutomator2][39m calling get location: 31ea399c-92ef-4703-a57e-8e8b4ddea8ef
[35m[HTTP][39m [37m<-- POST /wd/hub/session/7a3851fc-805b-4eb3-bcf9-6140ed6dadd7/touch/perform [39m[32m200[39m [90m1315 ms - 76[39m
[35m[HTTP][39m [90m[39m
[35m[HTTP][39m [37m-->[39m [37mGET[39m [37m/wd/hub/session/7a3851fc-805b-4eb3-bcf9-6140ed6dadd7/context[39m
[35m[HTTP][39m [90m{}[39m
[35m[HTTP][39m [37m<-- GET /wd/hub/session/7a3851fc-805b-4eb3-bcf9-6140ed6dadd7/context [39m[32m200[39m [90m3 ms - 84[39m
[35m[HTTP][39m [90m[39m
[35m[HTTP][39m [37m-->[39m [37mGET[39m [37m/wd/hub/session/7a3851fc-805b-4eb3-bcf9-6140ed6dadd7/contexts[39m
[35m[HTTP][39m [90m{}[39m
[35m[HTTP][39m [37m<-- GET /wd/hub/session/7a3851fc-805b-4eb3-bcf9-6140ed6dadd7/contexts [39m[32m200[39m [90m182 ms - 86[39m
[35m[HTTP][39m [90m[39m
[35m[HTTP][39m [37m-->[39m [37mPOST[39m [37m/wd/hub/session/7a3851fc-805b-4eb3-bcf9-6140ed6dadd7/context[39m
[35m[HTTP][39m [90m{"name":"NATIVE_APP"}[39m
[35m[HTTP][39m [37m<-- POST /wd/hub/session/7a3851fc-805b-4eb3-bcf9-6140ed6dadd7/context [39m[32m200[39m [90m193 ms - 76[39m
[35m[HTTP][39m [90m[39m
[35m[HTTP][39m [37m-->[39m [37mPOST[39m [37m/wd/hub/session/7a3851fc-805b-4eb3-bcf9-6140ed6dadd7/appium/device/press_keycode[39m
[35m[HTTP][39m [90m{"keycode":4}[39m
[35m[HTTP][39m [37m<-- POST /wd/hub/session/7a3851fc-805b-4eb3-bcf9-6140ed6dadd7/appium/device/press_keycode [39m[32m200[39m [90m74 ms - 76[39m
[35m[HTTP][39m [90m[39m
[35m[HTTP][39m [37m-->[39m [37mPOST[39m [37m/wd/hub/session/7a3851fc-805b-4eb3-bcf9-6140ed6dadd7/context[39m
[35m[HTTP][39m [90m{"name":"NATIVE_APP"}[39m
[35m[HTTP][39m [37m<-- POST /wd/hub/session/7a3851fc-805b-4eb3-bcf9-6140ed6dadd7/context [39m[32m200[39m [90m131 ms - 76[39m
[35m[HTTP][39m [90m[39m
[35m[HTTP][39m [37m-->[39m [37mGET[39m [37m/wd/hub/session/7a3851fc-805b-4eb3-bcf9-6140ed6dadd7/window/current/size[39m
[35m[HTTP][39m [90m{}[39m
[35m[W3C][39m Driver proxy active, passing request on via HTTP proxy
[35m[JSONWP Proxy][39m Replacing sessionId d962f020-034b-4dc1-bc23-2fbeda3778af with 7a3851fc-805b-4eb3-bcf9-6140ed6dadd7
[35m[HTTP][39m [37m<-- GET /wd/hub/session/7a3851fc-805b-4eb3-bcf9-6140ed6dadd7/window/current/size [39m[32m200[39m [90m21 ms - 100[39m
[35m[HTTP][39m [90m[39m
[35m[HTTP][39m [37m-->[39m [37mPOST[39m [37m/wd/hub/session/7a3851fc-805b-4eb3-bcf9-6140ed6dadd7/elements[39m
[35m[HTTP][39m [90m{"using":"-android uiautomator","value":"new UiSelector().className(\"android.widget.TextView\").text(\"Animation\").resourceId(\"android:id/text1\").instance(2)"}[39m
[35m[HTTP][39m [37m<-- POST /wd/hub/session/7a3851fc-805b-4eb3-bcf9-6140ed6dadd7/elements [39m[32m200[39m [90m805 ms - 124[39m
[35m[HTTP][39m [90m[39m
[35m[HTTP][39m [37m-->[39m [37mGET[39m [37m/wd/hub/session/7a3851fc-805b-4eb3-bcf9-6140ed6dadd7[39m
[35m[HTTP][39m [90m{}[39m
[35m[HTTP][39m [37m<-- GET /wd/hub/session/7a3851fc-805b-4eb3-bcf9-6140ed6dadd7 [39m[32m200[39m [90m47 ms - 1213[39m
[35m[HTTP][39m [90m[39m
[35m[HTTP][39m [37m-->[39m [37mGET[39m [37m/wd/hub/session/7a3851fc-805b-4eb3-bcf9-6140ed6dadd7[39m
[35m[HTTP][39m [90m{}[39m
[35m[HTTP][39m [37m<-- GET /wd/hub/session/7a3851fc-805b-4eb3-bcf9-6140ed6dadd7 [39m[32m200[39m [90m41 ms - 1213[39m
[35m[HTTP][39m [90m[39m
[35m[HTTP][39m [37m-->[39m [37mGET[39m [37m/wd/hub/session/7a3851fc-805b-4eb3-bcf9-6140ed6dadd7[39m
[35m[HTTP][39m [90m{}[39m
[35m[HTTP][39m [37m<-- GET /wd/hub/session/7a3851fc-805b-4eb3-bcf9-6140ed6dadd7 [39m[32m200[39m [90m44 ms - 1213[39m
[35m[HTTP][39m [90m[39m
[35m[HTTP][39m [37m-->[39m [37mGET[39m [37m/wd/hub/session/7a3851fc-805b-4eb3-bcf9-6140ed6dadd7[39m
[35m[HTTP][39m [90m{}[39m
[35m[HTTP][39m [37m<-- GET /wd/hub/session/7a3851fc-805b-4eb3-bcf9-6140ed6dadd7 [39m[32m200[39m [90m44 ms - 1213[39m
[35m[HTTP][39m [90m[39m
[35m[HTTP][39m [37m-->[39m [37mGET[39m [37m/wd/hub/session/7a3851fc-805b-4eb3-bcf9-6140ed6dadd7/element/2f068ff4-69de-4192-840c-aed2e8bc6ba6/location[39m
[35m[HTTP][39m [90m{}[39m
[35m[W3C][39m Driver proxy active, passing request on via HTTP proxy
[35m[JSONWP Proxy][39m Replacing sessionId d962f020-034b-4dc1-bc23-2fbeda3778af with 7a3851fc-805b-4eb3-bcf9-6140ed6dadd7
[35m[HTTP][39m [37m<-- GET /wd/hub/session/7a3851fc-805b-4eb3-bcf9-6140ed6dadd7/element/2f068ff4-69de-4192-840c-aed2e8bc6ba6/location [39m[32m200[39m [90m43 ms - 87[39m
[35m[HTTP][39m [90m[39m
[35m[HTTP][39m [37m-->[39m [37mPOST[39m [37m/wd/hub/session/7a3851fc-805b-4eb3-bcf9-6140ed6dadd7/touch/perform[39m
[35m[HTTP][39m [90m{"actions":[{"action":"tap","options":{"element":"2f068ff4-69de-4192-840c-aed2e8bc6ba6","x":1,"y":1}}]}[39m
[35m[UiAutomator2][39m calling get location: 2f068ff4-69de-4192-840c-aed2e8bc6ba6
[35m[HTTP][39m [37m<-- POST /wd/hub/session/7a3851fc-805b-4eb3-bcf9-6140ed6dadd7/touch/perform [39m[32m200[39m [90m1286 ms - 76[39m
[35m[HTTP][39m [90m[39m
[35m[HTTP][39m [37m-->[39m [37mGET[39m [37m/wd/hub/session/7a3851fc-805b-4eb3-bcf9-6140ed6dadd7/context[39m
[35m[HTTP][39m [90m{}[39m
[35m[HTTP][39m [37m<-- GET /wd/hub/session/7a3851fc-805b-4eb3-bcf9-6140ed6dadd7/context [39m[32m200[39m [90m2 ms - 84[39m
[35m[HTTP][39m [90m[39m
[35m[HTTP][39m [37m-->[39m [37mGET[39m [37m/wd/hub/session/7a3851fc-805b-4eb3-bcf9-6140ed6dadd7/contexts[39m
[35m[HTTP][39m [90m{}[39m
[35m[HTTP][39m [37m<-- GET /wd/hub/session/7a3851fc-805b-4eb3-bcf9-6140ed6dadd7/contexts [39m[32m200[39m [90m153 ms - 86[39m
[35m[HTTP][39m [90m[39m
[35m[HTTP][39m [37m-->[39m [37mPOST[39m [37m/wd/hub/session/7a3851fc-805b-4eb3-bcf9-6140ed6dadd7/context[39m
[35m[HTTP][39m [90m{"name":"NATIVE_APP"}[39m
[35m[HTTP][39m [37m<-- POST /wd/hub/session/7a3851fc-805b-4eb3-bcf9-6140ed6dadd7/context [39m[32m200[39m [90m164 ms - 76[39m
[35m[HTTP][39m [90m[39m
[35m[HTTP][39m [37m-->[39m [37mPOST[39m [37m/wd/hub/session/7a3851fc-805b-4eb3-bcf9-6140ed6dadd7/appium/device/press_keycode[39m
[35m[HTTP][39m [90m{"keycode":4}[39m
[35m[HTTP][39m [37m<-- POST /wd/hub/session/7a3851fc-805b-4eb3-bcf9-6140ed6dadd7/appium/device/press_keycode [39m[32m200[39m [90m48 ms - 76[39m
[35m[HTTP][39m [90m[39m
[35m[HTTP][39m [37m-->[39m [37mPOST[39m [37m/wd/hub/session/7a3851fc-805b-4eb3-bcf9-6140ed6dadd7/context[39m
[35m[HTTP][39m [90m{"name":"NATIVE_APP"}[39m
[35m[HTTP][39m [37m<-- POST /wd/hub/session/7a3851fc-805b-4eb3-bcf9-6140ed6dadd7/context [39m[32m200[39m [90m149 ms - 76[39m
[35m[HTTP][39m [90m[39m
[35m[HTTP][39m [37m-->[39m [37mGET[39m [37m/wd/hub/session/7a3851fc-805b-4eb3-bcf9-6140ed6dadd7/window/current/size[39m
[35m[HTTP][39m [90m{}[39m
[35m[W3C][39m Driver proxy active, passing request on via HTTP proxy
[35m[JSONWP Proxy][39m Replacing sessionId d962f020-034b-4dc1-bc23-2fbeda3778af with 7a3851fc-805b-4eb3-bcf9-6140ed6dadd7
[35m[HTTP][39m [37m<-- GET /wd/hub/session/7a3851fc-805b-4eb3-bcf9-6140ed6dadd7/window/current/size [39m[32m200[39m [90m12 ms - 100[39m
[35m[HTTP][39m [90m[39m
[35m[HTTP][39m [37m-->[39m [37mPOST[39m [37m/wd/hub/session/7a3851fc-805b-4eb3-bcf9-6140ed6dadd7/elements[39m
[35m[HTTP][39m [90m{"using":"-android uiautomator","value":"new UiSelector().className(\"android.widget.TextView\").text(\"App\").resourceId(\"android:id/text1\").instance(3)"}[39m
[35m[HTTP][39m [37m<-- POST /wd/hub/session/7a3851fc-805b-4eb3-bcf9-6140ed6dadd7/elements [39m[32m200[39m [90m744 ms - 124[39m
[35m[HTTP][39m [90m[39m
[35m[HTTP][39m [37m-->[39m [37mGET[39m [37m/wd/hub/session/7a3851fc-805b-4eb3-bcf9-6140ed6dadd7[39m
[35m[HTTP][39m [90m{}[39m
[35m[HTTP][39m [37m<-- GET /wd/hub/session/7a3851fc-805b-4eb3-bcf9-6140ed6dadd7 [39m[32m200[39m [90m33 ms - 1213[39m
[35m[HTTP][39m [90m[39m
[35m[HTTP][39m [37m-->[39m [37mGET[39m [37m/wd/hub/session/7a3851fc-805b-4eb3-bcf9-6140ed6dadd7[39m
[35m[HTTP][39m [90m{}[39m
[35m[HTTP][39m [37m<-- GET /wd/hub/session/7a3851fc-805b-4eb3-bcf9-6140ed6dadd7 [39m[32m200[39m [90m18 ms - 1213[39m
[35m[HTTP][39m [90m[39m
[35m[HTTP][39m [37m-->[39m [37mGET[39m [37m/wd/hub/session/7a3851fc-805b-4eb3-bcf9-6140ed6dadd7[39m
[35m[HTTP][39m [90m{}[39m
[35m[HTTP][39m [37m<-- GET /wd/hub/session/7a3851fc-805b-4eb3-bcf9-6140ed6dadd7 [39m[32m200[39m [90m14 ms - 1213[39m
[35m[HTTP][39m [90m[39m
[35m[HTTP][39m [37m-->[39m [37mGET[39m [37m/wd/hub/session/7a3851fc-805b-4eb3-bcf9-6140ed6dadd7[39m
[35m[HTTP][39m [90m{}[39m
[35m[HTTP][39m [37m<-- GET /wd/hub/session/7a3851fc-805b-4eb3-bcf9-6140ed6dadd7 [39m[32m200[39m [90m14 ms - 1213[39m
[35m[HTTP][39m [90m[39m
[35m[HTTP][39m [37m-->[39m [37mGET[39m [37m/wd/hub/session/7a3851fc-805b-4eb3-bcf9-6140ed6dadd7/element/dd24be2a-f184-4539-8fe7-b1769031f71e/location[39m
[35m[HTTP][39m [90m{}[39m
[35m[W3C][39m Driver proxy active, passing request on via HTTP proxy
[35m[JSONWP Proxy][39m Replacing sessionId d962f020-034b-4dc1-bc23-2fbeda3778af with 7a3851fc-805b-4eb3-bcf9-6140ed6dadd7
[35m[HTTP][39m [37m<-- GET /wd/hub/session/7a3851fc-805b-4eb3-bcf9-6140ed6dadd7/element/dd24be2a-f184-4539-8fe7-b1769031f71e/location [39m[32m200[39m [90m27 ms - 87[39m
[35m[HTTP][39m [90m[39m
[35m[HTTP][39m [37m-->[39m [37mPOST[39m [37m/wd/hub/session/7a3851fc-805b-4eb3-bcf9-6140ed6dadd7/touch/perform[39m
[35m[HTTP][39m [90m{"actions":[{"action":"tap","options":{"element":"dd24be2a-f184-4539-8fe7-b1769031f71e","x":1,"y":1}}]}[39m
[35m[UiAutomator2][39m calling get location: dd24be2a-f184-4539-8fe7-b1769031f71e
[35m[HTTP][39m [37m<-- POST /wd/hub/session/7a3851fc-805b-4eb3-bcf9-6140ed6dadd7/touch/perform [39m[32m200[39m [90m1284 ms - 76[39m
[35m[HTTP][39m [90m[39m
[35m[HTTP][39m [37m-->[39m [37mGET[39m [37m/wd/hub/session/7a3851fc-805b-4eb3-bcf9-6140ed6dadd7/context[39m
[35m[HTTP][39m [90m{}[39m
[35m[HTTP][39m [37m<-- GET /wd/hub/session/7a3851fc-805b-4eb3-bcf9-6140ed6dadd7/context [39m[32m200[39m [90m8 ms - 84[39m
[35m[HTTP][39m [90m[39m
[35m[HTTP][39m [37m-->[39m [37mGET[39m [37m/wd/hub/session/7a3851fc-805b-4eb3-bcf9-6140ed6dadd7/contexts[39m
[35m[HTTP][39m [90m{}[39m
[35m[HTTP][39m [37m<-- GET /wd/hub/session/7a3851fc-805b-4eb3-bcf9-6140ed6dadd7/contexts [39m[32m200[39m [90m147 ms - 86[39m
[35m[HTTP][39m [90m[39m
[35m[HTTP][39m [37m-->[39m [37mPOST[39m [37m/wd/hub/session/7a3851fc-805b-4eb3-bcf9-6140ed6dadd7/context[39m
[35m[HTTP][39m [90m{"name":"NATIVE_APP"}[39m
[35m[HTTP][39m [37m<-- POST /wd/hub/session/7a3851fc-805b-4eb3-bcf9-6140ed6dadd7/context [39m[32m200[39m [90m193 ms - 76[39m
[35m[HTTP][39m [90m[39m
[35m[HTTP][39m [37m-->[39m [37mPOST[39m [37m/wd/hub/session/7a3851fc-805b-4eb3-bcf9-6140ed6dadd7/appium/device/press_keycode[39m
[35m[HTTP][39m [90m{"keycode":4}[39m
[35m[HTTP][39m [37m<-- POST /wd/hub/session/7a3851fc-805b-4eb3-bcf9-6140ed6dadd7/appium/device/press_keycode [39m[32m200[39m [90m78 ms - 76[39m
[35m[HTTP][39m [90m[39m
[35m[HTTP][39m [37m-->[39m [37mPOST[39m [37m/wd/hub/session/7a3851fc-805b-4eb3-bcf9-6140ed6dadd7/context[39m
[35m[HTTP][39m [90m{"name":"NATIVE_APP"}[39m
[35m[HTTP][39m [37m<-- POST /wd/hub/session/7a3851fc-805b-4eb3-bcf9-6140ed6dadd7/context [39m[32m200[39m [90m157 ms - 76[39m
[35m[HTTP][39m [90m[39m
[35m[HTTP][39m [37m-->[39m [37mGET[39m [37m/wd/hub/session/7a3851fc-805b-4eb3-bcf9-6140ed6dadd7/window/current/size[39m
[35m[HTTP][39m [90m{}[39m
[35m[W3C][39m Driver proxy active, passing request on via HTTP proxy
[35m[JSONWP Proxy][39m Replacing sessionId d962f020-034b-4dc1-bc23-2fbeda3778af with 7a3851fc-805b-4eb3-bcf9-6140ed6dadd7
[35m[HTTP][39m [37m<-- GET /wd/hub/session/7a3851fc-805b-4eb3-bcf9-6140ed6dadd7/window/current/size [39m[32m200[39m [90m14 ms - 100[39m
[35m[HTTP][39m [90m[39m
[35m[HTTP][39m [37m-->[39m [37mPOST[39m [37m/wd/hub/session/7a3851fc-805b-4eb3-bcf9-6140ed6dadd7/elements[39m
[35m[HTTP][39m [90m{"using":"-android uiautomator","value":"new UiSelector().className(\"android.widget.TextView\").text(\"Content\").resourceId(\"android:id/text1\").instance(4)"}[39m
[35m[HTTP][39m [37m<-- POST /wd/hub/session/7a3851fc-805b-4eb3-bcf9-6140ed6dadd7/elements [39m[32m200[39m [90m760 ms - 124[39m
[35m[HTTP][39m [90m[39m
[35m[HTTP][39m [37m-->[39m [37mGET[39m [37m/wd/hub/session/7a3851fc-805b-4eb3-bcf9-6140ed6dadd7[39m
[35m[HTTP][39m [90m{}[39m
[35m[HTTP][39m [37m<-- GET /wd/hub/session/7a3851fc-805b-4eb3-bcf9-6140ed6dadd7 [39m[32m200[39m [90m28 ms - 1213[39m
[35m[HTTP][39m [90m[39m
[35m[HTTP][39m [37m-->[39m [37mGET[39m [37m/wd/hub/session/7a3851fc-805b-4eb3-bcf9-6140ed6dadd7[39m
[35m[HTTP][39m [90m{}[39m
[35m[HTTP][39m [37m<-- GET /wd/hub/session/7a3851fc-805b-4eb3-bcf9-6140ed6dadd7 [39m[32m200[39m [90m34 ms - 1213[39m
[35m[HTTP][39m [90m[39m
[35m[HTTP][39m [37m-->[39m [37mGET[39m [37m/wd/hub/session/7a3851fc-805b-4eb3-bcf9-6140ed6dadd7[39m
[35m[HTTP][39m [90m{}[39m
[35m[HTTP][39m [37m<-- GET /wd/hub/session/7a3851fc-805b-4eb3-bcf9-6140ed6dadd7 [39m[32m200[39m [90m22 ms - 1213[39m
[35m[HTTP][39m [90m[39m
[35m[HTTP][39m [37m-->[39m [37mGET[39m [37m/wd/hub/session/7a3851fc-805b-4eb3-bcf9-6140ed6dadd7[39m
[35m[HTTP][39m [90m{}[39m
[35m[HTTP][39m [37m<-- GET /wd/hub/session/7a3851fc-805b-4eb3-bcf9-6140ed6dadd7 [39m[32m200[39m [90m24 ms - 1213[39m
[35m[HTTP][39m [90m[39m
[35m[HTTP][39m [37m-->[39m [37mGET[39m [37m/wd/hub/session/7a3851fc-805b-4eb3-bcf9-6140ed6dadd7/element/d55530ee-f3fa-48f1-8f50-002ff1533c62/location[39m
[35m[HTTP][39m [90m{}[39m
[35m[W3C][39m Driver proxy active, passing request on via HTTP proxy
[35m[JSONWP Proxy][39m Replacing sessionId d962f020-034b-4dc1-bc23-2fbeda3778af with 7a3851fc-805b-4eb3-bcf9-6140ed6dadd7
[35m[HTTP][39m [37m<-- GET /wd/hub/session/7a3851fc-805b-4eb3-bcf9-6140ed6dadd7/element/d55530ee-f3fa-48f1-8f50-002ff1533c62/location [39m[32m200[39m [90m358 ms - 87[39m
[35m[HTTP][39m [90m[39m
[35m[HTTP][39m [37m-->[39m [37mPOST[39m [37m/wd/hub/session/7a3851fc-805b-4eb3-bcf9-6140ed6dadd7/touch/perform[39m
[35m[HTTP][39m [90m{"actions":[{"action":"tap","options":{"element":"d55530ee-f3fa-48f1-8f50-002ff1533c62","x":1,"y":1}}]}[39m
[35m[UiAutomator2][39m calling get location: d55530ee-f3fa-48f1-8f50-002ff1533c62
[35m[HTTP][39m [37m<-- POST /wd/hub/session/7a3851fc-805b-4eb3-bcf9-6140ed6dadd7/touch/perform [39m[32m200[39m [90m1391 ms - 76[39m
[35m[HTTP][39m [90m[39m
[35m[HTTP][39m [37m-->[39m [37mGET[39m [37m/wd/hub/session/7a3851fc-805b-4eb3-bcf9-6140ed6dadd7/context[39m
[35m[HTTP][39m [90m{}[39m
[35m[HTTP][39m [37m<-- GET /wd/hub/session/7a3851fc-805b-4eb3-bcf9-6140ed6dadd7/context [39m[32m200[39m [90m10 ms - 84[39m
[35m[HTTP][39m [90m[39m
[35m[HTTP][39m [37m-->[39m [37mGET[39m [37m/wd/hub/session/7a3851fc-805b-4eb3-bcf9-6140ed6dadd7/contexts[39m
[35m[HTTP][39m [90m{}[39m
[35m[HTTP][39m [37m<-- GET /wd/hub/session/7a3851fc-805b-4eb3-bcf9-6140ed6dadd7/contexts [39m[32m200[39m [90m96 ms - 86[39m
[35m[HTTP][39m [90m[39m
[35m[HTTP][39m [37m-->[39m [37mPOST[39m [37m/wd/hub/session/7a3851fc-805b-4eb3-bcf9-6140ed6dadd7/context[39m
[35m[HTTP][39m [90m{"name":"NATIVE_APP"}[39m
[35m[HTTP][39m [37m<-- POST /wd/hub/session/7a3851fc-805b-4eb3-bcf9-6140ed6dadd7/context [39m[32m200[39m [90m234 ms - 76[39m
[35m[HTTP][39m [90m[39m
[35m[HTTP][39m [37m-->[39m [37mPOST[39m [37m/wd/hub/session/7a3851fc-805b-4eb3-bcf9-6140ed6dadd7/appium/device/press_keycode[39m
[35m[HTTP][39m [90m{"keycode":4}[39m
[35m[HTTP][39m [37m<-- POST /wd/hub/session/7a3851fc-805b-4eb3-bcf9-6140ed6dadd7/appium/device/press_keycode [39m[32m200[39m [90m76 ms - 76[39m
[35m[HTTP][39m [90m[39m
[35m[HTTP][39m [37m-->[39m [37mPOST[39m [37m/wd/hub/session/7a3851fc-805b-4eb3-bcf9-6140ed6dadd7/context[39m
[35m[HTTP][39m [90m{"name":"NATIVE_APP"}[39m
[35m[HTTP][39m [37m<-- POST /wd/hub/session/7a3851fc-805b-4eb3-bcf9-6140ed6dadd7/context [39m[32m200[39m [90m125 ms - 76[39m
[35m[HTTP][39m [90m[39m
[35m[HTTP][39m [37m-->[39m [37mGET[39m [37m/wd/hub/session/7a3851fc-805b-4eb3-bcf9-6140ed6dadd7/window/current/size[39m
[35m[HTTP][39m [90m{}[39m
[35m[W3C][39m Driver proxy active, passing request on via HTTP proxy
[35m[JSONWP Proxy][39m Replacing sessionId d962f020-034b-4dc1-bc23-2fbeda3778af with 7a3851fc-805b-4eb3-bcf9-6140ed6dadd7
[35m[HTTP][39m [37m<-- GET /wd/hub/session/7a3851fc-805b-4eb3-bcf9-6140ed6dadd7/window/current/size [39m[32m200[39m [90m10 ms - 100[39m
[35m[HTTP][39m [90m[39m
[35m[HTTP][39m [37m-->[39m [37mPOST[39m [37m/wd/hub/session/7a3851fc-805b-4eb3-bcf9-6140ed6dadd7/elements[39m
[35m[HTTP][39m [90m{"using":"-android uiautomator","value":"new UiSelector().className(\"android.widget.TextView\").text(\"Graphics\").resourceId(\"android:id/text1\").instance(5)"}[39m
[35m[HTTP][39m [37m<-- POST /wd/hub/session/7a3851fc-805b-4eb3-bcf9-6140ed6dadd7/elements [39m[32m200[39m [90m793 ms - 124[39m
[35m[HTTP][39m [90m[39m
[35m[HTTP][39m [37m-->[39m [37mGET[39m [37m/wd/hub/session/7a3851fc-805b-4eb3-bcf9-6140ed6dadd7[39m
[35m[HTTP][39m [90m{}[39m
[35m[HTTP][39m [37m<-- GET /wd/hub/session/7a3851fc-805b-4eb3-bcf9-6140ed6dadd7 [39m[32m200[39m [90m23 ms - 1213[39m
[35m[HTTP][39m [90m[39m
[35m[HTTP][39m [37m-->[39m [37mGET[39m [37m/wd/hub/session/7a3851fc-805b-4eb3-bcf9-6140ed6dadd7[39m
[35m[HTTP][39m [90m{}[39m
[35m[HTTP][39m [37m<-- GET /wd/hub/session/7a3851fc-805b-4eb3-bcf9-6140ed6dadd7 [39m[32m200[39m [90m19 ms - 1213[39m
[35m[HTTP][39m [90m[39m
[35m[HTTP][39m [37m-->[39m [37mGET[39m [37m/wd/hub/session/7a3851fc-805b-4eb3-bcf9-6140ed6dadd7[39m
[35m[HTTP][39m [90m{}[39m
[35m[HTTP][39m [37m<-- GET /wd/hub/session/7a3851fc-805b-4eb3-bcf9-6140ed6dadd7 [39m[32m200[39m [90m19 ms - 1213[39m
[35m[HTTP][39m [90m[39m
[35m[HTTP][39m [37m-->[39m [37mGET[39m [37m/wd/hub/session/7a3851fc-805b-4eb3-bcf9-6140ed6dadd7[39m
[35m[HTTP][39m [90m{}[39m
[35m[HTTP][39m [37m<-- GET /wd/hub/session/7a3851fc-805b-4eb3-bcf9-6140ed6dadd7 [39m[32m200[39m [90m19 ms - 1213[39m
[35m[HTTP][39m [90m[39m
[35m[HTTP][39m [37m-->[39m [37mGET[39m [37m/wd/hub/session/7a3851fc-805b-4eb3-bcf9-6140ed6dadd7/element/219b5344-c550-4351-97f7-f45e0312a546/location[39m
[35m[HTTP][39m [90m{}[39m
[35m[W3C][39m Driver proxy active, passing request on via HTTP proxy
[35m[JSONWP Proxy][39m Replacing sessionId d962f020-034b-4dc1-bc23-2fbeda3778af with 7a3851fc-805b-4eb3-bcf9-6140ed6dadd7
[35m[HTTP][39m [37m<-- GET /wd/hub/session/7a3851fc-805b-4eb3-bcf9-6140ed6dadd7/element/219b5344-c550-4351-97f7-f45e0312a546/location [39m[32m200[39m [90m37 ms - 88[39m
[35m[HTTP][39m [90m[39m
[35m[HTTP][39m [37m-->[39m [37mPOST[39m [37m/wd/hub/session/7a3851fc-805b-4eb3-bcf9-6140ed6dadd7/touch/perform[39m
[35m[HTTP][39m [90m{"actions":[{"action":"tap","options":{"element":"219b5344-c550-4351-97f7-f45e0312a546","x":1,"y":1}}]}[39m
[35m[UiAutomator2][39m calling get location: 219b5344-c550-4351-97f7-f45e0312a546
[35m[HTTP][39m [37m<-- POST /wd/hub/session/7a3851fc-805b-4eb3-bcf9-6140ed6dadd7/touch/perform [39m[32m200[39m [90m1308 ms - 76[39m
[35m[HTTP][39m [90m[39m
[35m[HTTP][39m [37m-->[39m [37mGET[39m [37m/wd/hub/session/7a3851fc-805b-4eb3-bcf9-6140ed6dadd7/context[39m
[35m[HTTP][39m [90m{}[39m
[35m[HTTP][39m [37m<-- GET /wd/hub/session/7a3851fc-805b-4eb3-bcf9-6140ed6dadd7/context [39m[32m200[39m [90m6 ms - 84[39m
[35m[HTTP][39m [90m[39m
[35m[HTTP][39m [37m-->[39m [37mGET[39m [37m/wd/hub/session/7a3851fc-805b-4eb3-bcf9-6140ed6dadd7/contexts[39m
[35m[HTTP][39m [90m{}[39m
[35m[HTTP][39m [37m<-- GET /wd/hub/session/7a3851fc-805b-4eb3-bcf9-6140ed6dadd7/contexts [39m[32m200[39m [90m185 ms - 86[39m
[35m[HTTP][39m [90m[39m
[35m[HTTP][39m [37m-->[39m [37mPOST[39m [37m/wd/hub/session/7a3851fc-805b-4eb3-bcf9-6140ed6dadd7/context[39m
[35m[HTTP][39m [90m{"name":"NATIVE_APP"}[39m
[35m[HTTP][39m [37m<-- POST /wd/hub/session/7a3851fc-805b-4eb3-bcf9-6140ed6dadd7/context [39m[32m200[39m [90m213 ms - 76[39m
[35m[HTTP][39m [90m[39m
[35m[HTTP][39m [37m-->[39m [37mPOST[39m [37m/wd/hub/session/7a3851fc-805b-4eb3-bcf9-6140ed6dadd7/appium/device/press_keycode[39m
[35m[HTTP][39m [90m{"keycode":4}[39m
[35m[HTTP][39m [37m<-- POST /wd/hub/session/7a3851fc-805b-4eb3-bcf9-6140ed6dadd7/appium/device/press_keycode [39m[32m200[39m [90m113 ms - 76[39m
[35m[HTTP][39m [90m[39m
[35m[HTTP][39m [37m-->[39m [37mPOST[39m [37m/wd/hub/session/7a3851fc-805b-4eb3-bcf9-6140ed6dadd7/context[39m
[35m[HTTP][39m [90m{"name":"NATIVE_APP"}[39m
[35m[HTTP][39m [37m<-- POST /wd/hub/session/7a3851fc-805b-4eb3-bcf9-6140ed6dadd7/context [39m[32m200[39m [90m149 ms - 76[39m
[35m[HTTP][39m [90m[39m
[35m[HTTP][39m [37m-->[39m [37mGET[39m [37m/wd/hub/session/7a3851fc-805b-4eb3-bcf9-6140ed6dadd7/window/current/size[39m
[35m[HTTP][39m [90m{}[39m
[35m[W3C][39m Driver proxy active, passing request on via HTTP proxy
[35m[JSONWP Proxy][39m Replacing sessionId d962f020-034b-4dc1-bc23-2fbeda3778af with 7a3851fc-805b-4eb3-bcf9-6140ed6dadd7
[35m[HTTP][39m [37m<-- GET /wd/hub/session/7a3851fc-805b-4eb3-bcf9-6140ed6dadd7/window/current/size [39m[32m200[39m [90m12 ms - 100[39m
[35m[HTTP][39m [90m[39m
[35m[HTTP][39m [37m-->[39m [37mPOST[39m [37m/wd/hub/session/7a3851fc-805b-4eb3-bcf9-6140ed6dadd7/elements[39m
[35m[HTTP][39m [90m{"using":"-android uiautomator","value":"new UiSelector().className(\"android.widget.TextView\").text(\"Media\").resourceId(\"android:id/text1\").instance(6)"}[39m
[35m[HTTP][39m [37m<-- POST /wd/hub/session/7a3851fc-805b-4eb3-bcf9-6140ed6dadd7/elements [39m[32m200[39m [90m753 ms - 124[39m
[35m[HTTP][39m [90m[39m
[35m[HTTP][39m [37m-->[39m [37mGET[39m [37m/wd/hub/session/7a3851fc-805b-4eb3-bcf9-6140ed6dadd7[39m
[35m[HTTP][39m [90m{}[39m
[35m[HTTP][39m [37m<-- GET /wd/hub/session/7a3851fc-805b-4eb3-bcf9-6140ed6dadd7 [39m[32m200[39m [90m32 ms - 1213[39m
[35m[HTTP][39m [90m[39m
[35m[HTTP][39m [37m-->[39m [37mGET[39m [37m/wd/hub/session/7a3851fc-805b-4eb3-bcf9-6140ed6dadd7[39m
[35m[HTTP][39m [90m{}[39m
[35m[HTTP][39m [37m<-- GET /wd/hub/session/7a3851fc-805b-4eb3-bcf9-6140ed6dadd7 [39m[32m200[39m [90m30 ms - 1213[39m
[35m[HTTP][39m [90m[39m
[35m[HTTP][39m [37m-->[39m [37mGET[39m [37m/wd/hub/session/7a3851fc-805b-4eb3-bcf9-6140ed6dadd7[39m
[35m[HTTP][39m [90m{}[39m
[35m[HTTP][39m [37m<-- GET /wd/hub/session/7a3851fc-805b-4eb3-bcf9-6140ed6dadd7 [39m[32m200[39m [90m24 ms - 1213[39m
[35m[HTTP][39m [90m[39m
[35m[HTTP][39m [37m-->[39m [37mGET[39m [37m/wd/hub/session/7a3851fc-805b-4eb3-bcf9-6140ed6dadd7[39m
[35m[HTTP][39m [90m{}[39m
[35m[HTTP][39m [37m<-- GET /wd/hub/session/7a3851fc-805b-4eb3-bcf9-6140ed6dadd7 [39m[32m200[39m [90m21 ms - 1213[39m
[35m[HTTP][39m [90m[39m
[35m[HTTP][39m [37m-->[39m [37mGET[39m [37m/wd/hub/session/7a3851fc-805b-4eb3-bcf9-6140ed6dadd7/element/49842878-7e99-4039-8156-214480124a27/location[39m
[35m[HTTP][39m [90m{}[39m
[35m[W3C][39m Driver proxy active, passing request on via HTTP proxy
[35m[JSONWP Proxy][39m Replacing sessionId d962f020-034b-4dc1-bc23-2fbeda3778af with 7a3851fc-805b-4eb3-bcf9-6140ed6dadd7
[35m[HTTP][39m [37m<-- GET /wd/hub/session/7a3851fc-805b-4eb3-bcf9-6140ed6dadd7/element/49842878-7e99-4039-8156-214480124a27/location [39m[32m200[39m [90m38 ms - 88[39m
[35m[HTTP][39m [90m[39m
[35m[HTTP][39m [37m-->[39m [37mPOST[39m [37m/wd/hub/session/7a3851fc-805b-4eb3-bcf9-6140ed6dadd7/touch/perform[39m
[35m[HTTP][39m [90m{"actions":[{"action":"tap","options":{"element":"49842878-7e99-4039-8156-214480124a27","x":1,"y":1}}]}[39m
[35m[UiAutomator2][39m calling get location: 49842878-7e99-4039-8156-214480124a27
[35m[HTTP][39m [37m<-- POST /wd/hub/session/7a3851fc-805b-4eb3-bcf9-6140ed6dadd7/touch/perform [39m[32m200[39m [90m1320 ms - 76[39m
[35m[HTTP][39m [90m[39m
[35m[HTTP][39m [37m-->[39m [37mGET[39m [37m/wd/hub/session/7a3851fc-805b-4eb3-bcf9-6140ed6dadd7/context[39m
[35m[HTTP][39m [90m{}[39m
[35m[HTTP][39m [37m<-- GET /wd/hub/session/7a3851fc-805b-4eb3-bcf9-6140ed6dadd7/context [39m[32m200[39m [90m7 ms - 84[39m
[35m[HTTP][39m [90m[39m
[35m[HTTP][39m [37m-->[39m [37mGET[39m [37m/wd/hub/session/7a3851fc-805b-4eb3-bcf9-6140ed6dadd7/contexts[39m
[35m[HTTP][39m [90m{}[39m
[35m[HTTP][39m [37m<-- GET /wd/hub/session/7a3851fc-805b-4eb3-bcf9-6140ed6dadd7/contexts [39m[32m200[39m [90m170 ms - 86[39m
[35m[HTTP][39m [90m[39m
[35m[HTTP][39m [37m-->[39m [37mPOST[39m [37m/wd/hub/session/7a3851fc-805b-4eb3-bcf9-6140ed6dadd7/context[39m
[35m[HTTP][39m [90m{"name":"NATIVE_APP"}[39m
[35m[HTTP][39m [37m<-- POST /wd/hub/session/7a3851fc-805b-4eb3-bcf9-6140ed6dadd7/context [39m[32m200[39m [90m182 ms - 76[39m
[35m[HTTP][39m [90m[39m
[35m[HTTP][39m [37m-->[39m [37mPOST[39m [37m/wd/hub/session/7a3851fc-805b-4eb3-bcf9-6140ed6dadd7/appium/device/press_keycode[39m
[35m[HTTP][39m [90m{"keycode":4}[39m
[35m[HTTP][39m [37m<-- POST /wd/hub/session/7a3851fc-805b-4eb3-bcf9-6140ed6dadd7/appium/device/press_keycode [39m[32m200[39m [90m85 ms - 76[39m
[35m[HTTP][39m [90m[39m
[35m[HTTP][39m [37m-->[39m [37mPOST[39m [37m/wd/hub/session/7a3851fc-805b-4eb3-bcf9-6140ed6dadd7/context[39m
[35m[HTTP][39m [90m{"name":"NATIVE_APP"}[39m
[35m[HTTP][39m [37m<-- POST /wd/hub/session/7a3851fc-805b-4eb3-bcf9-6140ed6dadd7/context [39m[32m200[39m [90m136 ms - 76[39m
[35m[HTTP][39m [90m[39m
[35m[HTTP][39m [37m-->[39m [37mGET[39m [37m/wd/hub/session/7a3851fc-805b-4eb3-bcf9-6140ed6dadd7/window/current/size[39m
[35m[HTTP][39m [90m{}[39m
[35m[W3C][39m Driver proxy active, passing request on via HTTP proxy
[35m[JSONWP Proxy][39m Replacing sessionId d962f020-034b-4dc1-bc23-2fbeda3778af with 7a3851fc-805b-4eb3-bcf9-6140ed6dadd7
[35m[HTTP][39m [37m<-- GET /wd/hub/session/7a3851fc-805b-4eb3-bcf9-6140ed6dadd7/window/current/size [39m[32m200[39m [90m11 ms - 100[39m
[35m[HTTP][39m [90m[39m
[35m[HTTP][39m [37m-->[39m [37mPOST[39m [37m/wd/hub/session/7a3851fc-805b-4eb3-bcf9-6140ed6dadd7/elements[39m
[35m[HTTP][39m [90m{"using":"-android uiautomator","value":"new UiSelector().className(\"android.widget.TextView\").text(\"NFC\").resourceId(\"android:id/text1\").instance(7)"}[39m
[35m[HTTP][39m [37m<-- POST /wd/hub/session/7a3851fc-805b-4eb3-bcf9-6140ed6dadd7/elements [39m[32m200[39m [90m795 ms - 124[39m
[35m[HTTP][39m [90m[39m
[35m[HTTP][39m [37m-->[39m [37mGET[39m [37m/wd/hub/session/7a3851fc-805b-4eb3-bcf9-6140ed6dadd7[39m
[35m[HTTP][39m [90m{}[39m
[35m[HTTP][39m [37m<-- GET /wd/hub/session/7a3851fc-805b-4eb3-bcf9-6140ed6dadd7 [39m[32m200[39m [90m25 ms - 1213[39m
[35m[HTTP][39m [90m[39m
[35m[HTTP][39m [37m-->[39m [37mGET[39m [37m/wd/hub/session/7a3851fc-805b-4eb3-bcf9-6140ed6dadd7[39m
[35m[HTTP][39m [90m{}[39m
[35m[HTTP][39m [37m<-- GET /wd/hub/session/7a3851fc-805b-4eb3-bcf9-6140ed6dadd7 [39m[32m200[39m [90m23 ms - 1213[39m
[35m[HTTP][39m [90m[39m
[35m[HTTP][39m [37m-->[39m [37mGET[39m [37m/wd/hub/session/7a3851fc-805b-4eb3-bcf9-6140ed6dadd7[39m
[35m[HTTP][39m [90m{}[39m
[35m[HTTP][39m [37m<-- GET /wd/hub/session/7a3851fc-805b-4eb3-bcf9-6140ed6dadd7 [39m[32m200[39m [90m24 ms - 1213[39m
[35m[HTTP][39m [90m[39m
[35m[HTTP][39m [37m-->[39m [37mGET[39m [37m/wd/hub/session/7a3851fc-805b-4eb3-bcf9-6140ed6dadd7[39m
[35m[HTTP][39m [90m{}[39m
[35m[HTTP][39m [37m<-- GET /wd/hub/session/7a3851fc-805b-4eb3-bcf9-6140ed6dadd7 [39m[32m200[39m [90m24 ms - 1213[39m
[35m[HTTP][39m [90m[39m
[35m[HTTP][39m [37m-->[39m [37mGET[39m [37m/wd/hub/session/7a3851fc-805b-4eb3-bcf9-6140ed6dadd7/element/bba9df3a-9d84-4c14-8b09-b67afda678f4/location[39m
[35m[HTTP][39m [90m{}[39m
[35m[W3C][39m Driver proxy active, passing request on via HTTP proxy
[35m[JSONWP Proxy][39m Replacing sessionId d962f020-034b-4dc1-bc23-2fbeda3778af with 7a3851fc-805b-4eb3-bcf9-6140ed6dadd7
[35m[HTTP][39m [37m<-- GET /wd/hub/session/7a3851fc-805b-4eb3-bcf9-6140ed6dadd7/element/bba9df3a-9d84-4c14-8b09-b67afda678f4/location [39m[32m200[39m [90m41 ms - 88[39m
[35m[HTTP][39m [90m[39m
[35m[HTTP][39m [37m-->[39m [37mPOST[39m [37m/wd/hub/session/7a3851fc-805b-4eb3-bcf9-6140ed6dadd7/touch/perform[39m
[35m[HTTP][39m [90m{"actions":[{"action":"tap","options":{"element":"bba9df3a-9d84-4c14-8b09-b67afda678f4","x":1,"y":1}}]}[39m
[35m[UiAutomator2][39m calling get location: bba9df3a-9d84-4c14-8b09-b67afda678f4
[35m[HTTP][39m [37m<-- POST /wd/hub/session/7a3851fc-805b-4eb3-bcf9-6140ed6dadd7/touch/perform [39m[32m200[39m [90m1338 ms - 76[39m
[35m[HTTP][39m [90m[39m
[35m[HTTP][39m [37m-->[39m [37mGET[39m [37m/wd/hub/session/7a3851fc-805b-4eb3-bcf9-6140ed6dadd7/context[39m
[35m[HTTP][39m [90m{}[39m
[35m[HTTP][39m [37m<-- GET /wd/hub/session/7a3851fc-805b-4eb3-bcf9-6140ed6dadd7/context [39m[32m200[39m [90m5 ms - 84[39m
[35m[HTTP][39m [90m[39m
[35m[HTTP][39m [37m-->[39m [37mGET[39m [37m/wd/hub/session/7a3851fc-805b-4eb3-bcf9-6140ed6dadd7/contexts[39m
[35m[HTTP][39m [90m{}[39m
[35m[HTTP][39m [37m<-- GET /wd/hub/session/7a3851fc-805b-4eb3-bcf9-6140ed6dadd7/contexts [39m[32m200[39m [90m179 ms - 86[39m
[35m[HTTP][39m [90m[39m
[35m[HTTP][39m [37m-->[39m [37mPOST[39m [37m/wd/hub/session/7a3851fc-805b-4eb3-bcf9-6140ed6dadd7/context[39m
[35m[HTTP][39m [90m{"name":"NATIVE_APP"}[39m
[35m[HTTP][39m [37m<-- POST /wd/hub/session/7a3851fc-805b-4eb3-bcf9-6140ed6dadd7/context [39m[32m200[39m [90m211 ms - 76[39m
[35m[HTTP][39m [90m[39m
[35m[HTTP][39m [37m-->[39m [37mPOST[39m [37m/wd/hub/session/7a3851fc-805b-4eb3-bcf9-6140ed6dadd7/appium/device/press_keycode[39m
[35m[HTTP][39m [90m{"keycode":4}[39m
[35m[HTTP][39m [37m<-- POST /wd/hub/session/7a3851fc-805b-4eb3-bcf9-6140ed6dadd7/appium/device/press_keycode [39m[32m200[39m [90m94 ms - 76[39m
[35m[HTTP][39m [90m[39m
[35m[HTTP][39m [37m-->[39m [37mPOST[39m [37m/wd/hub/session/7a3851fc-805b-4eb3-bcf9-6140ed6dadd7/context[39m
[35m[HTTP][39m [90m{"name":"NATIVE_APP"}[39m
[35m[HTTP][39m [37m<-- POST /wd/hub/session/7a3851fc-805b-4eb3-bcf9-6140ed6dadd7/context [39m[32m200[39m [90m131 ms - 76[39m
[35m[HTTP][39m [90m[39m
[35m[HTTP][39m [37m-->[39m [37mGET[39m [37m/wd/hub/session/7a3851fc-805b-4eb3-bcf9-6140ed6dadd7/window/current/size[39m
[35m[HTTP][39m [90m{}[39m
[35m[W3C][39m Driver proxy active, passing request on via HTTP proxy
[35m[JSONWP Proxy][39m Replacing sessionId d962f020-034b-4dc1-bc23-2fbeda3778af with 7a3851fc-805b-4eb3-bcf9-6140ed6dadd7
[35m[HTTP][39m [37m<-- GET /wd/hub/session/7a3851fc-805b-4eb3-bcf9-6140ed6dadd7/window/current/size [39m[32m200[39m [90m13 ms - 100[39m
[35m[HTTP][39m [90m[39m
[35m[HTTP][39m [37m-->[39m [37mPOST[39m [37m/wd/hub/session/7a3851fc-805b-4eb3-bcf9-6140ed6dadd7/elements[39m
[35m[HTTP][39m [90m{"using":"-android uiautomator","value":"new UiSelector().className(\"android.widget.TextView\").text(\"OS\").resourceId(\"android:id/text1\").instance(8)"}[39m
[35m[HTTP][39m [37m<-- POST /wd/hub/session/7a3851fc-805b-4eb3-bcf9-6140ed6dadd7/elements [39m[32m200[39m [90m793 ms - 124[39m
[35m[HTTP][39m [90m[39m
[35m[HTTP][39m [37m-->[39m [37mGET[39m [37m/wd/hub/session/7a3851fc-805b-4eb3-bcf9-6140ed6dadd7[39m
[35m[HTTP][39m [90m{}[39m
[35m[HTTP][39m [37m<-- GET /wd/hub/session/7a3851fc-805b-4eb3-bcf9-6140ed6dadd7 [39m[32m200[39m [90m38 ms - 1213[39m
[35m[HTTP][39m [90m[39m
[35m[HTTP][39m [37m-->[39m [37mGET[39m [37m/wd/hub/session/7a3851fc-805b-4eb3-bcf9-6140ed6dadd7[39m
[35m[HTTP][39m [90m{}[39m
[35m[HTTP][39m [37m<-- GET /wd/hub/session/7a3851fc-805b-4eb3-bcf9-6140ed6dadd7 [39m[32m200[39m [90m44 ms - 1213[39m
[35m[HTTP][39m [90m[39m
[35m[HTTP][39m [37m-->[39m [37mGET[39m [37m/wd/hub/session/7a3851fc-805b-4eb3-bcf9-6140ed6dadd7[39m
[35m[HTTP][39m [90m{}[39m
[35m[HTTP][39m [37m<-- GET /wd/hub/session/7a3851fc-805b-4eb3-bcf9-6140ed6dadd7 [39m[32m200[39m [90m22 ms - 1213[39m
[35m[HTTP][39m [90m[39m
[35m[HTTP][39m [37m-->[39m [37mGET[39m [37m/wd/hub/session/7a3851fc-805b-4eb3-bcf9-6140ed6dadd7[39m
[35m[HTTP][39m [90m{}[39m
[35m[HTTP][39m [37m<-- GET /wd/hub/session/7a3851fc-805b-4eb3-bcf9-6140ed6dadd7 [39m[32m200[39m [90m25 ms - 1213[39m
[35m[HTTP][39m [90m[39m
[35m[HTTP][39m [37m-->[39m [37mGET[39m [37m/wd/hub/session/7a3851fc-805b-4eb3-bcf9-6140ed6dadd7/element/c04171ab-0ab6-4613-9d86-e712b8d1cccd/location[39m
[35m[HTTP][39m [90m{}[39m
[35m[W3C][39m Driver proxy active, passing request on via HTTP proxy
[35m[JSONWP Proxy][39m Replacing sessionId d962f020-034b-4dc1-bc23-2fbeda3778af with 7a3851fc-805b-4eb3-bcf9-6140ed6dadd7
[35m[HTTP][39m [37m<-- GET /wd/hub/session/7a3851fc-805b-4eb3-bcf9-6140ed6dadd7/element/c04171ab-0ab6-4613-9d86-e712b8d1cccd/location [39m[32m200[39m [90m42 ms - 88[39m
[35m[HTTP][39m [90m[39m
[35m[HTTP][39m [37m-->[39m [37mPOST[39m [37m/wd/hub/session/7a3851fc-805b-4eb3-bcf9-6140ed6dadd7/touch/perform[39m
[35m[HTTP][39m [90m{"actions":[{"action":"tap","options":{"element":"c04171ab-0ab6-4613-9d86-e712b8d1cccd","x":1,"y":1}}]}[39m
[35m[UiAutomator2][39m calling get location: c04171ab-0ab6-4613-9d86-e712b8d1cccd
[35m[HTTP][39m [37m<-- POST /wd/hub/session/7a3851fc-805b-4eb3-bcf9-6140ed6dadd7/touch/perform [39m[32m200[39m [90m1282 ms - 76[39m
[35m[HTTP][39m [90m[39m
[35m[HTTP][39m [37m-->[39m [37mGET[39m [37m/wd/hub/session/7a3851fc-805b-4eb3-bcf9-6140ed6dadd7/context[39m
[35m[HTTP][39m [90m{}[39m
[35m[HTTP][39m [37m<-- GET /wd/hub/session/7a3851fc-805b-4eb3-bcf9-6140ed6dadd7/context [39m[32m200[39m [90m7 ms - 84[39m
[35m[HTTP][39m [90m[39m
[35m[HTTP][39m [37m-->[39m [37mGET[39m [37m/wd/hub/session/7a3851fc-805b-4eb3-bcf9-6140ed6dadd7/contexts[39m
[35m[HTTP][39m [90m{}[39m
[35m[HTTP][39m [37m<-- GET /wd/hub/session/7a3851fc-805b-4eb3-bcf9-6140ed6dadd7/contexts [39m[32m200[39m [90m217 ms - 86[39m
[35m[HTTP][39m [90m[39m
[35m[HTTP][39m [37m-->[39m [37mPOST[39m [37m/wd/hub/session/7a3851fc-805b-4eb3-bcf9-6140ed6dadd7/context[39m
[35m[HTTP][39m [90m{"name":"NATIVE_APP"}[39m
[35m[HTTP][39m [37m<-- POST /wd/hub/session/7a3851fc-805b-4eb3-bcf9-6140ed6dadd7/context [39m[32m200[39m [90m197 ms - 76[39m
[35m[HTTP][39m [90m[39m
[35m[HTTP][39m [37m-->[39m [37mPOST[39m [37m/wd/hub/session/7a3851fc-805b-4eb3-bcf9-6140ed6dadd7/appium/device/press_keycode[39m
[35m[HTTP][39m [90m{"keycode":4}[39m
[35m[HTTP][39m [37m<-- POST /wd/hub/session/7a3851fc-805b-4eb3-bcf9-6140ed6dadd7/appium/device/press_keycode [39m[32m200[39m [90m83 ms - 76[39m
[35m[HTTP][39m [90m[39m
[35m[HTTP][39m [37m-->[39m [37mPOST[39m [37m/wd/hub/session/7a3851fc-805b-4eb3-bcf9-6140ed6dadd7/context[39m
[35m[HTTP][39m [90m{"name":"NATIVE_APP"}[39m
[35m[HTTP][39m [37m<-- POST /wd/hub/session/7a3851fc-805b-4eb3-bcf9-6140ed6dadd7/context [39m[32m200[39m [90m49 ms - 76[39m
[35m[HTTP][39m [90m[39m
[35m[HTTP][39m [37m-->[39m [37mGET[39m [37m/wd/hub/session/7a3851fc-805b-4eb3-bcf9-6140ed6dadd7/window/current/size[39m
[35m[HTTP][39m [90m{}[39m
[35m[W3C][39m Driver proxy active, passing request on via HTTP proxy
[35m[JSONWP Proxy][39m Replacing sessionId d962f020-034b-4dc1-bc23-2fbeda3778af with 7a3851fc-805b-4eb3-bcf9-6140ed6dadd7
[35m[HTTP][39m [37m<-- GET /wd/hub/session/7a3851fc-805b-4eb3-bcf9-6140ed6dadd7/window/current/size [39m[32m200[39m [90m15 ms - 100[39m
[35m[HTTP][39m [90m[39m
[35m[HTTP][39m [37m-->[39m [37mPOST[39m [37m/wd/hub/session/7a3851fc-805b-4eb3-bcf9-6140ed6dadd7/elements[39m
[35m[HTTP][39m [90m{"using":"-android uiautomator","value":"new UiSelector().className(\"android.widget.TextView\").text(\"Preference\").resourceId(\"android:id/text1\").instance(9)"}[39m
[35m[HTTP][39m [37m<-- POST /wd/hub/session/7a3851fc-805b-4eb3-bcf9-6140ed6dadd7/elements [39m[32m200[39m [90m880 ms - 124[39m
[35m[HTTP][39m [90m[39m
[35m[HTTP][39m [37m-->[39m [37mGET[39m [37m/wd/hub/session/7a3851fc-805b-4eb3-bcf9-6140ed6dadd7[39m
[35m[HTTP][39m [90m{}[39m
[35m[HTTP][39m [37m<-- GET /wd/hub/session/7a3851fc-805b-4eb3-bcf9-6140ed6dadd7 [39m[32m200[39m [90m22 ms - 1213[39m
[35m[HTTP][39m [90m[39m
[35m[HTTP][39m [37m-->[39m [37mGET[39m [37m/wd/hub/session/7a3851fc-805b-4eb3-bcf9-6140ed6dadd7[39m
[35m[HTTP][39m [90m{}[39m
[35m[HTTP][39m [37m<-- GET /wd/hub/session/7a3851fc-805b-4eb3-bcf9-6140ed6dadd7 [39m[32m200[39m [90m19 ms - 1213[39m
[35m[HTTP][39m [90m[39m
[35m[HTTP][39m [37m-->[39m [37mGET[39m [37m/wd/hub/session/7a3851fc-805b-4eb3-bcf9-6140ed6dadd7[39m
[35m[HTTP][39m [90m{}[39m
[35m[HTTP][39m [37m<-- GET /wd/hub/session/7a3851fc-805b-4eb3-bcf9-6140ed6dadd7 [39m[32m200[39m [90m18 ms - 1213[39m
[35m[HTTP][39m [90m[39m
[35m[HTTP][39m [37m-->[39m [37mGET[39m [37m/wd/hub/session/7a3851fc-805b-4eb3-bcf9-6140ed6dadd7[39m
[35m[HTTP][39m [90m{}[39m
[35m[HTTP][39m [37m<-- GET /wd/hub/session/7a3851fc-805b-4eb3-bcf9-6140ed6dadd7 [39m[32m200[39m [90m18 ms - 1213[39m
[35m[HTTP][39m [90m[39m
[35m[HTTP][39m [37m-->[39m [37mGET[39m [37m/wd/hub/session/7a3851fc-805b-4eb3-bcf9-6140ed6dadd7/element/5233a623-2d8d-4f0a-abb9-a8a1e847af5f/location[39m
[35m[HTTP][39m [90m{}[39m
[35m[W3C][39m Driver proxy active, passing request on via HTTP proxy
[35m[JSONWP Proxy][39m Replacing sessionId d962f020-034b-4dc1-bc23-2fbeda3778af with 7a3851fc-805b-4eb3-bcf9-6140ed6dadd7
[35m[HTTP][39m [37m<-- GET /wd/hub/session/7a3851fc-805b-4eb3-bcf9-6140ed6dadd7/element/5233a623-2d8d-4f0a-abb9-a8a1e847af5f/location [39m[32m200[39m [90m36 ms - 88[39m
[35m[HTTP][39m [90m[39m
[35m[HTTP][39m [37m-->[39m [37mPOST[39m [37m/wd/hub/session/7a3851fc-805b-4eb3-bcf9-6140ed6dadd7/touch/perform[39m
[35m[HTTP][39m [90m{"actions":[{"action":"tap","options":{"element":"5233a623-2d8d-4f0a-abb9-a8a1e847af5f","x":1,"y":1}}]}[39m
[35m[UiAutomator2][39m calling get location: 5233a623-2d8d-4f0a-abb9-a8a1e847af5f
[35m[HTTP][39m [37m<-- POST /wd/hub/session/7a3851fc-805b-4eb3-bcf9-6140ed6dadd7/touch/perform [39m[32m200[39m [90m1302 ms - 76[39m
[35m[HTTP][39m [90m[39m
[35m[HTTP][39m [37m-->[39m [37mGET[39m [37m/wd/hub/session/7a3851fc-805b-4eb3-bcf9-6140ed6dadd7/context[39m
[35m[HTTP][39m [90m{}[39m
[35m[HTTP][39m [37m<-- GET /wd/hub/session/7a3851fc-805b-4eb3-bcf9-6140ed6dadd7/context [39m[32m200[39m [90m7 ms - 84[39m
[35m[HTTP][39m [90m[39m
[35m[HTTP][39m [37m-->[39m [37mGET[39m [37m/wd/hub/session/7a3851fc-805b-4eb3-bcf9-6140ed6dadd7/contexts[39m
[35m[HTTP][39m [90m{}[39m
[35m[HTTP][39m [37m<-- GET /wd/hub/session/7a3851fc-805b-4eb3-bcf9-6140ed6dadd7/contexts [39m[32m200[39m [90m167 ms - 86[39m
[35m[HTTP][39m [90m[39m
[35m[HTTP][39m [37m-->[39m [37mPOST[39m [37m/wd/hub/session/7a3851fc-805b-4eb3-bcf9-6140ed6dadd7/context[39m
[35m[HTTP][39m [90m{"name":"NATIVE_APP"}[39m
[35m[HTTP][39m [37m<-- POST /wd/hub/session/7a3851fc-805b-4eb3-bcf9-6140ed6dadd7/context [39m[32m200[39m [90m183 ms - 76[39m
[35m[HTTP][39m [90m[39m
[35m[HTTP][39m [37m-->[39m [37mPOST[39m [37m/wd/hub/session/7a3851fc-805b-4eb3-bcf9-6140ed6dadd7/appium/device/press_keycode[39m
[35m[HTTP][39m [90m{"keycode":4}[39m
[35m[HTTP][39m [37m<-- POST /wd/hub/session/7a3851fc-805b-4eb3-bcf9-6140ed6dadd7/appium/device/press_keycode [39m[32m200[39m [90m68 ms - 76[39m
[35m[HTTP][39m [90m[39m
[35m[HTTP][39m [37m-->[39m [37mPOST[39m [37m/wd/hub/session/7a3851fc-805b-4eb3-bcf9-6140ed6dadd7/context[39m
[35m[HTTP][39m [90m{"name":"NATIVE_APP"}[39m
[35m[HTTP][39m [37m<-- POST /wd/hub/session/7a3851fc-805b-4eb3-bcf9-6140ed6dadd7/context [39m[32m200[39m [90m167 ms - 76[39m
[35m[HTTP][39m [90m[39m
[35m[HTTP][39m [37m-->[39m [37mGET[39m [37m/wd/hub/session/7a3851fc-805b-4eb3-bcf9-6140ed6dadd7/window/current/size[39m
[35m[HTTP][39m [90m{}[39m
[35m[W3C][39m Driver proxy active, passing request on via HTTP proxy
[35m[JSONWP Proxy][39m Replacing sessionId d962f020-034b-4dc1-bc23-2fbeda3778af with 7a3851fc-805b-4eb3-bcf9-6140ed6dadd7
[35m[HTTP][39m [37m<-- GET /wd/hub/session/7a3851fc-805b-4eb3-bcf9-6140ed6dadd7/window/current/size [39m[32m200[39m [90m12 ms - 100[39m
[35m[HTTP][39m [90m[39m
[35m[HTTP][39m [37m-->[39m [37mPOST[39m [37m/wd/hub/session/7a3851fc-805b-4eb3-bcf9-6140ed6dadd7/elements[39m
[35m[HTTP][39m [90m{"using":"-android uiautomator","value":"new UiSelector().className(\"android.widget.TextView\").text(\"Preference\").resourceId(\"android:id/text1\").instance(9)"}[39m
[35m[HTTP][39m [37m<-- POST /wd/hub/session/7a3851fc-805b-4eb3-bcf9-6140ed6dadd7/elements [39m[32m200[39m [90m743 ms - 124[39m
[35m[HTTP][39m [90m[39m
[35m[HTTP][39m [37m-->[39m [37mGET[39m [37m/wd/hub/session/7a3851fc-805b-4eb3-bcf9-6140ed6dadd7[39m
[35m[HTTP][39m [90m{}[39m
[35m[HTTP][39m [37m<-- GET /wd/hub/session/7a3851fc-805b-4eb3-bcf9-6140ed6dadd7 [39m[32m200[39m [90m32 ms - 1213[39m
[35m[HTTP][39m [90m[39m
[35m[HTTP][39m [37m-->[39m [37mGET[39m [37m/wd/hub/session/7a3851fc-805b-4eb3-bcf9-6140ed6dadd7[39m
[35m[HTTP][39m [90m{}[39m
[35m[HTTP][39m [37m<-- GET /wd/hub/session/7a3851fc-805b-4eb3-bcf9-6140ed6dadd7 [39m[32m200[39m [90m23 ms - 1213[39m
[35m[HTTP][39m [90m[39m
[35m[HTTP][39m [37m-->[39m [37mGET[39m [37m/wd/hub/session/7a3851fc-805b-4eb3-bcf9-6140ed6dadd7[39m
[35m[HTTP][39m [90m{}[39m
[35m[HTTP][39m [37m<-- GET /wd/hub/session/7a3851fc-805b-4eb3-bcf9-6140ed6dadd7 [39m[32m200[39m [90m21 ms - 1213[39m
[35m[HTTP][39m [90m[39m
[35m[HTTP][39m [37m-->[39m [37mGET[39m [37m/wd/hub/session/7a3851fc-805b-4eb3-bcf9-6140ed6dadd7[39m
[35m[HTTP][39m [90m{}[39m
[35m[HTTP][39m [37m<-- GET /wd/hub/session/7a3851fc-805b-4eb3-bcf9-6140ed6dadd7 [39m[32m200[39m [90m22 ms - 1213[39m
[35m[HTTP][39m [90m[39m
[35m[HTTP][39m [37m-->[39m [37mGET[39m [37m/wd/hub/session/7a3851fc-805b-4eb3-bcf9-6140ed6dadd7/element/a0a40ae3-0109-49d9-9de0-a19f342cd09d/location[39m
[35m[HTTP][39m [90m{}[39m
[35m[W3C][39m Driver proxy active, passing request on via HTTP proxy
[35m[JSONWP Proxy][39m Replacing sessionId d962f020-034b-4dc1-bc23-2fbeda3778af with 7a3851fc-805b-4eb3-bcf9-6140ed6dadd7
[35m[HTTP][39m [37m<-- GET /wd/hub/session/7a3851fc-805b-4eb3-bcf9-6140ed6dadd7/element/a0a40ae3-0109-49d9-9de0-a19f342cd09d/location [39m[32m200[39m [90m42 ms - 88[39m
[35m[HTTP][39m [90m[39m
[35m[HTTP][39m [37m-->[39m [37mPOST[39m [37m/wd/hub/session/7a3851fc-805b-4eb3-bcf9-6140ed6dadd7/touch/perform[39m
[35m[HTTP][39m [90m{"actions":[{"action":"tap","options":{"element":"a0a40ae3-0109-49d9-9de0-a19f342cd09d","x":1,"y":1}}]}[39m
[35m[UiAutomator2][39m calling get location: a0a40ae3-0109-49d9-9de0-a19f342cd09d
[35m[HTTP][39m [37m<-- POST /wd/hub/session/7a3851fc-805b-4eb3-bcf9-6140ed6dadd7/touch/perform [39m[32m200[39m [90m1310 ms - 76[39m
[35m[HTTP][39m [90m[39m
[35m[HTTP][39m [37m-->[39m [37mGET[39m [37m/wd/hub/session/7a3851fc-805b-4eb3-bcf9-6140ed6dadd7/context[39m
[35m[HTTP][39m [90m{}[39m
[35m[HTTP][39m [37m<-- GET /wd/hub/session/7a3851fc-805b-4eb3-bcf9-6140ed6dadd7/context [39m[32m200[39m [90m2 ms - 84[39m
[35m[HTTP][39m [90m[39m
[35m[HTTP][39m [37m-->[39m [37mGET[39m [37m/wd/hub/session/7a3851fc-805b-4eb3-bcf9-6140ed6dadd7/contexts[39m
[35m[HTTP][39m [90m{}[39m
[35m[HTTP][39m [37m<-- GET /wd/hub/session/7a3851fc-805b-4eb3-bcf9-6140ed6dadd7/contexts [39m[32m200[39m [90m81 ms - 86[39m
[35m[HTTP][39m [90m[39m
[35m[HTTP][39m [37m-->[39m [37mPOST[39m [37m/wd/hub/session/7a3851fc-805b-4eb3-bcf9-6140ed6dadd7/context[39m
[35m[HTTP][39m [90m{"name":"NATIVE_APP"}[39m
[35m[HTTP][39m [37m<-- POST /wd/hub/session/7a3851fc-805b-4eb3-bcf9-6140ed6dadd7/context [39m[32m200[39m [90m204 ms - 76[39m
[35m[HTTP][39m [90m[39m
[35m[HTTP][39m [37m-->[39m [37mPOST[39m [37m/wd/hub/session/7a3851fc-805b-4eb3-bcf9-6140ed6dadd7/appium/device/press_keycode[39m
[35m[HTTP][39m [90m{"keycode":4}[39m
[35m[HTTP][39m [37m<-- POST /wd/hub/session/7a3851fc-805b-4eb3-bcf9-6140ed6dadd7/appium/device/press_keycode [39m[32m200[39m [90m71 ms - 76[39m
[35m[HTTP][39m [90m[39m
[35m[HTTP][39m [37m-->[39m [37mPOST[39m [37m/wd/hub/session/7a3851fc-805b-4eb3-bcf9-6140ed6dadd7/context[39m
[35m[HTTP][39m [90m{"name":"NATIVE_APP"}[39m
[35m[HTTP][39m [37m<-- POST /wd/hub/session/7a3851fc-805b-4eb3-bcf9-6140ed6dadd7/context [39m[32m200[39m [90m145 ms - 76[39m
[35m[HTTP][39m [90m[39m
[35m[HTTP][39m [37m-->[39m [37mGET[39m [37m/wd/hub/session/7a3851fc-805b-4eb3-bcf9-6140ed6dadd7/window/current/size[39m
[35m[HTTP][39m [90m{}[39m
[35m[W3C][39m Driver proxy active, passing request on via HTTP proxy
[35m[JSONWP Proxy][39m Replacing sessionId d962f020-034b-4dc1-bc23-2fbeda3778af with 7a3851fc-805b-4eb3-bcf9-6140ed6dadd7
[35m[HTTP][39m [37m<-- GET /wd/hub/session/7a3851fc-805b-4eb3-bcf9-6140ed6dadd7/window/current/size [39m[32m200[39m [90m16 ms - 100[39m
[35m[HTTP][39m [90m[39m
[35m[HTTP][39m [37m-->[39m [37mPOST[39m [37m/wd/hub/session/7a3851fc-805b-4eb3-bcf9-6140ed6dadd7/elements[39m
[35m[HTTP][39m [90m{"using":"-android uiautomator","value":"new UiSelector().className(\"android.widget.TextView\").text(\"Text\").resourceId(\"android:id/text1\").instance(10)"}[39m
[35m[HTTP][39m [37m<-- POST /wd/hub/session/7a3851fc-805b-4eb3-bcf9-6140ed6dadd7/elements [39m[32m200[39m [90m759 ms - 124[39m
[35m[HTTP][39m [90m[39m
[35m[HTTP][39m [37m-->[39m [37mGET[39m [37m/wd/hub/session/7a3851fc-805b-4eb3-bcf9-6140ed6dadd7[39m
[35m[HTTP][39m [90m{}[39m
[35m[HTTP][39m [37m<-- GET /wd/hub/session/7a3851fc-805b-4eb3-bcf9-6140ed6dadd7 [39m[32m200[39m [90m23 ms - 1213[39m
[35m[HTTP][39m [90m[39m
[35m[HTTP][39m [37m-->[39m [37mGET[39m [37m/wd/hub/session/7a3851fc-805b-4eb3-bcf9-6140ed6dadd7[39m
[35m[HTTP][39m [90m{}[39m
[35m[HTTP][39m [37m<-- GET /wd/hub/session/7a3851fc-805b-4eb3-bcf9-6140ed6dadd7 [39m[32m200[39m [90m16 ms - 1213[39m
[35m[HTTP][39m [90m[39m
[35m[HTTP][39m [37m-->[39m [37mGET[39m [37m/wd/hub/session/7a3851fc-805b-4eb3-bcf9-6140ed6dadd7[39m
[35m[HTTP][39m [90m{}[39m
[35m[HTTP][39m [37m<-- GET /wd/hub/session/7a3851fc-805b-4eb3-bcf9-6140ed6dadd7 [39m[32m200[39m [90m23 ms - 1213[39m
[35m[HTTP][39m [90m[39m
[35m[HTTP][39m [37m-->[39m [37mGET[39m [37m/wd/hub/session/7a3851fc-805b-4eb3-bcf9-6140ed6dadd7[39m
[35m[HTTP][39m [90m{}[39m
[35m[HTTP][39m [37m<-- GET /wd/hub/session/7a3851fc-805b-4eb3-bcf9-6140ed6dadd7 [39m[32m200[39m [90m46 ms - 1213[39m
[35m[HTTP][39m [90m[39m
[35m[HTTP][39m [37m-->[39m [37mGET[39m [37m/wd/hub/session/7a3851fc-805b-4eb3-bcf9-6140ed6dadd7/element/2c5857f7-46d1-4397-9ec3-20ad77946a7a/location[39m
[35m[HTTP][39m [90m{}[39m
[35m[W3C][39m Driver proxy active, passing request on via HTTP proxy
[35m[JSONWP Proxy][39m Replacing sessionId d962f020-034b-4dc1-bc23-2fbeda3778af with 7a3851fc-805b-4eb3-bcf9-6140ed6dadd7
[35m[HTTP][39m [37m<-- GET /wd/hub/session/7a3851fc-805b-4eb3-bcf9-6140ed6dadd7/element/2c5857f7-46d1-4397-9ec3-20ad77946a7a/location [39m[32m200[39m [90m41 ms - 88[39m
[35m[HTTP][39m [90m[39m
[35m[HTTP][39m [37m-->[39m [37mPOST[39m [37m/wd/hub/session/7a3851fc-805b-4eb3-bcf9-6140ed6dadd7/touch/perform[39m
[35m[HTTP][39m [90m{"actions":[{"action":"tap","options":{"element":"2c5857f7-46d1-4397-9ec3-20ad77946a7a","x":1,"y":1}}]}[39m
[35m[UiAutomator2][39m calling get location: 2c5857f7-46d1-4397-9ec3-20ad77946a7a
[35m[HTTP][39m [37m<-- POST /wd/hub/session/7a3851fc-805b-4eb3-bcf9-6140ed6dadd7/touch/perform [39m[32m200[39m [90m1288 ms - 76[39m
[35m[HTTP][39m [90m[39m
[35m[HTTP][39m [37m-->[39m [37mGET[39m [37m/wd/hub/session/7a3851fc-805b-4eb3-bcf9-6140ed6dadd7/context[39m
[35m[HTTP][39m [90m{}[39m
[35m[HTTP][39m [37m<-- GET /wd/hub/session/7a3851fc-805b-4eb3-bcf9-6140ed6dadd7/context [39m[32m200[39m [90m4 ms - 84[39m
[35m[HTTP][39m [90m[39m
[35m[HTTP][39m [37m-->[39m [37mGET[39m [37m/wd/hub/session/7a3851fc-805b-4eb3-bcf9-6140ed6dadd7/contexts[39m
[35m[HTTP][39m [90m{}[39m
[35m[HTTP][39m [37m<-- GET /wd/hub/session/7a3851fc-805b-4eb3-bcf9-6140ed6dadd7/contexts [39m[32m200[39m [90m150 ms - 86[39m
[35m[HTTP][39m [90m[39m
[35m[HTTP][39m [37m-->[39m [37mPOST[39m [37m/wd/hub/session/7a3851fc-805b-4eb3-bcf9-6140ed6dadd7/context[39m
[35m[HTTP][39m [90m{"name":"NATIVE_APP"}[39m
[35m[HTTP][39m [37m<-- POST /wd/hub/session/7a3851fc-805b-4eb3-bcf9-6140ed6dadd7/context [39m[32m200[39m [90m192 ms - 76[39m
[35m[HTTP][39m [90m[39m
[35m[HTTP][39m [37m-->[39m [37mPOST[39m [37m/wd/hub/session/7a3851fc-805b-4eb3-bcf9-6140ed6dadd7/appium/device/press_keycode[39m
[35m[HTTP][39m [90m{"keycode":4}[39m
[35m[HTTP][39m [37m<-- POST /wd/hub/session/7a3851fc-805b-4eb3-bcf9-6140ed6dadd7/appium/device/press_keycode [39m[32m200[39m [90m65 ms - 76[39m
[35m[HTTP][39m [90m[39m
[35m[HTTP][39m [37m-->[39m [37mPOST[39m [37m/wd/hub/session/7a3851fc-805b-4eb3-bcf9-6140ed6dadd7/context[39m
[35m[HTTP][39m [90m{"name":"NATIVE_APP"}[39m
[35m[HTTP][39m [37m<-- POST /wd/hub/session/7a3851fc-805b-4eb3-bcf9-6140ed6dadd7/context [39m[32m200[39m [90m154 ms - 76[39m
[35m[HTTP][39m [90m[39m
[35m[HTTP][39m [37m-->[39m [37mGET[39m [37m/wd/hub/session/7a3851fc-805b-4eb3-bcf9-6140ed6dadd7/window/current/size[39m
[35m[HTTP][39m [90m{}[39m
[35m[W3C][39m Driver proxy active, passing request on via HTTP proxy
[35m[JSONWP Proxy][39m Replacing sessionId d962f020-034b-4dc1-bc23-2fbeda3778af with 7a3851fc-805b-4eb3-bcf9-6140ed6dadd7
[35m[HTTP][39m [37m<-- GET /wd/hub/session/7a3851fc-805b-4eb3-bcf9-6140ed6dadd7/window/current/size [39m[32m200[39m [90m20 ms - 100[39m
[35m[HTTP][39m [90m[39m
[35m[HTTP][39m [37m-->[39m [37mPOST[39m [37m/wd/hub/session/7a3851fc-805b-4eb3-bcf9-6140ed6dadd7/elements[39m
[35m[HTTP][39m [90m{"using":"-android uiautomator","value":"new UiSelector().className(\"android.widget.TextView\").text(\"Views\").resourceId(\"android:id/text1\").instance(11)"}[39m
[35m[HTTP][39m [37m<-- POST /wd/hub/session/7a3851fc-805b-4eb3-bcf9-6140ed6dadd7/elements [39m[32m200[39m [90m744 ms - 124[39m
[35m[HTTP][39m [90m[39m
[35m[HTTP][39m [37m-->[39m [37mGET[39m [37m/wd/hub/session/7a3851fc-805b-4eb3-bcf9-6140ed6dadd7[39m
[35m[HTTP][39m [90m{}[39m
[35m[HTTP][39m [37m<-- GET /wd/hub/session/7a3851fc-805b-4eb3-bcf9-6140ed6dadd7 [39m[32m200[39m [90m22 ms - 1213[39m
[35m[HTTP][39m [90m[39m
[35m[HTTP][39m [37m-->[39m [37mGET[39m [37m/wd/hub/session/7a3851fc-805b-4eb3-bcf9-6140ed6dadd7[39m
[35m[HTTP][39m [90m{}[39m
[35m[HTTP][39m [37m<-- GET /wd/hub/session/7a3851fc-805b-4eb3-bcf9-6140ed6dadd7 [39m[32m200[39m [90m24 ms - 1213[39m
[35m[HTTP][39m [90m[39m
[35m[HTTP][39m [37m-->[39m [37mGET[39m [37m/wd/hub/session/7a3851fc-805b-4eb3-bcf9-6140ed6dadd7[39m
[35m[HTTP][39m [90m{}[39m
[35m[HTTP][39m [37m<-- GET /wd/hub/session/7a3851fc-805b-4eb3-bcf9-6140ed6dadd7 [39m[32m200[39m [90m19 ms - 1213[39m
[35m[HTTP][39m [90m[39m
[35m[HTTP][39m [37m-->[39m [37mGET[39m [37m/wd/hub/session/7a3851fc-805b-4eb3-bcf9-6140ed6dadd7[39m
[35m[HTTP][39m [90m{}[39m
[35m[HTTP][39m [37m<-- GET /wd/hub/session/7a3851fc-805b-4eb3-bcf9-6140ed6dadd7 [39m[32m200[39m [90m21 ms - 1213[39m
[35m[HTTP][39m [90m[39m
[35m[HTTP][39m [37m-->[39m [37mGET[39m [37m/wd/hub/session/7a3851fc-805b-4eb3-bcf9-6140ed6dadd7/element/88c73117-6914-4ae5-a05c-310105f3b297/location[39m
[35m[HTTP][39m [90m{}[39m
[35m[W3C][39m Driver proxy active, passing request on via HTTP proxy
[35m[JSONWP Proxy][39m Replacing sessionId d962f020-034b-4dc1-bc23-2fbeda3778af with 7a3851fc-805b-4eb3-bcf9-6140ed6dadd7
[35m[HTTP][39m [37m<-- GET /wd/hub/session/7a3851fc-805b-4eb3-bcf9-6140ed6dadd7/element/88c73117-6914-4ae5-a05c-310105f3b297/location [39m[32m200[39m [90m36 ms - 88[39m
[35m[HTTP][39m [90m[39m
[35m[HTTP][39m [37m-->[39m [37mPOST[39m [37m/wd/hub/session/7a3851fc-805b-4eb3-bcf9-6140ed6dadd7/touch/perform[39m
[35m[HTTP][39m [90m{"actions":[{"action":"tap","options":{"element":"88c73117-6914-4ae5-a05c-310105f3b297","x":1,"y":1}}]}[39m
[35m[UiAutomator2][39m calling get location: 88c73117-6914-4ae5-a05c-310105f3b297
[35m[HTTP][39m [37m<-- POST /wd/hub/session/7a3851fc-805b-4eb3-bcf9-6140ed6dadd7/touch/perform [39m[32m200[39m [90m1322 ms - 76[39m
[35m[HTTP][39m [90m[39m
[35m[HTTP][39m [37m-->[39m [37mGET[39m [37m/wd/hub/session/7a3851fc-805b-4eb3-bcf9-6140ed6dadd7/context[39m
[35m[HTTP][39m [90m{}[39m
[35m[HTTP][39m [37m<-- GET /wd/hub/session/7a3851fc-805b-4eb3-bcf9-6140ed6dadd7/context [39m[32m200[39m [90m3 ms - 84[39m
[35m[HTTP][39m [90m[39m
[35m[HTTP][39m [37m-->[39m [37mGET[39m [37m/wd/hub/session/7a3851fc-805b-4eb3-bcf9-6140ed6dadd7/contexts[39m
[35m[HTTP][39m [90m{}[39m
[35m[HTTP][39m [37m<-- GET /wd/hub/session/7a3851fc-805b-4eb3-bcf9-6140ed6dadd7/contexts [39m[32m200[39m [90m133 ms - 86[39m
[35m[HTTP][39m [90m[39m
[35m[HTTP][39m [37m-->[39m [37mPOST[39m [37m/wd/hub/session/7a3851fc-805b-4eb3-bcf9-6140ed6dadd7/context[39m
[35m[HTTP][39m [90m{"name":"NATIVE_APP"}[39m
[35m[HTTP][39m [37m<-- POST /wd/hub/session/7a3851fc-805b-4eb3-bcf9-6140ed6dadd7/context [39m[32m200[39m [90m194 ms - 76[39m
[35m[HTTP][39m [90m[39m
[35m[HTTP][39m [37m-->[39m [37mPOST[39m [37m/wd/hub/session/7a3851fc-805b-4eb3-bcf9-6140ed6dadd7/appium/device/press_keycode[39m
[35m[HTTP][39m [90m{"keycode":4}[39m
[35m[HTTP][39m [37m<-- POST /wd/hub/session/7a3851fc-805b-4eb3-bcf9-6140ed6dadd7/appium/device/press_keycode [39m[32m200[39m [90m104 ms - 76[39m
[35m[HTTP][39m [90m[39m
[35m[HTTP][39m [37m-->[39m [37mPOST[39m [37m/wd/hub/session/7a3851fc-805b-4eb3-bcf9-6140ed6dadd7/context[39m
[35m[HTTP][39m [90m{"name":"NATIVE_APP"}[39m
[35m[HTTP][39m [37m<-- POST /wd/hub/session/7a3851fc-805b-4eb3-bcf9-6140ed6dadd7/context [39m[32m200[39m [90m134 ms - 76[39m
[35m[HTTP][39m [90m[39m
[35m[HTTP][39m [37m-->[39m [37mDELETE[39m [37m/wd/hub/session/7a3851fc-805b-4eb3-bcf9-6140ed6dadd7[39m
[35m[HTTP][39m [90m{}[39m
[35m[Appium][39m Removing session 7a3851fc-805b-4eb3-bcf9-6140ed6dadd7 from our master session list
[35m[ADB][39m io.appium.android.apis was successfully uninstalled
[35m[HTTP][39m [37m<-- DELETE /wd/hub/session/7a3851fc-805b-4eb3-bcf9-6140ed6dadd7 [39m[32m200[39m [90m3712 ms - 76[39m
[35m[HTTP][39m [90m[39m
