[35m[Appium][39m Welcome to Appium v1.8.1
[35m[Appium][39m Non-default server args:
[35m[Appium][39m   port: 60401
[35m[Appium][39m   loglevel: info
[35m[Appium][39m   chromeDriverPort: 60403
[35m[Appium][39m   tmpDir: C:\Users\Agato\AppData\Local\Temp\\Katalon\Appium\Temp1536154332985
[35m[Appium][39m Appium REST http interface listener started on 0.0.0.0:60401
[35m[HTTP][39m [37m-->[39m [37mGET[39m [37m/wd/hub/status[39m
[35m[HTTP][39m [90m{}[39m
[35m[HTTP][39m [37m<-- GET /wd/hub/status [39m[32m200[39m [90m14 ms - 83[39m
[35m[HTTP][39m [90m[39m
[35m[HTTP][39m [37m-->[39m [37mPOST[39m [37m/wd/hub/session[39m
[35m[HTTP][39m [90m{"desiredCapabilities":{"app":"C:\\Users\\Agato\\Desktop\\agato1\\Migracion\\ApiDemosApp\\ApiDemos-debug.apk","autoGrantPermissions":true,"automationName":"uiautomator2","deviceName":"samsung SM-G920F (Android 7.0)","fullReset":true,"newCommandTimeout":1800,"noReset":false,"platform":"ANDROID","platformName":"Android","udid":"10160a0973263f03"},"capabilities":{"desiredCapabilities":{"app":"C:\\Users\\Agato\\Desktop\\agato1\\Migracion\\ApiDemosApp\\ApiDemos-debug.apk","autoGrantPermissions":true,"automationName":"uiautomator2","deviceName":"samsung SM-G920F (Android 7.0)","fullReset":true,"newCommandTimeout":1800,"noReset":false,"platform":"ANDROID","platformName":"Android","udid":"10160a0973263f03"},"firstMatch":[{"platformName":"android"}]}}[39m
[35m[Appium][39m Could not parse W3C capabilities: 'deviceName' can't be blank. Falling back to JSONWP protocol.
[35m[Appium][39m The following capabilities were provided in the JSONWP desired capabilities that are missing in W3C capabilities: ["app","autoGrantPermissions","automationName","deviceName","fullReset","newCommandTimeout","noReset","platform","platformName","udid"]. Falling back to JSONWP protocol.
[35m[Appium][39m Creating new AndroidUiautomator2Driver (v1.12.0) session
[35m[Appium][39m Capabilities:
[35m[Appium][39m   app: C:\Users\Agato\Desktop\agato1\Migracion\ApiDemosApp\ApiDemos-debug.apk
[35m[Appium][39m   autoGrantPermissions: true
[35m[Appium][39m   automationName: uiautomator2
[35m[Appium][39m   deviceName: samsung SM-G920F (Android 7.0)
[35m[Appium][39m   fullReset: true
[35m[Appium][39m   newCommandTimeout: 1800
[35m[Appium][39m   noReset: false
[35m[Appium][39m   platform: ANDROID
[35m[Appium][39m   platformName: Android
[35m[Appium][39m   udid: 10160a0973263f03
[35m[BaseDriver][39m The following capabilities were provided, but are not recognized by appium: platform.
[35m[BaseDriver][39m Session created with session id: 89355026-ff86-40fd-8a1e-bace0268f193
[35m[BaseDriver][39m Using local app 'C:\Users\Agato\Desktop\agato1\Migracion\ApiDemosApp\ApiDemos-debug.apk'
[35m[AndroidDriver][39m Java version is: 1.8.0_102
[35m[ADB][39m Checking whether adb is present
[35m[ADB][39m Found 1 'build-tools' folders under 'C:\Users\Agato\.katalon\tools\android_sdk' (newest first):
[35m[ADB][39m     C:/Users/Agato/.katalon/tools/android_sdk/build-tools/28.0.1
[35m[ADB][39m Using adb.exe from C:\Users\Agato\.katalon\tools\android_sdk\platform-tools\adb.exe
[35m[AndroidDriver][39m Retrieving device list
[35m[AndroidDriver][39m Using device: 10160a0973263f03
[35m[ADB][39m Using the alternative activity name detection method because of: Could not find apkanalyzer.bat in C:\Users\Agato\.katalon\tools\android_sdk\platform-tools\apkanalyzer.bat,C:\Users\Agato\.katalon\tools\android_sdk\emulator\apkanalyzer.bat,C:\Users\Agato\.katalon\tools\android_sdk\tools\apkanalyzer.bat,C:\Users\Agato\.katalon\tools\android_sdk\tools\bin\apkanalyzer.bat,C:\Users\Agato\.katalon\tools\android_sdk\build-tools\28.0.1\apkanalyzer.bat. Do you have the Android SDK installed at 'C:\Users\Agato\.katalon\tools\android_sdk'?
[35m[ADB][39m Checking whether aapt is present
[35m[ADB][39m Using aapt.exe from C:\Users\Agato\.katalon\tools\android_sdk\build-tools\28.0.1\aapt.exe
[35m[ADB][39m Extracting package and launch activity from manifest
[35m[ADB][39m Package name: 'io.appium.android.apis'
[35m[ADB][39m Main activity name: 'io.appium.android.apis.ApiDemos'
[35m[ADB][39m Getting device platform version
[35m[ADB][39m Using apksigner.bat from C:\Users\Agato\.katalon\tools\android_sdk\build-tools\28.0.1\apksigner.bat
[35m[ADB][39m Checking whether zipalign is present
[35m[ADB][39m Using zipalign.exe from C:\Users\Agato\.katalon\tools\android_sdk\build-tools\28.0.1\zipalign.exe
[35m[ADB][39m io.appium.uiautomator2.server was successfully uninstalled
[35m[ADB][39m io.appium.uiautomator2.server.test was successfully uninstalled
[35m[AndroidDriver][39m setDeviceLanguageCountry requires language or country.
[35m[AndroidDriver][39m Got language: 'null' and country: 'null'
[35m[ADB][39m Successfully extracted 942 strings from 'C:\Users\Agato\Desktop\agato1\Migracion\ApiDemosApp\ApiDemos-debug.apk' resources for '(default)' configuration
[35m[ADB][39m io.appium.android.apis was not uninstalled, because it was not present on the device
[35m[UiAutomator2][39m Starting uiautomator2 server 1.12.0
[35m[UiAutomator2][39m Using UIAutomator2 server from 'C:\Users\Agato\AppData\Roaming\npm\node_modules\appium\node_modules\appium-uiautomator2-server\apks\appium-uiautomator2-server-v1.12.0.apk' and test from 'C:\Users\Agato\AppData\Roaming\npm\node_modules\appium\node_modules\appium-uiautomator2-server\apks\appium-uiautomator2-server-debug-androidTest.apk'
[35m[UiAutomator2][39m Running command: 'adb -s 10160a0973263f03 shell am instrument -w io.appium.uiautomator2.server.test/android.support.test.runner.AndroidJUnitRunner'
[35m[UiAutomator2][39m Waiting up to 20000ms for UiAutomator2 to be online...
[35m[AndroidDriver][39m Screen already unlocked, doing nothing
[35m[UiAutomator2][39m UiAutomator2 did not start the activity we were waiting for, 'io.appium.android.apis/io.appium.android.apis.ApiDemos'. Starting it ourselves
[35m[Appium][39m New AndroidUiautomator2Driver session created successfully, session 89355026-ff86-40fd-8a1e-bace0268f193 added to master session list
[35m[HTTP][39m [37m<-- POST /wd/hub/session [39m[32m200[39m [90m29501 ms - 1213[39m
[35m[HTTP][39m [90m[39m
[35m[HTTP][39m [37m-->[39m [37mGET[39m [37m/wd/hub/status[39m
[35m[HTTP][39m [90m{}[39m
[35m[HTTP][39m [37m<-- GET /wd/hub/status [39m[32m200[39m [90m2 ms - 55[39m
[35m[HTTP][39m [90m[39m
[35m[HTTP][39m [37m-->[39m [37mPOST[39m [37m/wd/hub/session/89355026-ff86-40fd-8a1e-bace0268f193/timeouts[39m
[35m[HTTP][39m [90m{"type":"implicit","ms":30000}[39m
[35m[HTTP][39m [37m<-- POST /wd/hub/session/89355026-ff86-40fd-8a1e-bace0268f193/timeouts [39m[33m400[39m [90m10 ms - 5308[39m
[35m[HTTP][39m [90m[39m
[35m[HTTP][39m [37m-->[39m [37mGET[39m [37m/wd/hub/session/89355026-ff86-40fd-8a1e-bace0268f193/window/current/size[39m
[35m[HTTP][39m [90m{}[39m
[35m[W3C][39m Driver proxy active, passing request on via HTTP proxy
[35m[JSONWP Proxy][39m Replacing sessionId ca2d9b79-fe7d-46c2-b266-770edb371303 with 89355026-ff86-40fd-8a1e-bace0268f193
[35m[HTTP][39m [37m<-- GET /wd/hub/session/89355026-ff86-40fd-8a1e-bace0268f193/window/current/size [39m[32m200[39m [90m68 ms - 100[39m
[35m[HTTP][39m [90m[39m
[35m[HTTP][39m [37m-->[39m [37mPOST[39m [37m/wd/hub/session/89355026-ff86-40fd-8a1e-bace0268f193/elements[39m
[35m[HTTP][39m [90m{"using":"-android uiautomator","value":"new UiSelector().className(\"android.widget.TextView\").text(\"Accessibility\").resourceId(\"android:id/text1\").instance(1)"}[39m
[35m[HTTP][39m [37m<-- POST /wd/hub/session/89355026-ff86-40fd-8a1e-bace0268f193/elements [39m[32m200[39m [90m121 ms - 124[39m
[35m[HTTP][39m [90m[39m
[35m[HTTP][39m [37m-->[39m [37mGET[39m [37m/wd/hub/session/89355026-ff86-40fd-8a1e-bace0268f193[39m
[35m[HTTP][39m [90m{}[39m
[35m[HTTP][39m [37m<-- GET /wd/hub/session/89355026-ff86-40fd-8a1e-bace0268f193 [39m[32m200[39m [90m28 ms - 1213[39m
[35m[HTTP][39m [90m[39m
[35m[HTTP][39m [37m-->[39m [37mGET[39m [37m/wd/hub/session/89355026-ff86-40fd-8a1e-bace0268f193[39m
[35m[HTTP][39m [90m{}[39m
[35m[HTTP][39m [37m<-- GET /wd/hub/session/89355026-ff86-40fd-8a1e-bace0268f193 [39m[32m200[39m [90m28 ms - 1213[39m
[35m[HTTP][39m [90m[39m
[35m[HTTP][39m [37m-->[39m [37mGET[39m [37m/wd/hub/session/89355026-ff86-40fd-8a1e-bace0268f193[39m
[35m[HTTP][39m [90m{}[39m
[35m[HTTP][39m [37m<-- GET /wd/hub/session/89355026-ff86-40fd-8a1e-bace0268f193 [39m[32m200[39m [90m24 ms - 1213[39m
[35m[HTTP][39m [90m[39m
[35m[HTTP][39m [37m-->[39m [37mGET[39m [37m/wd/hub/session/89355026-ff86-40fd-8a1e-bace0268f193[39m
[35m[HTTP][39m [90m{}[39m
[35m[HTTP][39m [37m<-- GET /wd/hub/session/89355026-ff86-40fd-8a1e-bace0268f193 [39m[32m200[39m [90m24 ms - 1213[39m
[35m[HTTP][39m [90m[39m
[35m[HTTP][39m [37m-->[39m [37mGET[39m [37m/wd/hub/session/89355026-ff86-40fd-8a1e-bace0268f193/element/60868450-22cb-4d9a-87ec-8a6c45ec24ba/location[39m
[35m[HTTP][39m [90m{}[39m
[35m[W3C][39m Driver proxy active, passing request on via HTTP proxy
[35m[JSONWP Proxy][39m Replacing sessionId ca2d9b79-fe7d-46c2-b266-770edb371303 with 89355026-ff86-40fd-8a1e-bace0268f193
[35m[HTTP][39m [37m<-- GET /wd/hub/session/89355026-ff86-40fd-8a1e-bace0268f193/element/60868450-22cb-4d9a-87ec-8a6c45ec24ba/location [39m[32m200[39m [90m84 ms - 87[39m
[35m[HTTP][39m [90m[39m
[35m[HTTP][39m [37m-->[39m [37mPOST[39m [37m/wd/hub/session/89355026-ff86-40fd-8a1e-bace0268f193/touch/perform[39m
[35m[HTTP][39m [90m{"actions":[{"action":"tap","options":{"element":"60868450-22cb-4d9a-87ec-8a6c45ec24ba","x":1,"y":1}}]}[39m
[35m[UiAutomator2][39m calling get location: 60868450-22cb-4d9a-87ec-8a6c45ec24ba
[35m[HTTP][39m [37m<-- POST /wd/hub/session/89355026-ff86-40fd-8a1e-bace0268f193/touch/perform [39m[32m200[39m [90m1384 ms - 76[39m
[35m[HTTP][39m [90m[39m
[35m[HTTP][39m [37m-->[39m [37mGET[39m [37m/wd/hub/session/89355026-ff86-40fd-8a1e-bace0268f193/context[39m
[35m[HTTP][39m [90m{}[39m
[35m[HTTP][39m [37m<-- GET /wd/hub/session/89355026-ff86-40fd-8a1e-bace0268f193/context [39m[32m200[39m [90m5 ms - 84[39m
[35m[HTTP][39m [90m[39m
[35m[HTTP][39m [37m-->[39m [37mGET[39m [37m/wd/hub/session/89355026-ff86-40fd-8a1e-bace0268f193/contexts[39m
[35m[HTTP][39m [90m{}[39m
[35m[HTTP][39m [37m<-- GET /wd/hub/session/89355026-ff86-40fd-8a1e-bace0268f193/contexts [39m[32m200[39m [90m69 ms - 86[39m
[35m[HTTP][39m [90m[39m
[35m[HTTP][39m [37m-->[39m [37mPOST[39m [37m/wd/hub/session/89355026-ff86-40fd-8a1e-bace0268f193/context[39m
[35m[HTTP][39m [90m{"name":"NATIVE_APP"}[39m
[35m[HTTP][39m [37m<-- POST /wd/hub/session/89355026-ff86-40fd-8a1e-bace0268f193/context [39m[32m200[39m [90m56 ms - 76[39m
[35m[HTTP][39m [90m[39m
[35m[HTTP][39m [37m-->[39m [37mPOST[39m [37m/wd/hub/session/89355026-ff86-40fd-8a1e-bace0268f193/appium/device/press_keycode[39m
[35m[HTTP][39m [90m{"keycode":4}[39m
[35m[HTTP][39m [37m<-- POST /wd/hub/session/89355026-ff86-40fd-8a1e-bace0268f193/appium/device/press_keycode [39m[32m200[39m [90m70 ms - 76[39m
[35m[HTTP][39m [90m[39m
[35m[HTTP][39m [37m-->[39m [37mPOST[39m [37m/wd/hub/session/89355026-ff86-40fd-8a1e-bace0268f193/context[39m
[35m[HTTP][39m [90m{"name":"NATIVE_APP"}[39m
[35m[HTTP][39m [37m<-- POST /wd/hub/session/89355026-ff86-40fd-8a1e-bace0268f193/context [39m[32m200[39m [90m64 ms - 76[39m
[35m[HTTP][39m [90m[39m
[35m[HTTP][39m [37m-->[39m [37mGET[39m [37m/wd/hub/session/89355026-ff86-40fd-8a1e-bace0268f193/window/current/size[39m
[35m[HTTP][39m [90m{}[39m
[35m[W3C][39m Driver proxy active, passing request on via HTTP proxy
[35m[JSONWP Proxy][39m Replacing sessionId ca2d9b79-fe7d-46c2-b266-770edb371303 with 89355026-ff86-40fd-8a1e-bace0268f193
[35m[HTTP][39m [37m<-- GET /wd/hub/session/89355026-ff86-40fd-8a1e-bace0268f193/window/current/size [39m[32m200[39m [90m16 ms - 100[39m
[35m[HTTP][39m [90m[39m
[35m[HTTP][39m [37m-->[39m [37mPOST[39m [37m/wd/hub/session/89355026-ff86-40fd-8a1e-bace0268f193/elements[39m
[35m[HTTP][39m [90m{"using":"-android uiautomator","value":"new UiSelector().className(\"android.widget.TextView\").text(\"Animation\").resourceId(\"android:id/text1\").instance(2)"}[39m
[35m[HTTP][39m [37m<-- POST /wd/hub/session/89355026-ff86-40fd-8a1e-bace0268f193/elements [39m[32m200[39m [90m863 ms - 124[39m
[35m[HTTP][39m [90m[39m
[35m[HTTP][39m [37m-->[39m [37mGET[39m [37m/wd/hub/session/89355026-ff86-40fd-8a1e-bace0268f193[39m
[35m[HTTP][39m [90m{}[39m
[35m[HTTP][39m [37m<-- GET /wd/hub/session/89355026-ff86-40fd-8a1e-bace0268f193 [39m[32m200[39m [90m52 ms - 1213[39m
[35m[HTTP][39m [90m[39m
[35m[HTTP][39m [37m-->[39m [37mGET[39m [37m/wd/hub/session/89355026-ff86-40fd-8a1e-bace0268f193[39m
[35m[HTTP][39m [90m{}[39m
[35m[HTTP][39m [37m<-- GET /wd/hub/session/89355026-ff86-40fd-8a1e-bace0268f193 [39m[32m200[39m [90m28 ms - 1213[39m
[35m[HTTP][39m [90m[39m
[35m[HTTP][39m [37m-->[39m [37mGET[39m [37m/wd/hub/session/89355026-ff86-40fd-8a1e-bace0268f193[39m
[35m[HTTP][39m [90m{}[39m
[35m[HTTP][39m [37m<-- GET /wd/hub/session/89355026-ff86-40fd-8a1e-bace0268f193 [39m[32m200[39m [90m26 ms - 1213[39m
[35m[HTTP][39m [90m[39m
[35m[HTTP][39m [37m-->[39m [37mGET[39m [37m/wd/hub/session/89355026-ff86-40fd-8a1e-bace0268f193[39m
[35m[HTTP][39m [90m{}[39m
[35m[HTTP][39m [37m<-- GET /wd/hub/session/89355026-ff86-40fd-8a1e-bace0268f193 [39m[32m200[39m [90m25 ms - 1213[39m
[35m[HTTP][39m [90m[39m
[35m[HTTP][39m [37m-->[39m [37mGET[39m [37m/wd/hub/session/89355026-ff86-40fd-8a1e-bace0268f193/element/4d3be265-d6c0-4d27-bd7c-57082b4c292d/location[39m
[35m[HTTP][39m [90m{}[39m
[35m[W3C][39m Driver proxy active, passing request on via HTTP proxy
[35m[JSONWP Proxy][39m Replacing sessionId ca2d9b79-fe7d-46c2-b266-770edb371303 with 89355026-ff86-40fd-8a1e-bace0268f193
[35m[HTTP][39m [37m<-- GET /wd/hub/session/89355026-ff86-40fd-8a1e-bace0268f193/element/4d3be265-d6c0-4d27-bd7c-57082b4c292d/location [39m[32m200[39m [90m42 ms - 87[39m
[35m[HTTP][39m [90m[39m
[35m[HTTP][39m [37m-->[39m [37mPOST[39m [37m/wd/hub/session/89355026-ff86-40fd-8a1e-bace0268f193/touch/perform[39m
[35m[HTTP][39m [90m{"actions":[{"action":"tap","options":{"element":"4d3be265-d6c0-4d27-bd7c-57082b4c292d","x":1,"y":1}}]}[39m
[35m[UiAutomator2][39m calling get location: 4d3be265-d6c0-4d27-bd7c-57082b4c292d
[35m[HTTP][39m [37m<-- POST /wd/hub/session/89355026-ff86-40fd-8a1e-bace0268f193/touch/perform [39m[32m200[39m [90m1391 ms - 76[39m
[35m[HTTP][39m [90m[39m
[35m[HTTP][39m [37m-->[39m [37mGET[39m [37m/wd/hub/session/89355026-ff86-40fd-8a1e-bace0268f193/context[39m
[35m[HTTP][39m [90m{}[39m
[35m[HTTP][39m [37m<-- GET /wd/hub/session/89355026-ff86-40fd-8a1e-bace0268f193/context [39m[32m200[39m [90m7 ms - 84[39m
[35m[HTTP][39m [90m[39m
[35m[HTTP][39m [37m-->[39m [37mGET[39m [37m/wd/hub/session/89355026-ff86-40fd-8a1e-bace0268f193/contexts[39m
[35m[HTTP][39m [90m{}[39m
[35m[HTTP][39m [37m<-- GET /wd/hub/session/89355026-ff86-40fd-8a1e-bace0268f193/contexts [39m[32m200[39m [90m70 ms - 86[39m
[35m[HTTP][39m [90m[39m
[35m[HTTP][39m [37m-->[39m [37mPOST[39m [37m/wd/hub/session/89355026-ff86-40fd-8a1e-bace0268f193/context[39m
[35m[HTTP][39m [90m{"name":"NATIVE_APP"}[39m
[35m[HTTP][39m [37m<-- POST /wd/hub/session/89355026-ff86-40fd-8a1e-bace0268f193/context [39m[32m200[39m [90m52 ms - 76[39m
[35m[HTTP][39m [90m[39m
[35m[HTTP][39m [37m-->[39m [37mPOST[39m [37m/wd/hub/session/89355026-ff86-40fd-8a1e-bace0268f193/appium/device/press_keycode[39m
[35m[HTTP][39m [90m{"keycode":4}[39m
[35m[HTTP][39m [37m<-- POST /wd/hub/session/89355026-ff86-40fd-8a1e-bace0268f193/appium/device/press_keycode [39m[32m200[39m [90m65 ms - 76[39m
[35m[HTTP][39m [90m[39m
[35m[HTTP][39m [37m-->[39m [37mPOST[39m [37m/wd/hub/session/89355026-ff86-40fd-8a1e-bace0268f193/context[39m
[35m[HTTP][39m [90m{"name":"NATIVE_APP"}[39m
[35m[HTTP][39m [37m<-- POST /wd/hub/session/89355026-ff86-40fd-8a1e-bace0268f193/context [39m[32m200[39m [90m75 ms - 76[39m
[35m[HTTP][39m [90m[39m
[35m[HTTP][39m [37m-->[39m [37mGET[39m [37m/wd/hub/session/89355026-ff86-40fd-8a1e-bace0268f193/window/current/size[39m
[35m[HTTP][39m [90m{}[39m
[35m[W3C][39m Driver proxy active, passing request on via HTTP proxy
[35m[JSONWP Proxy][39m Replacing sessionId ca2d9b79-fe7d-46c2-b266-770edb371303 with 89355026-ff86-40fd-8a1e-bace0268f193
[35m[HTTP][39m [37m<-- GET /wd/hub/session/89355026-ff86-40fd-8a1e-bace0268f193/window/current/size [39m[32m200[39m [90m15 ms - 100[39m
[35m[HTTP][39m [90m[39m
[35m[HTTP][39m [37m-->[39m [37mPOST[39m [37m/wd/hub/session/89355026-ff86-40fd-8a1e-bace0268f193/elements[39m
[35m[HTTP][39m [90m{"using":"-android uiautomator","value":"new UiSelector().className(\"android.widget.TextView\").text(\"App\").resourceId(\"android:id/text1\").instance(3)"}[39m
[35m[HTTP][39m [37m<-- POST /wd/hub/session/89355026-ff86-40fd-8a1e-bace0268f193/elements [39m[32m200[39m [90m850 ms - 124[39m
[35m[HTTP][39m [90m[39m
[35m[HTTP][39m [37m-->[39m [37mGET[39m [37m/wd/hub/session/89355026-ff86-40fd-8a1e-bace0268f193[39m
[35m[HTTP][39m [90m{}[39m
[35m[HTTP][39m [37m<-- GET /wd/hub/session/89355026-ff86-40fd-8a1e-bace0268f193 [39m[32m200[39m [90m54 ms - 1213[39m
[35m[HTTP][39m [90m[39m
[35m[HTTP][39m [37m-->[39m [37mGET[39m [37m/wd/hub/session/89355026-ff86-40fd-8a1e-bace0268f193[39m
[35m[HTTP][39m [90m{}[39m
[35m[HTTP][39m [37m<-- GET /wd/hub/session/89355026-ff86-40fd-8a1e-bace0268f193 [39m[32m200[39m [90m25 ms - 1213[39m
[35m[HTTP][39m [90m[39m
[35m[HTTP][39m [37m-->[39m [37mGET[39m [37m/wd/hub/session/89355026-ff86-40fd-8a1e-bace0268f193[39m
[35m[HTTP][39m [90m{}[39m
[35m[HTTP][39m [37m<-- GET /wd/hub/session/89355026-ff86-40fd-8a1e-bace0268f193 [39m[32m200[39m [90m24 ms - 1213[39m
[35m[HTTP][39m [90m[39m
[35m[HTTP][39m [37m-->[39m [37mGET[39m [37m/wd/hub/session/89355026-ff86-40fd-8a1e-bace0268f193[39m
[35m[HTTP][39m [90m{}[39m
[35m[HTTP][39m [37m<-- GET /wd/hub/session/89355026-ff86-40fd-8a1e-bace0268f193 [39m[32m200[39m [90m23 ms - 1213[39m
[35m[HTTP][39m [90m[39m
[35m[HTTP][39m [37m-->[39m [37mGET[39m [37m/wd/hub/session/89355026-ff86-40fd-8a1e-bace0268f193/element/04ae18c1-e5a3-4aae-8e31-b2b84a932b17/location[39m
[35m[HTTP][39m [90m{}[39m
[35m[W3C][39m Driver proxy active, passing request on via HTTP proxy
[35m[JSONWP Proxy][39m Replacing sessionId ca2d9b79-fe7d-46c2-b266-770edb371303 with 89355026-ff86-40fd-8a1e-bace0268f193
[35m[HTTP][39m [37m<-- GET /wd/hub/session/89355026-ff86-40fd-8a1e-bace0268f193/element/04ae18c1-e5a3-4aae-8e31-b2b84a932b17/location [39m[32m200[39m [90m40 ms - 87[39m
[35m[HTTP][39m [90m[39m
[35m[HTTP][39m [37m-->[39m [37mPOST[39m [37m/wd/hub/session/89355026-ff86-40fd-8a1e-bace0268f193/touch/perform[39m
[35m[HTTP][39m [90m{"actions":[{"action":"tap","options":{"element":"04ae18c1-e5a3-4aae-8e31-b2b84a932b17","x":1,"y":1}}]}[39m
[35m[UiAutomator2][39m calling get location: 04ae18c1-e5a3-4aae-8e31-b2b84a932b17
[35m[HTTP][39m [37m<-- POST /wd/hub/session/89355026-ff86-40fd-8a1e-bace0268f193/touch/perform [39m[32m200[39m [90m1295 ms - 76[39m
[35m[HTTP][39m [90m[39m
[35m[HTTP][39m [37m-->[39m [37mGET[39m [37m/wd/hub/session/89355026-ff86-40fd-8a1e-bace0268f193/context[39m
[35m[HTTP][39m [90m{}[39m
[35m[HTTP][39m [37m<-- GET /wd/hub/session/89355026-ff86-40fd-8a1e-bace0268f193/context [39m[32m200[39m [90m14 ms - 84[39m
[35m[HTTP][39m [90m[39m
[35m[HTTP][39m [37m-->[39m [37mGET[39m [37m/wd/hub/session/89355026-ff86-40fd-8a1e-bace0268f193/contexts[39m
[35m[HTTP][39m [90m{}[39m
[35m[HTTP][39m [37m<-- GET /wd/hub/session/89355026-ff86-40fd-8a1e-bace0268f193/contexts [39m[32m200[39m [90m88 ms - 86[39m
[35m[HTTP][39m [90m[39m
[35m[HTTP][39m [37m-->[39m [37mPOST[39m [37m/wd/hub/session/89355026-ff86-40fd-8a1e-bace0268f193/context[39m
[35m[HTTP][39m [90m{"name":"NATIVE_APP"}[39m
[35m[HTTP][39m [37m<-- POST /wd/hub/session/89355026-ff86-40fd-8a1e-bace0268f193/context [39m[32m200[39m [90m94 ms - 76[39m
[35m[HTTP][39m [90m[39m
[35m[HTTP][39m [37m-->[39m [37mPOST[39m [37m/wd/hub/session/89355026-ff86-40fd-8a1e-bace0268f193/appium/device/press_keycode[39m
[35m[HTTP][39m [90m{"keycode":4}[39m
[35m[HTTP][39m [37m<-- POST /wd/hub/session/89355026-ff86-40fd-8a1e-bace0268f193/appium/device/press_keycode [39m[32m200[39m [90m99 ms - 76[39m
[35m[HTTP][39m [90m[39m
[35m[HTTP][39m [37m-->[39m [37mPOST[39m [37m/wd/hub/session/89355026-ff86-40fd-8a1e-bace0268f193/context[39m
[35m[HTTP][39m [90m{"name":"NATIVE_APP"}[39m
[35m[HTTP][39m [37m<-- POST /wd/hub/session/89355026-ff86-40fd-8a1e-bace0268f193/context [39m[32m200[39m [90m83 ms - 76[39m
[35m[HTTP][39m [90m[39m
[35m[HTTP][39m [37m-->[39m [37mGET[39m [37m/wd/hub/session/89355026-ff86-40fd-8a1e-bace0268f193/window/current/size[39m
[35m[HTTP][39m [90m{}[39m
[35m[W3C][39m Driver proxy active, passing request on via HTTP proxy
[35m[JSONWP Proxy][39m Replacing sessionId ca2d9b79-fe7d-46c2-b266-770edb371303 with 89355026-ff86-40fd-8a1e-bace0268f193
[35m[HTTP][39m [37m<-- GET /wd/hub/session/89355026-ff86-40fd-8a1e-bace0268f193/window/current/size [39m[32m200[39m [90m13 ms - 100[39m
[35m[HTTP][39m [90m[39m
[35m[HTTP][39m [37m-->[39m [37mPOST[39m [37m/wd/hub/session/89355026-ff86-40fd-8a1e-bace0268f193/elements[39m
[35m[HTTP][39m [90m{"using":"-android uiautomator","value":"new UiSelector().className(\"android.widget.TextView\").text(\"Content\").resourceId(\"android:id/text1\").instance(4)"}[39m
[35m[HTTP][39m [37m<-- POST /wd/hub/session/89355026-ff86-40fd-8a1e-bace0268f193/elements [39m[32m200[39m [90m837 ms - 124[39m
[35m[HTTP][39m [90m[39m
[35m[HTTP][39m [37m-->[39m [37mGET[39m [37m/wd/hub/session/89355026-ff86-40fd-8a1e-bace0268f193[39m
[35m[HTTP][39m [90m{}[39m
[35m[HTTP][39m [37m<-- GET /wd/hub/session/89355026-ff86-40fd-8a1e-bace0268f193 [39m[32m200[39m [90m26 ms - 1213[39m
[35m[HTTP][39m [90m[39m
[35m[HTTP][39m [37m-->[39m [37mGET[39m [37m/wd/hub/session/89355026-ff86-40fd-8a1e-bace0268f193[39m
[35m[HTTP][39m [90m{}[39m
[35m[HTTP][39m [37m<-- GET /wd/hub/session/89355026-ff86-40fd-8a1e-bace0268f193 [39m[32m200[39m [90m28 ms - 1213[39m
[35m[HTTP][39m [90m[39m
[35m[HTTP][39m [37m-->[39m [37mGET[39m [37m/wd/hub/session/89355026-ff86-40fd-8a1e-bace0268f193[39m
[35m[HTTP][39m [90m{}[39m
[35m[HTTP][39m [37m<-- GET /wd/hub/session/89355026-ff86-40fd-8a1e-bace0268f193 [39m[32m200[39m [90m39 ms - 1213[39m
[35m[HTTP][39m [90m[39m
[35m[HTTP][39m [37m-->[39m [37mGET[39m [37m/wd/hub/session/89355026-ff86-40fd-8a1e-bace0268f193[39m
[35m[HTTP][39m [90m{}[39m
[35m[HTTP][39m [37m<-- GET /wd/hub/session/89355026-ff86-40fd-8a1e-bace0268f193 [39m[32m200[39m [90m31 ms - 1213[39m
[35m[HTTP][39m [90m[39m
[35m[HTTP][39m [37m-->[39m [37mGET[39m [37m/wd/hub/session/89355026-ff86-40fd-8a1e-bace0268f193/element/4df4190d-3c7f-4e13-ae4a-88458006f63d/location[39m
[35m[HTTP][39m [90m{}[39m
[35m[W3C][39m Driver proxy active, passing request on via HTTP proxy
[35m[JSONWP Proxy][39m Replacing sessionId ca2d9b79-fe7d-46c2-b266-770edb371303 with 89355026-ff86-40fd-8a1e-bace0268f193
[35m[HTTP][39m [37m<-- GET /wd/hub/session/89355026-ff86-40fd-8a1e-bace0268f193/element/4df4190d-3c7f-4e13-ae4a-88458006f63d/location [39m[32m200[39m [90m49 ms - 87[39m
[35m[HTTP][39m [90m[39m
[35m[HTTP][39m [37m-->[39m [37mPOST[39m [37m/wd/hub/session/89355026-ff86-40fd-8a1e-bace0268f193/touch/perform[39m
[35m[HTTP][39m [90m{"actions":[{"action":"tap","options":{"element":"4df4190d-3c7f-4e13-ae4a-88458006f63d","x":1,"y":1}}]}[39m
[35m[UiAutomator2][39m calling get location: 4df4190d-3c7f-4e13-ae4a-88458006f63d
[35m[HTTP][39m [37m<-- POST /wd/hub/session/89355026-ff86-40fd-8a1e-bace0268f193/touch/perform [39m[32m200[39m [90m1290 ms - 76[39m
[35m[HTTP][39m [90m[39m
[35m[HTTP][39m [37m-->[39m [37mGET[39m [37m/wd/hub/session/89355026-ff86-40fd-8a1e-bace0268f193/context[39m
[35m[HTTP][39m [90m{}[39m
[35m[HTTP][39m [37m<-- GET /wd/hub/session/89355026-ff86-40fd-8a1e-bace0268f193/context [39m[32m200[39m [90m4 ms - 84[39m
[35m[HTTP][39m [90m[39m
[35m[HTTP][39m [37m-->[39m [37mGET[39m [37m/wd/hub/session/89355026-ff86-40fd-8a1e-bace0268f193/contexts[39m
[35m[HTTP][39m [90m{}[39m
[35m[HTTP][39m [37m<-- GET /wd/hub/session/89355026-ff86-40fd-8a1e-bace0268f193/contexts [39m[32m200[39m [90m44 ms - 86[39m
[35m[HTTP][39m [90m[39m
[35m[HTTP][39m [37m-->[39m [37mPOST[39m [37m/wd/hub/session/89355026-ff86-40fd-8a1e-bace0268f193/context[39m
[35m[HTTP][39m [90m{"name":"NATIVE_APP"}[39m
[35m[HTTP][39m [37m<-- POST /wd/hub/session/89355026-ff86-40fd-8a1e-bace0268f193/context [39m[32m200[39m [90m45 ms - 76[39m
[35m[HTTP][39m [90m[39m
[35m[HTTP][39m [37m-->[39m [37mPOST[39m [37m/wd/hub/session/89355026-ff86-40fd-8a1e-bace0268f193/appium/device/press_keycode[39m
[35m[HTTP][39m [90m{"keycode":4}[39m
[35m[HTTP][39m [37m<-- POST /wd/hub/session/89355026-ff86-40fd-8a1e-bace0268f193/appium/device/press_keycode [39m[32m200[39m [90m46 ms - 76[39m
[35m[HTTP][39m [90m[39m
[35m[HTTP][39m [37m-->[39m [37mPOST[39m [37m/wd/hub/session/89355026-ff86-40fd-8a1e-bace0268f193/context[39m
[35m[HTTP][39m [90m{"name":"NATIVE_APP"}[39m
[35m[HTTP][39m [37m<-- POST /wd/hub/session/89355026-ff86-40fd-8a1e-bace0268f193/context [39m[32m200[39m [90m39 ms - 76[39m
[35m[HTTP][39m [90m[39m
[35m[HTTP][39m [37m-->[39m [37mGET[39m [37m/wd/hub/session/89355026-ff86-40fd-8a1e-bace0268f193/window/current/size[39m
[35m[HTTP][39m [90m{}[39m
[35m[W3C][39m Driver proxy active, passing request on via HTTP proxy
[35m[JSONWP Proxy][39m Replacing sessionId ca2d9b79-fe7d-46c2-b266-770edb371303 with 89355026-ff86-40fd-8a1e-bace0268f193
[35m[HTTP][39m [37m<-- GET /wd/hub/session/89355026-ff86-40fd-8a1e-bace0268f193/window/current/size [39m[32m200[39m [90m18 ms - 100[39m
[35m[HTTP][39m [90m[39m
[35m[HTTP][39m [37m-->[39m [37mPOST[39m [37m/wd/hub/session/89355026-ff86-40fd-8a1e-bace0268f193/elements[39m
[35m[HTTP][39m [90m{"using":"-android uiautomator","value":"new UiSelector().className(\"android.widget.TextView\").text(\"Graphics\").resourceId(\"android:id/text1\").instance(5)"}[39m
[35m[HTTP][39m [37m<-- POST /wd/hub/session/89355026-ff86-40fd-8a1e-bace0268f193/elements [39m[32m200[39m [90m870 ms - 124[39m
[35m[HTTP][39m [90m[39m
[35m[HTTP][39m [37m-->[39m [37mGET[39m [37m/wd/hub/session/89355026-ff86-40fd-8a1e-bace0268f193[39m
[35m[HTTP][39m [90m{}[39m
[35m[HTTP][39m [37m<-- GET /wd/hub/session/89355026-ff86-40fd-8a1e-bace0268f193 [39m[32m200[39m [90m27 ms - 1213[39m
[35m[HTTP][39m [90m[39m
[35m[HTTP][39m [37m-->[39m [37mGET[39m [37m/wd/hub/session/89355026-ff86-40fd-8a1e-bace0268f193[39m
[35m[HTTP][39m [90m{}[39m
[35m[HTTP][39m [37m<-- GET /wd/hub/session/89355026-ff86-40fd-8a1e-bace0268f193 [39m[32m200[39m [90m26 ms - 1213[39m
[35m[HTTP][39m [90m[39m
[35m[HTTP][39m [37m-->[39m [37mGET[39m [37m/wd/hub/session/89355026-ff86-40fd-8a1e-bace0268f193[39m
[35m[HTTP][39m [90m{}[39m
[35m[HTTP][39m [37m<-- GET /wd/hub/session/89355026-ff86-40fd-8a1e-bace0268f193 [39m[32m200[39m [90m26 ms - 1213[39m
[35m[HTTP][39m [90m[39m
[35m[HTTP][39m [37m-->[39m [37mGET[39m [37m/wd/hub/session/89355026-ff86-40fd-8a1e-bace0268f193[39m
[35m[HTTP][39m [90m{}[39m
[35m[HTTP][39m [37m<-- GET /wd/hub/session/89355026-ff86-40fd-8a1e-bace0268f193 [39m[32m200[39m [90m40 ms - 1213[39m
[35m[HTTP][39m [90m[39m
[35m[HTTP][39m [37m-->[39m [37mGET[39m [37m/wd/hub/session/89355026-ff86-40fd-8a1e-bace0268f193/element/f5f36be0-9700-4469-aa8d-461596cfd8db/location[39m
[35m[HTTP][39m [90m{}[39m
[35m[W3C][39m Driver proxy active, passing request on via HTTP proxy
[35m[JSONWP Proxy][39m Replacing sessionId ca2d9b79-fe7d-46c2-b266-770edb371303 with 89355026-ff86-40fd-8a1e-bace0268f193
[35m[HTTP][39m [37m<-- GET /wd/hub/session/89355026-ff86-40fd-8a1e-bace0268f193/element/f5f36be0-9700-4469-aa8d-461596cfd8db/location [39m[32m200[39m [90m45 ms - 88[39m
[35m[HTTP][39m [90m[39m
[35m[HTTP][39m [37m-->[39m [37mPOST[39m [37m/wd/hub/session/89355026-ff86-40fd-8a1e-bace0268f193/touch/perform[39m
[35m[HTTP][39m [90m{"actions":[{"action":"tap","options":{"element":"f5f36be0-9700-4469-aa8d-461596cfd8db","x":1,"y":1}}]}[39m
[35m[UiAutomator2][39m calling get location: f5f36be0-9700-4469-aa8d-461596cfd8db
[35m[HTTP][39m [37m<-- POST /wd/hub/session/89355026-ff86-40fd-8a1e-bace0268f193/touch/perform [39m[32m200[39m [90m1349 ms - 76[39m
[35m[HTTP][39m [90m[39m
[35m[HTTP][39m [37m-->[39m [37mGET[39m [37m/wd/hub/session/89355026-ff86-40fd-8a1e-bace0268f193/context[39m
[35m[HTTP][39m [90m{}[39m
[35m[HTTP][39m [37m<-- GET /wd/hub/session/89355026-ff86-40fd-8a1e-bace0268f193/context [39m[32m200[39m [90m9 ms - 84[39m
[35m[HTTP][39m [90m[39m
[35m[HTTP][39m [37m-->[39m [37mGET[39m [37m/wd/hub/session/89355026-ff86-40fd-8a1e-bace0268f193/contexts[39m
[35m[HTTP][39m [90m{}[39m
[35m[HTTP][39m [37m<-- GET /wd/hub/session/89355026-ff86-40fd-8a1e-bace0268f193/contexts [39m[32m200[39m [90m78 ms - 86[39m
[35m[HTTP][39m [90m[39m
[35m[HTTP][39m [37m-->[39m [37mPOST[39m [37m/wd/hub/session/89355026-ff86-40fd-8a1e-bace0268f193/context[39m
[35m[HTTP][39m [90m{"name":"NATIVE_APP"}[39m
[35m[HTTP][39m [37m<-- POST /wd/hub/session/89355026-ff86-40fd-8a1e-bace0268f193/context [39m[32m200[39m [90m43 ms - 76[39m
[35m[HTTP][39m [90m[39m
[35m[HTTP][39m [37m-->[39m [37mPOST[39m [37m/wd/hub/session/89355026-ff86-40fd-8a1e-bace0268f193/appium/device/press_keycode[39m
[35m[HTTP][39m [90m{"keycode":4}[39m
[35m[HTTP][39m [37m<-- POST /wd/hub/session/89355026-ff86-40fd-8a1e-bace0268f193/appium/device/press_keycode [39m[32m200[39m [90m58 ms - 76[39m
[35m[HTTP][39m [90m[39m
[35m[HTTP][39m [37m-->[39m [37mPOST[39m [37m/wd/hub/session/89355026-ff86-40fd-8a1e-bace0268f193/context[39m
[35m[HTTP][39m [90m{"name":"NATIVE_APP"}[39m
[35m[HTTP][39m [37m<-- POST /wd/hub/session/89355026-ff86-40fd-8a1e-bace0268f193/context [39m[32m200[39m [90m34 ms - 76[39m
[35m[HTTP][39m [90m[39m
[35m[HTTP][39m [37m-->[39m [37mGET[39m [37m/wd/hub/session/89355026-ff86-40fd-8a1e-bace0268f193/window/current/size[39m
[35m[HTTP][39m [90m{}[39m
[35m[W3C][39m Driver proxy active, passing request on via HTTP proxy
[35m[JSONWP Proxy][39m Replacing sessionId ca2d9b79-fe7d-46c2-b266-770edb371303 with 89355026-ff86-40fd-8a1e-bace0268f193
[35m[HTTP][39m [37m<-- GET /wd/hub/session/89355026-ff86-40fd-8a1e-bace0268f193/window/current/size [39m[32m200[39m [90m17 ms - 100[39m
[35m[HTTP][39m [90m[39m
[35m[HTTP][39m [37m-->[39m [37mPOST[39m [37m/wd/hub/session/89355026-ff86-40fd-8a1e-bace0268f193/elements[39m
[35m[HTTP][39m [90m{"using":"-android uiautomator","value":"new UiSelector().className(\"android.widget.TextView\").text(\"Media\").resourceId(\"android:id/text1\").instance(6)"}[39m
[35m[HTTP][39m [37m<-- POST /wd/hub/session/89355026-ff86-40fd-8a1e-bace0268f193/elements [39m[32m200[39m [90m876 ms - 124[39m
[35m[HTTP][39m [90m[39m
[35m[HTTP][39m [37m-->[39m [37mGET[39m [37m/wd/hub/session/89355026-ff86-40fd-8a1e-bace0268f193[39m
[35m[HTTP][39m [90m{}[39m
[35m[HTTP][39m [37m<-- GET /wd/hub/session/89355026-ff86-40fd-8a1e-bace0268f193 [39m[32m200[39m [90m35 ms - 1213[39m
[35m[HTTP][39m [90m[39m
[35m[HTTP][39m [37m-->[39m [37mGET[39m [37m/wd/hub/session/89355026-ff86-40fd-8a1e-bace0268f193[39m
[35m[HTTP][39m [90m{}[39m
[35m[HTTP][39m [37m<-- GET /wd/hub/session/89355026-ff86-40fd-8a1e-bace0268f193 [39m[32m200[39m [90m26 ms - 1213[39m
[35m[HTTP][39m [90m[39m
[35m[HTTP][39m [37m-->[39m [37mGET[39m [37m/wd/hub/session/89355026-ff86-40fd-8a1e-bace0268f193[39m
[35m[HTTP][39m [90m{}[39m
[35m[HTTP][39m [37m<-- GET /wd/hub/session/89355026-ff86-40fd-8a1e-bace0268f193 [39m[32m200[39m [90m26 ms - 1213[39m
[35m[HTTP][39m [90m[39m
[35m[HTTP][39m [37m-->[39m [37mGET[39m [37m/wd/hub/session/89355026-ff86-40fd-8a1e-bace0268f193[39m
[35m[HTTP][39m [90m{}[39m
[35m[HTTP][39m [37m<-- GET /wd/hub/session/89355026-ff86-40fd-8a1e-bace0268f193 [39m[32m200[39m [90m28 ms - 1213[39m
[35m[HTTP][39m [90m[39m
[35m[HTTP][39m [37m-->[39m [37mGET[39m [37m/wd/hub/session/89355026-ff86-40fd-8a1e-bace0268f193/element/2deff48e-1cfa-48ff-b72a-d027cf61a99c/location[39m
[35m[HTTP][39m [90m{}[39m
[35m[W3C][39m Driver proxy active, passing request on via HTTP proxy
[35m[JSONWP Proxy][39m Replacing sessionId ca2d9b79-fe7d-46c2-b266-770edb371303 with 89355026-ff86-40fd-8a1e-bace0268f193
[35m[HTTP][39m [37m<-- GET /wd/hub/session/89355026-ff86-40fd-8a1e-bace0268f193/element/2deff48e-1cfa-48ff-b72a-d027cf61a99c/location [39m[32m200[39m [90m34 ms - 88[39m
[35m[HTTP][39m [90m[39m
[35m[HTTP][39m [37m-->[39m [37mPOST[39m [37m/wd/hub/session/89355026-ff86-40fd-8a1e-bace0268f193/touch/perform[39m
[35m[HTTP][39m [90m{"actions":[{"action":"tap","options":{"element":"2deff48e-1cfa-48ff-b72a-d027cf61a99c","x":1,"y":1}}]}[39m
[35m[UiAutomator2][39m calling get location: 2deff48e-1cfa-48ff-b72a-d027cf61a99c
[35m[HTTP][39m [37m<-- POST /wd/hub/session/89355026-ff86-40fd-8a1e-bace0268f193/touch/perform [39m[32m200[39m [90m1960 ms - 76[39m
[35m[HTTP][39m [90m[39m
[35m[HTTP][39m [37m-->[39m [37mGET[39m [37m/wd/hub/session/89355026-ff86-40fd-8a1e-bace0268f193/context[39m
[35m[HTTP][39m [90m{}[39m
[35m[HTTP][39m [37m<-- GET /wd/hub/session/89355026-ff86-40fd-8a1e-bace0268f193/context [39m[32m200[39m [90m8 ms - 84[39m
[35m[HTTP][39m [90m[39m
[35m[HTTP][39m [37m-->[39m [37mGET[39m [37m/wd/hub/session/89355026-ff86-40fd-8a1e-bace0268f193/contexts[39m
[35m[HTTP][39m [90m{}[39m
[35m[HTTP][39m [37m<-- GET /wd/hub/session/89355026-ff86-40fd-8a1e-bace0268f193/contexts [39m[32m200[39m [90m93 ms - 86[39m
[35m[HTTP][39m [90m[39m
[35m[HTTP][39m [37m-->[39m [37mPOST[39m [37m/wd/hub/session/89355026-ff86-40fd-8a1e-bace0268f193/context[39m
[35m[HTTP][39m [90m{"name":"NATIVE_APP"}[39m
[35m[HTTP][39m [37m<-- POST /wd/hub/session/89355026-ff86-40fd-8a1e-bace0268f193/context [39m[32m200[39m [90m98 ms - 76[39m
[35m[HTTP][39m [90m[39m
[35m[HTTP][39m [37m-->[39m [37mPOST[39m [37m/wd/hub/session/89355026-ff86-40fd-8a1e-bace0268f193/appium/device/press_keycode[39m
[35m[HTTP][39m [90m{"keycode":4}[39m
[35m[HTTP][39m [37m<-- POST /wd/hub/session/89355026-ff86-40fd-8a1e-bace0268f193/appium/device/press_keycode [39m[32m200[39m [90m77 ms - 76[39m
[35m[HTTP][39m [90m[39m
[35m[HTTP][39m [37m-->[39m [37mPOST[39m [37m/wd/hub/session/89355026-ff86-40fd-8a1e-bace0268f193/context[39m
[35m[HTTP][39m [90m{"name":"NATIVE_APP"}[39m
[35m[HTTP][39m [37m<-- POST /wd/hub/session/89355026-ff86-40fd-8a1e-bace0268f193/context [39m[32m200[39m [90m72 ms - 76[39m
[35m[HTTP][39m [90m[39m
[35m[HTTP][39m [37m-->[39m [37mGET[39m [37m/wd/hub/session/89355026-ff86-40fd-8a1e-bace0268f193/window/current/size[39m
[35m[HTTP][39m [90m{}[39m
[35m[W3C][39m Driver proxy active, passing request on via HTTP proxy
[35m[JSONWP Proxy][39m Replacing sessionId ca2d9b79-fe7d-46c2-b266-770edb371303 with 89355026-ff86-40fd-8a1e-bace0268f193
[35m[HTTP][39m [37m<-- GET /wd/hub/session/89355026-ff86-40fd-8a1e-bace0268f193/window/current/size [39m[32m200[39m [90m18 ms - 100[39m
[35m[HTTP][39m [90m[39m
[35m[HTTP][39m [37m-->[39m [37mPOST[39m [37m/wd/hub/session/89355026-ff86-40fd-8a1e-bace0268f193/elements[39m
[35m[HTTP][39m [90m{"using":"-android uiautomator","value":"new UiSelector().className(\"android.widget.TextView\").text(\"NFC\").resourceId(\"android:id/text1\").instance(7)"}[39m
[35m[HTTP][39m [37m<-- POST /wd/hub/session/89355026-ff86-40fd-8a1e-bace0268f193/elements [39m[32m200[39m [90m844 ms - 124[39m
[35m[HTTP][39m [90m[39m
[35m[HTTP][39m [37m-->[39m [37mGET[39m [37m/wd/hub/session/89355026-ff86-40fd-8a1e-bace0268f193[39m
[35m[HTTP][39m [90m{}[39m
[35m[HTTP][39m [37m<-- GET /wd/hub/session/89355026-ff86-40fd-8a1e-bace0268f193 [39m[32m200[39m [90m32 ms - 1213[39m
[35m[HTTP][39m [90m[39m
[35m[HTTP][39m [37m-->[39m [37mGET[39m [37m/wd/hub/session/89355026-ff86-40fd-8a1e-bace0268f193[39m
[35m[HTTP][39m [90m{}[39m
[35m[HTTP][39m [37m<-- GET /wd/hub/session/89355026-ff86-40fd-8a1e-bace0268f193 [39m[32m200[39m [90m28 ms - 1213[39m
[35m[HTTP][39m [90m[39m
[35m[HTTP][39m [37m-->[39m [37mGET[39m [37m/wd/hub/session/89355026-ff86-40fd-8a1e-bace0268f193[39m
[35m[HTTP][39m [90m{}[39m
[35m[HTTP][39m [37m<-- GET /wd/hub/session/89355026-ff86-40fd-8a1e-bace0268f193 [39m[32m200[39m [90m26 ms - 1213[39m
[35m[HTTP][39m [90m[39m
[35m[HTTP][39m [37m-->[39m [37mGET[39m [37m/wd/hub/session/89355026-ff86-40fd-8a1e-bace0268f193[39m
[35m[HTTP][39m [90m{}[39m
[35m[HTTP][39m [37m<-- GET /wd/hub/session/89355026-ff86-40fd-8a1e-bace0268f193 [39m[32m200[39m [90m21 ms - 1213[39m
[35m[HTTP][39m [90m[39m
[35m[HTTP][39m [37m-->[39m [37mGET[39m [37m/wd/hub/session/89355026-ff86-40fd-8a1e-bace0268f193/element/4f94ee27-1fdf-42b3-8432-1687e96068b7/location[39m
[35m[HTTP][39m [90m{}[39m
[35m[W3C][39m Driver proxy active, passing request on via HTTP proxy
[35m[JSONWP Proxy][39m Replacing sessionId ca2d9b79-fe7d-46c2-b266-770edb371303 with 89355026-ff86-40fd-8a1e-bace0268f193
[35m[HTTP][39m [37m<-- GET /wd/hub/session/89355026-ff86-40fd-8a1e-bace0268f193/element/4f94ee27-1fdf-42b3-8432-1687e96068b7/location [39m[32m200[39m [90m39 ms - 88[39m
[35m[HTTP][39m [90m[39m
[35m[HTTP][39m [37m-->[39m [37mPOST[39m [37m/wd/hub/session/89355026-ff86-40fd-8a1e-bace0268f193/touch/perform[39m
[35m[HTTP][39m [90m{"actions":[{"action":"tap","options":{"element":"4f94ee27-1fdf-42b3-8432-1687e96068b7","x":1,"y":1}}]}[39m
[35m[UiAutomator2][39m calling get location: 4f94ee27-1fdf-42b3-8432-1687e96068b7
[35m[HTTP][39m [37m<-- POST /wd/hub/session/89355026-ff86-40fd-8a1e-bace0268f193/touch/perform [39m[32m200[39m [90m1324 ms - 76[39m
[35m[HTTP][39m [90m[39m
[35m[HTTP][39m [37m-->[39m [37mGET[39m [37m/wd/hub/session/89355026-ff86-40fd-8a1e-bace0268f193/context[39m
[35m[HTTP][39m [90m{}[39m
[35m[HTTP][39m [37m<-- GET /wd/hub/session/89355026-ff86-40fd-8a1e-bace0268f193/context [39m[32m200[39m [90m5 ms - 84[39m
[35m[HTTP][39m [90m[39m
[35m[HTTP][39m [37m-->[39m [37mGET[39m [37m/wd/hub/session/89355026-ff86-40fd-8a1e-bace0268f193/contexts[39m
[35m[HTTP][39m [90m{}[39m
[35m[HTTP][39m [37m<-- GET /wd/hub/session/89355026-ff86-40fd-8a1e-bace0268f193/contexts [39m[32m200[39m [90m87 ms - 86[39m
[35m[HTTP][39m [90m[39m
[35m[HTTP][39m [37m-->[39m [37mPOST[39m [37m/wd/hub/session/89355026-ff86-40fd-8a1e-bace0268f193/context[39m
[35m[HTTP][39m [90m{"name":"NATIVE_APP"}[39m
[35m[HTTP][39m [37m<-- POST /wd/hub/session/89355026-ff86-40fd-8a1e-bace0268f193/context [39m[32m200[39m [90m85 ms - 76[39m
[35m[HTTP][39m [90m[39m
[35m[HTTP][39m [37m-->[39m [37mPOST[39m [37m/wd/hub/session/89355026-ff86-40fd-8a1e-bace0268f193/appium/device/press_keycode[39m
[35m[HTTP][39m [90m{"keycode":4}[39m
[35m[HTTP][39m [37m<-- POST /wd/hub/session/89355026-ff86-40fd-8a1e-bace0268f193/appium/device/press_keycode [39m[32m200[39m [90m62 ms - 76[39m
[35m[HTTP][39m [90m[39m
[35m[HTTP][39m [37m-->[39m [37mPOST[39m [37m/wd/hub/session/89355026-ff86-40fd-8a1e-bace0268f193/context[39m
[35m[HTTP][39m [90m{"name":"NATIVE_APP"}[39m
[35m[HTTP][39m [37m<-- POST /wd/hub/session/89355026-ff86-40fd-8a1e-bace0268f193/context [39m[32m200[39m [90m72 ms - 76[39m
[35m[HTTP][39m [90m[39m
[35m[HTTP][39m [37m-->[39m [37mGET[39m [37m/wd/hub/session/89355026-ff86-40fd-8a1e-bace0268f193/window/current/size[39m
[35m[HTTP][39m [90m{}[39m
[35m[W3C][39m Driver proxy active, passing request on via HTTP proxy
[35m[JSONWP Proxy][39m Replacing sessionId ca2d9b79-fe7d-46c2-b266-770edb371303 with 89355026-ff86-40fd-8a1e-bace0268f193
[35m[HTTP][39m [37m<-- GET /wd/hub/session/89355026-ff86-40fd-8a1e-bace0268f193/window/current/size [39m[32m200[39m [90m9 ms - 100[39m
[35m[HTTP][39m [90m[39m
[35m[HTTP][39m [37m-->[39m [37mPOST[39m [37m/wd/hub/session/89355026-ff86-40fd-8a1e-bace0268f193/elements[39m
[35m[HTTP][39m [90m{"using":"-android uiautomator","value":"new UiSelector().className(\"android.widget.TextView\").text(\"OS\").resourceId(\"android:id/text1\").instance(8)"}[39m
[35m[HTTP][39m [37m<-- POST /wd/hub/session/89355026-ff86-40fd-8a1e-bace0268f193/elements [39m[32m200[39m [90m852 ms - 124[39m
[35m[HTTP][39m [90m[39m
[35m[HTTP][39m [37m-->[39m [37mGET[39m [37m/wd/hub/session/89355026-ff86-40fd-8a1e-bace0268f193[39m
[35m[HTTP][39m [90m{}[39m
[35m[HTTP][39m [37m<-- GET /wd/hub/session/89355026-ff86-40fd-8a1e-bace0268f193 [39m[32m200[39m [90m34 ms - 1213[39m
[35m[HTTP][39m [90m[39m
[35m[HTTP][39m [37m-->[39m [37mGET[39m [37m/wd/hub/session/89355026-ff86-40fd-8a1e-bace0268f193[39m
[35m[HTTP][39m [90m{}[39m
[35m[HTTP][39m [37m<-- GET /wd/hub/session/89355026-ff86-40fd-8a1e-bace0268f193 [39m[32m200[39m [90m63 ms - 1213[39m
[35m[HTTP][39m [90m[39m
[35m[HTTP][39m [37m-->[39m [37mGET[39m [37m/wd/hub/session/89355026-ff86-40fd-8a1e-bace0268f193[39m
[35m[HTTP][39m [90m{}[39m
[35m[HTTP][39m [37m<-- GET /wd/hub/session/89355026-ff86-40fd-8a1e-bace0268f193 [39m[32m200[39m [90m24 ms - 1213[39m
[35m[HTTP][39m [90m[39m
[35m[HTTP][39m [37m-->[39m [37mGET[39m [37m/wd/hub/session/89355026-ff86-40fd-8a1e-bace0268f193[39m
[35m[HTTP][39m [90m{}[39m
[35m[HTTP][39m [37m<-- GET /wd/hub/session/89355026-ff86-40fd-8a1e-bace0268f193 [39m[32m200[39m [90m24 ms - 1213[39m
[35m[HTTP][39m [90m[39m
[35m[HTTP][39m [37m-->[39m [37mGET[39m [37m/wd/hub/session/89355026-ff86-40fd-8a1e-bace0268f193/element/8261e0a6-2052-4fcc-99b9-1bfda517b2fa/location[39m
[35m[HTTP][39m [90m{}[39m
[35m[W3C][39m Driver proxy active, passing request on via HTTP proxy
[35m[JSONWP Proxy][39m Replacing sessionId ca2d9b79-fe7d-46c2-b266-770edb371303 with 89355026-ff86-40fd-8a1e-bace0268f193
[35m[HTTP][39m [37m<-- GET /wd/hub/session/89355026-ff86-40fd-8a1e-bace0268f193/element/8261e0a6-2052-4fcc-99b9-1bfda517b2fa/location [39m[32m200[39m [90m55 ms - 88[39m
[35m[HTTP][39m [90m[39m
[35m[HTTP][39m [37m-->[39m [37mPOST[39m [37m/wd/hub/session/89355026-ff86-40fd-8a1e-bace0268f193/touch/perform[39m
[35m[HTTP][39m [90m{"actions":[{"action":"tap","options":{"element":"8261e0a6-2052-4fcc-99b9-1bfda517b2fa","x":1,"y":1}}]}[39m
[35m[UiAutomator2][39m calling get location: 8261e0a6-2052-4fcc-99b9-1bfda517b2fa
[35m[HTTP][39m [37m<-- POST /wd/hub/session/89355026-ff86-40fd-8a1e-bace0268f193/touch/perform [39m[32m200[39m [90m1371 ms - 76[39m
[35m[HTTP][39m [90m[39m
[35m[HTTP][39m [37m-->[39m [37mGET[39m [37m/wd/hub/session/89355026-ff86-40fd-8a1e-bace0268f193/context[39m
[35m[HTTP][39m [90m{}[39m
[35m[HTTP][39m [37m<-- GET /wd/hub/session/89355026-ff86-40fd-8a1e-bace0268f193/context [39m[32m200[39m [90m9 ms - 84[39m
[35m[HTTP][39m [90m[39m
[35m[HTTP][39m [37m-->[39m [37mGET[39m [37m/wd/hub/session/89355026-ff86-40fd-8a1e-bace0268f193/contexts[39m
[35m[HTTP][39m [90m{}[39m
[35m[HTTP][39m [37m<-- GET /wd/hub/session/89355026-ff86-40fd-8a1e-bace0268f193/contexts [39m[32m200[39m [90m87 ms - 86[39m
[35m[HTTP][39m [90m[39m
[35m[HTTP][39m [37m-->[39m [37mPOST[39m [37m/wd/hub/session/89355026-ff86-40fd-8a1e-bace0268f193/context[39m
[35m[HTTP][39m [90m{"name":"NATIVE_APP"}[39m
[35m[HTTP][39m [37m<-- POST /wd/hub/session/89355026-ff86-40fd-8a1e-bace0268f193/context [39m[32m200[39m [90m62 ms - 76[39m
[35m[HTTP][39m [90m[39m
[35m[HTTP][39m [37m-->[39m [37mPOST[39m [37m/wd/hub/session/89355026-ff86-40fd-8a1e-bace0268f193/appium/device/press_keycode[39m
[35m[HTTP][39m [90m{"keycode":4}[39m
[35m[HTTP][39m [37m<-- POST /wd/hub/session/89355026-ff86-40fd-8a1e-bace0268f193/appium/device/press_keycode [39m[32m200[39m [90m53 ms - 76[39m
[35m[HTTP][39m [90m[39m
[35m[HTTP][39m [37m-->[39m [37mPOST[39m [37m/wd/hub/session/89355026-ff86-40fd-8a1e-bace0268f193/context[39m
[35m[HTTP][39m [90m{"name":"NATIVE_APP"}[39m
[35m[HTTP][39m [37m<-- POST /wd/hub/session/89355026-ff86-40fd-8a1e-bace0268f193/context [39m[32m200[39m [90m75 ms - 76[39m
[35m[HTTP][39m [90m[39m
[35m[HTTP][39m [37m-->[39m [37mGET[39m [37m/wd/hub/session/89355026-ff86-40fd-8a1e-bace0268f193/window/current/size[39m
[35m[HTTP][39m [90m{}[39m
[35m[W3C][39m Driver proxy active, passing request on via HTTP proxy
[35m[JSONWP Proxy][39m Replacing sessionId ca2d9b79-fe7d-46c2-b266-770edb371303 with 89355026-ff86-40fd-8a1e-bace0268f193
[35m[HTTP][39m [37m<-- GET /wd/hub/session/89355026-ff86-40fd-8a1e-bace0268f193/window/current/size [39m[32m200[39m [90m18 ms - 100[39m
[35m[HTTP][39m [90m[39m
[35m[HTTP][39m [37m-->[39m [37mPOST[39m [37m/wd/hub/session/89355026-ff86-40fd-8a1e-bace0268f193/elements[39m
[35m[HTTP][39m [90m{"using":"-android uiautomator","value":"new UiSelector().className(\"android.widget.TextView\").text(\"Preference\").resourceId(\"android:id/text1\").instance(9)"}[39m
[35m[HTTP][39m [37m<-- POST /wd/hub/session/89355026-ff86-40fd-8a1e-bace0268f193/elements [39m[32m200[39m [90m829 ms - 124[39m
[35m[HTTP][39m [90m[39m
[35m[HTTP][39m [37m-->[39m [37mGET[39m [37m/wd/hub/session/89355026-ff86-40fd-8a1e-bace0268f193[39m
[35m[HTTP][39m [90m{}[39m
[35m[HTTP][39m [37m<-- GET /wd/hub/session/89355026-ff86-40fd-8a1e-bace0268f193 [39m[32m200[39m [90m31 ms - 1213[39m
[35m[HTTP][39m [90m[39m
[35m[HTTP][39m [37m-->[39m [37mGET[39m [37m/wd/hub/session/89355026-ff86-40fd-8a1e-bace0268f193[39m
[35m[HTTP][39m [90m{}[39m
[35m[HTTP][39m [37m<-- GET /wd/hub/session/89355026-ff86-40fd-8a1e-bace0268f193 [39m[32m200[39m [90m28 ms - 1213[39m
[35m[HTTP][39m [90m[39m
[35m[HTTP][39m [37m-->[39m [37mGET[39m [37m/wd/hub/session/89355026-ff86-40fd-8a1e-bace0268f193[39m
[35m[HTTP][39m [90m{}[39m
[35m[HTTP][39m [37m<-- GET /wd/hub/session/89355026-ff86-40fd-8a1e-bace0268f193 [39m[32m200[39m [90m25 ms - 1213[39m
[35m[HTTP][39m [90m[39m
[35m[HTTP][39m [37m-->[39m [37mGET[39m [37m/wd/hub/session/89355026-ff86-40fd-8a1e-bace0268f193[39m
[35m[HTTP][39m [90m{}[39m
[35m[HTTP][39m [37m<-- GET /wd/hub/session/89355026-ff86-40fd-8a1e-bace0268f193 [39m[32m200[39m [90m33 ms - 1213[39m
[35m[HTTP][39m [90m[39m
[35m[HTTP][39m [37m-->[39m [37mGET[39m [37m/wd/hub/session/89355026-ff86-40fd-8a1e-bace0268f193/element/6dfcf322-ed5f-4861-b1e5-191be9cf40b8/location[39m
[35m[HTTP][39m [90m{}[39m
[35m[W3C][39m Driver proxy active, passing request on via HTTP proxy
[35m[JSONWP Proxy][39m Replacing sessionId ca2d9b79-fe7d-46c2-b266-770edb371303 with 89355026-ff86-40fd-8a1e-bace0268f193
[35m[HTTP][39m [37m<-- GET /wd/hub/session/89355026-ff86-40fd-8a1e-bace0268f193/element/6dfcf322-ed5f-4861-b1e5-191be9cf40b8/location [39m[32m200[39m [90m39 ms - 88[39m
[35m[HTTP][39m [90m[39m
[35m[HTTP][39m [37m-->[39m [37mPOST[39m [37m/wd/hub/session/89355026-ff86-40fd-8a1e-bace0268f193/touch/perform[39m
[35m[HTTP][39m [90m{"actions":[{"action":"tap","options":{"element":"6dfcf322-ed5f-4861-b1e5-191be9cf40b8","x":1,"y":1}}]}[39m
[35m[UiAutomator2][39m calling get location: 6dfcf322-ed5f-4861-b1e5-191be9cf40b8
[35m[HTTP][39m [37m<-- POST /wd/hub/session/89355026-ff86-40fd-8a1e-bace0268f193/touch/perform [39m[32m200[39m [90m1330 ms - 76[39m
[35m[HTTP][39m [90m[39m
[35m[HTTP][39m [37m-->[39m [37mGET[39m [37m/wd/hub/session/89355026-ff86-40fd-8a1e-bace0268f193/context[39m
[35m[HTTP][39m [90m{}[39m
[35m[HTTP][39m [37m<-- GET /wd/hub/session/89355026-ff86-40fd-8a1e-bace0268f193/context [39m[32m200[39m [90m6 ms - 84[39m
[35m[HTTP][39m [90m[39m
[35m[HTTP][39m [37m-->[39m [37mGET[39m [37m/wd/hub/session/89355026-ff86-40fd-8a1e-bace0268f193/contexts[39m
[35m[HTTP][39m [90m{}[39m
[35m[HTTP][39m [37m<-- GET /wd/hub/session/89355026-ff86-40fd-8a1e-bace0268f193/contexts [39m[32m200[39m [90m86 ms - 86[39m
[35m[HTTP][39m [90m[39m
[35m[HTTP][39m [37m-->[39m [37mPOST[39m [37m/wd/hub/session/89355026-ff86-40fd-8a1e-bace0268f193/context[39m
[35m[HTTP][39m [90m{"name":"NATIVE_APP"}[39m
[35m[HTTP][39m [37m<-- POST /wd/hub/session/89355026-ff86-40fd-8a1e-bace0268f193/context [39m[32m200[39m [90m124 ms - 76[39m
[35m[HTTP][39m [90m[39m
[35m[HTTP][39m [37m-->[39m [37mPOST[39m [37m/wd/hub/session/89355026-ff86-40fd-8a1e-bace0268f193/appium/device/press_keycode[39m
[35m[HTTP][39m [90m{"keycode":4}[39m
[35m[HTTP][39m [37m<-- POST /wd/hub/session/89355026-ff86-40fd-8a1e-bace0268f193/appium/device/press_keycode [39m[32m200[39m [90m132 ms - 76[39m
[35m[HTTP][39m [90m[39m
[35m[HTTP][39m [37m-->[39m [37mPOST[39m [37m/wd/hub/session/89355026-ff86-40fd-8a1e-bace0268f193/context[39m
[35m[HTTP][39m [90m{"name":"NATIVE_APP"}[39m
[35m[HTTP][39m [37m<-- POST /wd/hub/session/89355026-ff86-40fd-8a1e-bace0268f193/context [39m[32m200[39m [90m89 ms - 76[39m
[35m[HTTP][39m [90m[39m
[35m[HTTP][39m [37m-->[39m [37mGET[39m [37m/wd/hub/session/89355026-ff86-40fd-8a1e-bace0268f193/window/current/size[39m
[35m[HTTP][39m [90m{}[39m
[35m[W3C][39m Driver proxy active, passing request on via HTTP proxy
[35m[JSONWP Proxy][39m Replacing sessionId ca2d9b79-fe7d-46c2-b266-770edb371303 with 89355026-ff86-40fd-8a1e-bace0268f193
[35m[HTTP][39m [37m<-- GET /wd/hub/session/89355026-ff86-40fd-8a1e-bace0268f193/window/current/size [39m[32m200[39m [90m14 ms - 100[39m
[35m[HTTP][39m [90m[39m
[35m[HTTP][39m [37m-->[39m [37mPOST[39m [37m/wd/hub/session/89355026-ff86-40fd-8a1e-bace0268f193/elements[39m
[35m[HTTP][39m [90m{"using":"-android uiautomator","value":"new UiSelector().className(\"android.widget.TextView\").text(\"Preference\").resourceId(\"android:id/text1\").instance(9)"}[39m
[35m[HTTP][39m [37m<-- POST /wd/hub/session/89355026-ff86-40fd-8a1e-bace0268f193/elements [39m[32m200[39m [90m816 ms - 124[39m
[35m[HTTP][39m [90m[39m
[35m[HTTP][39m [37m-->[39m [37mGET[39m [37m/wd/hub/session/89355026-ff86-40fd-8a1e-bace0268f193[39m
[35m[HTTP][39m [90m{}[39m
[35m[HTTP][39m [37m<-- GET /wd/hub/session/89355026-ff86-40fd-8a1e-bace0268f193 [39m[32m200[39m [90m45 ms - 1213[39m
[35m[HTTP][39m [90m[39m
[35m[HTTP][39m [37m-->[39m [37mGET[39m [37m/wd/hub/session/89355026-ff86-40fd-8a1e-bace0268f193[39m
[35m[HTTP][39m [90m{}[39m
[35m[HTTP][39m [37m<-- GET /wd/hub/session/89355026-ff86-40fd-8a1e-bace0268f193 [39m[32m200[39m [90m23 ms - 1213[39m
[35m[HTTP][39m [90m[39m
[35m[HTTP][39m [37m-->[39m [37mGET[39m [37m/wd/hub/session/89355026-ff86-40fd-8a1e-bace0268f193[39m
[35m[HTTP][39m [90m{}[39m
[35m[HTTP][39m [37m<-- GET /wd/hub/session/89355026-ff86-40fd-8a1e-bace0268f193 [39m[32m200[39m [90m21 ms - 1213[39m
[35m[HTTP][39m [90m[39m
[35m[HTTP][39m [37m-->[39m [37mGET[39m [37m/wd/hub/session/89355026-ff86-40fd-8a1e-bace0268f193[39m
[35m[HTTP][39m [90m{}[39m
[35m[HTTP][39m [37m<-- GET /wd/hub/session/89355026-ff86-40fd-8a1e-bace0268f193 [39m[32m200[39m [90m21 ms - 1213[39m
[35m[HTTP][39m [90m[39m
[35m[HTTP][39m [37m-->[39m [37mGET[39m [37m/wd/hub/session/89355026-ff86-40fd-8a1e-bace0268f193/element/6b190f3a-39cf-45ec-ac47-aff8e99a9a88/location[39m
[35m[HTTP][39m [90m{}[39m
[35m[W3C][39m Driver proxy active, passing request on via HTTP proxy
[35m[JSONWP Proxy][39m Replacing sessionId ca2d9b79-fe7d-46c2-b266-770edb371303 with 89355026-ff86-40fd-8a1e-bace0268f193
[35m[HTTP][39m [37m<-- GET /wd/hub/session/89355026-ff86-40fd-8a1e-bace0268f193/element/6b190f3a-39cf-45ec-ac47-aff8e99a9a88/location [39m[32m200[39m [90m48 ms - 88[39m
[35m[HTTP][39m [90m[39m
[35m[HTTP][39m [37m-->[39m [37mPOST[39m [37m/wd/hub/session/89355026-ff86-40fd-8a1e-bace0268f193/touch/perform[39m
[35m[HTTP][39m [90m{"actions":[{"action":"tap","options":{"element":"6b190f3a-39cf-45ec-ac47-aff8e99a9a88","x":1,"y":1}}]}[39m
[35m[UiAutomator2][39m calling get location: 6b190f3a-39cf-45ec-ac47-aff8e99a9a88
[35m[HTTP][39m [37m<-- POST /wd/hub/session/89355026-ff86-40fd-8a1e-bace0268f193/touch/perform [39m[32m200[39m [90m1332 ms - 76[39m
[35m[HTTP][39m [90m[39m
[35m[HTTP][39m [37m-->[39m [37mGET[39m [37m/wd/hub/session/89355026-ff86-40fd-8a1e-bace0268f193/context[39m
[35m[HTTP][39m [90m{}[39m
[35m[HTTP][39m [37m<-- GET /wd/hub/session/89355026-ff86-40fd-8a1e-bace0268f193/context [39m[32m200[39m [90m5 ms - 84[39m
[35m[HTTP][39m [90m[39m
[35m[HTTP][39m [37m-->[39m [37mGET[39m [37m/wd/hub/session/89355026-ff86-40fd-8a1e-bace0268f193/contexts[39m
[35m[HTTP][39m [90m{}[39m
[35m[HTTP][39m [37m<-- GET /wd/hub/session/89355026-ff86-40fd-8a1e-bace0268f193/contexts [39m[32m200[39m [90m100 ms - 86[39m
[35m[HTTP][39m [90m[39m
[35m[HTTP][39m [37m-->[39m [37mPOST[39m [37m/wd/hub/session/89355026-ff86-40fd-8a1e-bace0268f193/context[39m
[35m[HTTP][39m [90m{"name":"NATIVE_APP"}[39m
[35m[HTTP][39m [37m<-- POST /wd/hub/session/89355026-ff86-40fd-8a1e-bace0268f193/context [39m[32m200[39m [90m115 ms - 76[39m
[35m[HTTP][39m [90m[39m
[35m[HTTP][39m [37m-->[39m [37mPOST[39m [37m/wd/hub/session/89355026-ff86-40fd-8a1e-bace0268f193/appium/device/press_keycode[39m
[35m[HTTP][39m [90m{"keycode":4}[39m
[35m[HTTP][39m [37m<-- POST /wd/hub/session/89355026-ff86-40fd-8a1e-bace0268f193/appium/device/press_keycode [39m[32m200[39m [90m88 ms - 76[39m
[35m[HTTP][39m [90m[39m
[35m[HTTP][39m [37m-->[39m [37mPOST[39m [37m/wd/hub/session/89355026-ff86-40fd-8a1e-bace0268f193/context[39m
[35m[HTTP][39m [90m{"name":"NATIVE_APP"}[39m
[35m[HTTP][39m [37m<-- POST /wd/hub/session/89355026-ff86-40fd-8a1e-bace0268f193/context [39m[32m200[39m [90m75 ms - 76[39m
[35m[HTTP][39m [90m[39m
[35m[HTTP][39m [37m-->[39m [37mGET[39m [37m/wd/hub/session/89355026-ff86-40fd-8a1e-bace0268f193/window/current/size[39m
[35m[HTTP][39m [90m{}[39m
[35m[W3C][39m Driver proxy active, passing request on via HTTP proxy
[35m[JSONWP Proxy][39m Replacing sessionId ca2d9b79-fe7d-46c2-b266-770edb371303 with 89355026-ff86-40fd-8a1e-bace0268f193
[35m[HTTP][39m [37m<-- GET /wd/hub/session/89355026-ff86-40fd-8a1e-bace0268f193/window/current/size [39m[32m200[39m [90m12 ms - 100[39m
[35m[HTTP][39m [90m[39m
[35m[HTTP][39m [37m-->[39m [37mPOST[39m [37m/wd/hub/session/89355026-ff86-40fd-8a1e-bace0268f193/elements[39m
[35m[HTTP][39m [90m{"using":"-android uiautomator","value":"new UiSelector().className(\"android.widget.TextView\").text(\"Text\").resourceId(\"android:id/text1\").instance(10)"}[39m
[35m[HTTP][39m [37m<-- POST /wd/hub/session/89355026-ff86-40fd-8a1e-bace0268f193/elements [39m[32m200[39m [90m843 ms - 124[39m
[35m[HTTP][39m [90m[39m
[35m[HTTP][39m [37m-->[39m [37mGET[39m [37m/wd/hub/session/89355026-ff86-40fd-8a1e-bace0268f193[39m
[35m[HTTP][39m [90m{}[39m
[35m[HTTP][39m [37m<-- GET /wd/hub/session/89355026-ff86-40fd-8a1e-bace0268f193 [39m[32m200[39m [90m36 ms - 1213[39m
[35m[HTTP][39m [90m[39m
[35m[HTTP][39m [37m-->[39m [37mGET[39m [37m/wd/hub/session/89355026-ff86-40fd-8a1e-bace0268f193[39m
[35m[HTTP][39m [90m{}[39m
[35m[HTTP][39m [37m<-- GET /wd/hub/session/89355026-ff86-40fd-8a1e-bace0268f193 [39m[32m200[39m [90m25 ms - 1213[39m
[35m[HTTP][39m [90m[39m
[35m[HTTP][39m [37m-->[39m [37mGET[39m [37m/wd/hub/session/89355026-ff86-40fd-8a1e-bace0268f193[39m
[35m[HTTP][39m [90m{}[39m
[35m[HTTP][39m [37m<-- GET /wd/hub/session/89355026-ff86-40fd-8a1e-bace0268f193 [39m[32m200[39m [90m25 ms - 1213[39m
[35m[HTTP][39m [90m[39m
[35m[HTTP][39m [37m-->[39m [37mGET[39m [37m/wd/hub/session/89355026-ff86-40fd-8a1e-bace0268f193[39m
[35m[HTTP][39m [90m{}[39m
[35m[HTTP][39m [37m<-- GET /wd/hub/session/89355026-ff86-40fd-8a1e-bace0268f193 [39m[32m200[39m [90m20 ms - 1213[39m
[35m[HTTP][39m [90m[39m
[35m[HTTP][39m [37m-->[39m [37mGET[39m [37m/wd/hub/session/89355026-ff86-40fd-8a1e-bace0268f193/element/263f80ed-8f1c-401e-9b64-af4c36c84461/location[39m
[35m[HTTP][39m [90m{}[39m
[35m[W3C][39m Driver proxy active, passing request on via HTTP proxy
[35m[JSONWP Proxy][39m Replacing sessionId ca2d9b79-fe7d-46c2-b266-770edb371303 with 89355026-ff86-40fd-8a1e-bace0268f193
[35m[HTTP][39m [37m<-- GET /wd/hub/session/89355026-ff86-40fd-8a1e-bace0268f193/element/263f80ed-8f1c-401e-9b64-af4c36c84461/location [39m[32m200[39m [90m35 ms - 88[39m
[35m[HTTP][39m [90m[39m
[35m[HTTP][39m [37m-->[39m [37mPOST[39m [37m/wd/hub/session/89355026-ff86-40fd-8a1e-bace0268f193/touch/perform[39m
[35m[HTTP][39m [90m{"actions":[{"action":"tap","options":{"element":"263f80ed-8f1c-401e-9b64-af4c36c84461","x":1,"y":1}}]}[39m
[35m[UiAutomator2][39m calling get location: 263f80ed-8f1c-401e-9b64-af4c36c84461
[35m[HTTP][39m [37m<-- POST /wd/hub/session/89355026-ff86-40fd-8a1e-bace0268f193/touch/perform [39m[32m200[39m [90m1248 ms - 76[39m
[35m[HTTP][39m [90m[39m
[35m[HTTP][39m [37m-->[39m [37mGET[39m [37m/wd/hub/session/89355026-ff86-40fd-8a1e-bace0268f193/context[39m
[35m[HTTP][39m [90m{}[39m
[35m[HTTP][39m [37m<-- GET /wd/hub/session/89355026-ff86-40fd-8a1e-bace0268f193/context [39m[32m200[39m [90m8 ms - 84[39m
[35m[HTTP][39m [90m[39m
[35m[HTTP][39m [37m-->[39m [37mGET[39m [37m/wd/hub/session/89355026-ff86-40fd-8a1e-bace0268f193/contexts[39m
[35m[HTTP][39m [90m{}[39m
[35m[HTTP][39m [37m<-- GET /wd/hub/session/89355026-ff86-40fd-8a1e-bace0268f193/contexts [39m[32m200[39m [90m90 ms - 86[39m
[35m[HTTP][39m [90m[39m
[35m[HTTP][39m [37m-->[39m [37mPOST[39m [37m/wd/hub/session/89355026-ff86-40fd-8a1e-bace0268f193/context[39m
[35m[HTTP][39m [90m{"name":"NATIVE_APP"}[39m
[35m[HTTP][39m [37m<-- POST /wd/hub/session/89355026-ff86-40fd-8a1e-bace0268f193/context [39m[32m200[39m [90m54 ms - 76[39m
[35m[HTTP][39m [90m[39m
[35m[HTTP][39m [37m-->[39m [37mPOST[39m [37m/wd/hub/session/89355026-ff86-40fd-8a1e-bace0268f193/appium/device/press_keycode[39m
[35m[HTTP][39m [90m{"keycode":4}[39m
[35m[HTTP][39m [37m<-- POST /wd/hub/session/89355026-ff86-40fd-8a1e-bace0268f193/appium/device/press_keycode [39m[32m200[39m [90m62 ms - 76[39m
[35m[HTTP][39m [90m[39m
[35m[HTTP][39m [37m-->[39m [37mPOST[39m [37m/wd/hub/session/89355026-ff86-40fd-8a1e-bace0268f193/context[39m
[35m[HTTP][39m [90m{"name":"NATIVE_APP"}[39m
[35m[HTTP][39m [37m<-- POST /wd/hub/session/89355026-ff86-40fd-8a1e-bace0268f193/context [39m[32m200[39m [90m74 ms - 76[39m
[35m[HTTP][39m [90m[39m
[35m[HTTP][39m [37m-->[39m [37mGET[39m [37m/wd/hub/session/89355026-ff86-40fd-8a1e-bace0268f193/window/current/size[39m
[35m[HTTP][39m [90m{}[39m
[35m[W3C][39m Driver proxy active, passing request on via HTTP proxy
[35m[JSONWP Proxy][39m Replacing sessionId ca2d9b79-fe7d-46c2-b266-770edb371303 with 89355026-ff86-40fd-8a1e-bace0268f193
[35m[HTTP][39m [37m<-- GET /wd/hub/session/89355026-ff86-40fd-8a1e-bace0268f193/window/current/size [39m[32m200[39m [90m15 ms - 100[39m
[35m[HTTP][39m [90m[39m
[35m[HTTP][39m [37m-->[39m [37mPOST[39m [37m/wd/hub/session/89355026-ff86-40fd-8a1e-bace0268f193/elements[39m
[35m[HTTP][39m [90m{"using":"-android uiautomator","value":"new UiSelector().className(\"android.widget.TextView\").text(\"Views\").resourceId(\"android:id/text1\").instance(11)"}[39m
[35m[HTTP][39m [37m<-- POST /wd/hub/session/89355026-ff86-40fd-8a1e-bace0268f193/elements [39m[32m200[39m [90m841 ms - 124[39m
[35m[HTTP][39m [90m[39m
[35m[HTTP][39m [37m-->[39m [37mGET[39m [37m/wd/hub/session/89355026-ff86-40fd-8a1e-bace0268f193[39m
[35m[HTTP][39m [90m{}[39m
[35m[HTTP][39m [37m<-- GET /wd/hub/session/89355026-ff86-40fd-8a1e-bace0268f193 [39m[32m200[39m [90m31 ms - 1213[39m
[35m[HTTP][39m [90m[39m
[35m[HTTP][39m [37m-->[39m [37mGET[39m [37m/wd/hub/session/89355026-ff86-40fd-8a1e-bace0268f193[39m
[35m[HTTP][39m [90m{}[39m
[35m[HTTP][39m [37m<-- GET /wd/hub/session/89355026-ff86-40fd-8a1e-bace0268f193 [39m[32m200[39m [90m26 ms - 1213[39m
[35m[HTTP][39m [90m[39m
[35m[HTTP][39m [37m-->[39m [37mGET[39m [37m/wd/hub/session/89355026-ff86-40fd-8a1e-bace0268f193[39m
[35m[HTTP][39m [90m{}[39m
[35m[HTTP][39m [37m<-- GET /wd/hub/session/89355026-ff86-40fd-8a1e-bace0268f193 [39m[32m200[39m [90m21 ms - 1213[39m
[35m[HTTP][39m [90m[39m
[35m[HTTP][39m [37m-->[39m [37mGET[39m [37m/wd/hub/session/89355026-ff86-40fd-8a1e-bace0268f193[39m
[35m[HTTP][39m [90m{}[39m
[35m[HTTP][39m [37m<-- GET /wd/hub/session/89355026-ff86-40fd-8a1e-bace0268f193 [39m[32m200[39m [90m21 ms - 1213[39m
[35m[HTTP][39m [90m[39m
[35m[HTTP][39m [37m-->[39m [37mGET[39m [37m/wd/hub/session/89355026-ff86-40fd-8a1e-bace0268f193/element/df2e5898-18c8-48b0-b8e3-68fa620cdac9/location[39m
[35m[HTTP][39m [90m{}[39m
[35m[W3C][39m Driver proxy active, passing request on via HTTP proxy
[35m[JSONWP Proxy][39m Replacing sessionId ca2d9b79-fe7d-46c2-b266-770edb371303 with 89355026-ff86-40fd-8a1e-bace0268f193
[35m[HTTP][39m [37m<-- GET /wd/hub/session/89355026-ff86-40fd-8a1e-bace0268f193/element/df2e5898-18c8-48b0-b8e3-68fa620cdac9/location [39m[32m200[39m [90m41 ms - 88[39m
[35m[HTTP][39m [90m[39m
[35m[HTTP][39m [37m-->[39m [37mPOST[39m [37m/wd/hub/session/89355026-ff86-40fd-8a1e-bace0268f193/touch/perform[39m
[35m[HTTP][39m [90m{"actions":[{"action":"tap","options":{"element":"df2e5898-18c8-48b0-b8e3-68fa620cdac9","x":1,"y":1}}]}[39m
[35m[UiAutomator2][39m calling get location: df2e5898-18c8-48b0-b8e3-68fa620cdac9
[35m[HTTP][39m [37m<-- POST /wd/hub/session/89355026-ff86-40fd-8a1e-bace0268f193/touch/perform [39m[32m200[39m [90m1308 ms - 76[39m
[35m[HTTP][39m [90m[39m
[35m[HTTP][39m [37m-->[39m [37mGET[39m [37m/wd/hub/session/89355026-ff86-40fd-8a1e-bace0268f193/context[39m
[35m[HTTP][39m [90m{}[39m
[35m[HTTP][39m [37m<-- GET /wd/hub/session/89355026-ff86-40fd-8a1e-bace0268f193/context [39m[32m200[39m [90m6 ms - 84[39m
[35m[HTTP][39m [90m[39m
[35m[HTTP][39m [37m-->[39m [37mGET[39m [37m/wd/hub/session/89355026-ff86-40fd-8a1e-bace0268f193/contexts[39m
[35m[HTTP][39m [90m{}[39m
[35m[HTTP][39m [37m<-- GET /wd/hub/session/89355026-ff86-40fd-8a1e-bace0268f193/contexts [39m[32m200[39m [90m69 ms - 86[39m
[35m[HTTP][39m [90m[39m
[35m[HTTP][39m [37m-->[39m [37mPOST[39m [37m/wd/hub/session/89355026-ff86-40fd-8a1e-bace0268f193/context[39m
[35m[HTTP][39m [90m{"name":"NATIVE_APP"}[39m
[35m[HTTP][39m [37m<-- POST /wd/hub/session/89355026-ff86-40fd-8a1e-bace0268f193/context [39m[32m200[39m [90m54 ms - 76[39m
[35m[HTTP][39m [90m[39m
[35m[HTTP][39m [37m-->[39m [37mPOST[39m [37m/wd/hub/session/89355026-ff86-40fd-8a1e-bace0268f193/appium/device/press_keycode[39m
[35m[HTTP][39m [90m{"keycode":4}[39m
[35m[HTTP][39m [37m<-- POST /wd/hub/session/89355026-ff86-40fd-8a1e-bace0268f193/appium/device/press_keycode [39m[32m200[39m [90m59 ms - 76[39m
[35m[HTTP][39m [90m[39m
[35m[HTTP][39m [37m-->[39m [37mPOST[39m [37m/wd/hub/session/89355026-ff86-40fd-8a1e-bace0268f193/context[39m
[35m[HTTP][39m [90m{"name":"NATIVE_APP"}[39m
[35m[HTTP][39m [37m<-- POST /wd/hub/session/89355026-ff86-40fd-8a1e-bace0268f193/context [39m[32m200[39m [90m70 ms - 76[39m
[35m[HTTP][39m [90m[39m
[35m[HTTP][39m [37m-->[39m [37mDELETE[39m [37m/wd/hub/session/89355026-ff86-40fd-8a1e-bace0268f193[39m
[35m[HTTP][39m [90m{}[39m
[35m[Appium][39m Removing session 89355026-ff86-40fd-8a1e-bace0268f193 from our master session list
[35m[ADB][39m io.appium.android.apis was successfully uninstalled
[35m[HTTP][39m [37m<-- DELETE /wd/hub/session/89355026-ff86-40fd-8a1e-bace0268f193 [39m[32m200[39m [90m3257 ms - 76[39m
[35m[HTTP][39m [90m[39m
